#
# A fatal error has been detected by the Java Runtime Environment:
#
#  SIGSEGV (0xb) at pc=0x00007f3549609000, pid=8017, tid=0x00007f34be90d700
#
# JRE version: Java(TM) SE Runtime Environment (8.0_221-b11) (build 1.8.0_221-b11)
# Java VM: Java HotSpot(TM) 64-Bit Server VM (25.221-b11 mixed mode linux-amd64 compressed oops)
# Problematic frame:
# C  [libjdwp.so+0x29000]  jvmtiDeallocate+0x20
#
# Failed to write core dump. Core dumps have been disabled. To enable core dumping, try "ulimit -c unlimited" before starting Java again
#
# If you would like to submit a bug report, please visit:
#   http://bugreport.java.com/bugreport/crash.jsp
# The crash happened outside the Java Virtual Machine in native code.
# See problematic frame for where to report the bug.
#

---------------  T H R E A D  ---------------

Current thread (0x00007f34d95a1800):  JavaThread "http-nio-8080-exec-5" daemon [_thread_in_native, id=8122, stack(0x00007f34be80d000,0x00007f34be90e000)]

siginfo: si_signo: 11 (SIGSEGV), si_code: 1 (SEGV_MAPERR), si_addr: 0x0000000000000000

Registers:
RAX=0x00007f354981a760, RBX=0x00007f354960f690, RCX=0x0000000000000000, RDX=0x0000000000000000
RSP=0x00007f34be90a280, RBP=0x00007f34be90a290, RSI=0x00007f34dc0ee820, RDI=0x0000000000000000
R8 =0x00007f34d95a1800, R9 =0x0000000000000000, R10=0x0000000000000000, R11=0x0000000000000286
R12=0x00007f34dc0ee820, R13=0x0000000000000001, R14=0x0000000000000000, R15=0x00007f34c4004c98
RIP=0x00007f3549609000, EFLAGS=0x0000000000010202, CSGSFS=0x002b000000000033, ERR=0x0000000000000004
  TRAPNO=0x000000000000000e

Top of Stack: (sp=0x00007f34be90a280)
0x00007f34be90a280:   00007f354960f690 00007f34dc0ee820
0x00007f34be90a290:   00007f34be90a2c0 00007f35495f890f
0x00007f34be90a2a0:   00007f34c4004c90 0000000000000000
0x00007f34be90a2b0:   00007f34c4004a00 00007f350c006708
0x00007f34be90a2c0:   00007f34be90a320 00007f35495f46b3
0x00007f34be90a2d0:   00007f354419ec40 00000002d95a1800
0x00007f34be90a2e0:   00007f354981af00 00007f34d95a19f8
0x00007f34be90a2f0:   00007f34be90a310 00007f34be90a3e0
0x00007f34be90a300:   00000000000000a8 00007f354981af00
0x00007f34be90a310:   00007f34d95a19f8 0000000000000002
0x00007f34be90a320:   00007f34be90a3c0 00007f35495f498a
0x00007f34be90a330:   00000000000000a8 00007f34c4001d30
0x00007f34be90a340:   00007f34d95a1800 0000000000000000
0x00007f34be90a350:   00007f3400000000 00007f34c4004c90
0x00007f34be90a360:   0000000000000000 00007f34c4004c98
0x00007f34be90a370:   00007f34c4001d30 00007f350c006708
0x00007f34be90a380:   00000000000000a8 00007f354400d5c0
0x00007f34be90a390:   00007f34be90a3c0 00007f354981af00
0x00007f34be90a3a0:   00007f350c006708 00007f34c4004c90
0x00007f34be90a3b0:   00000000000000a8 00007f354400d5c0
0x00007f34be90a3c0:   00007f34be90a460 00007f35495f77f8
0x00007f34be90a3d0:   00007f34be90a3e0 00007f34d95a19f8
0x00007f34be90a3e0:   0000000000000002 00007f34c4004c90
0x00007f34be90a3f0:   00007f34c4004c98 00007f350c006708
0x00007f34be90a400:   00000000000000a8 0000000000000000
0x00007f34be90a410:   0000000000000000 0000000000000000
0x00007f34be90a420:   0000000000000000 0000000000000000
0x00007f34be90a430:   00007f34be90a460 00007f34d95a1800
0x00007f34be90a440:   00007f352165c6b8 00007f34be90a500
0x00007f34be90a450:   00007f34c40019e0 00007f34be90a580
0x00007f34be90a460:   00007f34be90a620 00007f354a6261d5
0x00007f34be90a470:   0000000000000000 00007f34be90a540 

Instructions: (pc=0x00007f3549609000)
0x00007f3549608fe0:   48 85 ff 0f 84 9f 00 00 00 48 8d 05 10 1f 21 00
0x00007f3549608ff0:   55 48 89 fe 48 89 e5 41 54 53 48 8b 00 48 8b 38
0x00007f3549609000:   48 8b 07 ff 90 70 01 00 00 85 c0 89 c3 75 11 48
0x00007f3549609010:   8d 65 f0 5b 41 5c 5d c3 0f 1f 84 00 00 00 00 00 

Register to memory mapping:

RAX=0x00007f354981a760: <offset 0x23a760> in /home/wmfsystem/App/jdk/jre/lib/amd64/libjdwp.so at 0x00007f35495e0000
RBX=0x00007f354960f690: <offset 0x2f690> in /home/wmfsystem/App/jdk/jre/lib/amd64/libjdwp.so at 0x00007f35495e0000
RCX=0x0000000000000000 is an unknown value
RDX=0x0000000000000000 is an unknown value
RSP=0x00007f34be90a280 is pointing into the stack for thread: 0x00007f34d95a1800
RBP=0x00007f34be90a290 is pointing into the stack for thread: 0x00007f34d95a1800
RSI=0x00007f34dc0ee820 is an unknown value
RDI=0x0000000000000000 is an unknown value
R8 =0x00007f34d95a1800 is a thread
R9 =0x0000000000000000 is an unknown value
R10=0x0000000000000000 is an unknown value
R11=0x0000000000000286 is an unknown value
R12=0x00007f34dc0ee820 is an unknown value
R13=0x0000000000000001 is an unknown value
R14=0x0000000000000000 is an unknown value
R15=0x00007f34c4004c98 is an unknown value


Stack: [0x00007f34be80d000,0x00007f34be90e000],  sp=0x00007f34be90a280,  free space=1012k
Native frames: (J=compiled Java code, j=interpreted, Vv=VM code, C=native code)
C  [libjdwp.so+0x29000]  jvmtiDeallocate+0x20
C  [libjdwp.so+0x1890f]  enqueueCommand+0x15f
C  [libjdwp.so+0x146b3]  reportEvents.part.2+0x1b3
C  [libjdwp.so+0x1498a]  event_callback+0x1da
C  [libjdwp.so+0x177f8]  cbBreakpoint+0xc8
V  [libjvm.so+0x7721d5]