#
# A fatal error has been detected by the Java Runtime Environment:
#
#  SIGSEGV (0xb) at pc=0x00007f38de7d8bc2, pid=12633, tid=0x00007f3880114700
#
# JRE version: Java(TM) SE Runtime Environment (8.0_181-b13) (build 1.8.0_181-b13)
# Java VM: Java HotSpot(TM) 64-Bit Server VM (25.181-b13 mixed mode linux-amd64 compressed oops)
# Problematic frame:
# C  [libzip.so+0x12bc2]  ZIP_GetEntry2+0x82
#
# Failed to write core dump. Core dumps have been disabled. To enable core dumping, try "ulimit -c unlimited" before starting Java again
#
# If you would like to submit a bug report, please visit:
#   http://bugreport.java.com/bugreport/crash.jsp
# The crash happened outside the Java Virtual Machine in native code.
# See problematic frame for where to report the bug.
#

---------------  T H R E A D  ---------------

Current thread (0x00007f38740a3800):  JavaThread "SwingWorker-pool-2-thread-1" daemon [_thread_in_native, id=12684, stack(0x00007f3880014000,0x00007f3880115000)]

siginfo: si_signo: 11 (SIGSEGV), si_code: 1 (SEGV_MAPERR), si_addr: 0x0000000000000010

Registers:
RAX=0x0000000000000000, RBX=0x00007f3880110c60, RCX=0x00007f38e681a320, RDX=0x0000000000000004
RSP=0x00007f3880110bf0, RBP=0x00007f3880110c40, RSI=0x0000000000000001, RDI=0x00000000000000e1
R8 =0x00007f3880110c60, R9 =0x0000000000000018, R10=0x00007f38cf93f918, R11=0x0000000000000005
R12=0x0000000000000018, R13=0x00007f38e01a0b60, R14=0x000000002ebbbf5a, R15=0x0000000000000018
RIP=0x00007f38de7d8bc2, EFLAGS=0x0000000000010246, CSGSFS=0x002b000000000033, ERR=0x0000000000000004
  TRAPNO=0x000000000000000e

Top of Stack: (sp=0x00007f3880110bf0)
0x00007f3880110bf0:   00007f38740a3800 0100000000000b10
0x00007f3880110c00:   00007f3880110c60 0000000000000007
0x00007f3880110c10:   00007f3880110c40 00007f3880110c60
0x00007f3880110c20:   0000000000000018 00007f38740a39f8
0x00007f3880110c30:   00007f38801110b8 0000000000000001
0x00007f3880110c40:   00007f38801110a0 00007f38de7c9e90
0x00007f3880110c50:   0000000000000000 00007f38e01a0b60
0x00007f3880110c60:   2f73746c75736572 6c757365526e7546
0x00007f3880110c70:   7373616c632e7374 0000000000000b00
0x00007f3880110c80:   00007f3860000020 0000000000000b10
0x00007f3880110c90:   000000000000000a 0000000000000000
0x00007f3880110ca0:   00007f3880111b80 00007f38e5e8c2ed
0x00007f3880110cb0:   00007f3880110cd0 0000000000000058
0x00007f3880110cc0:   00007f3880110d10 00007f38e5d8bfe4
0x00007f3880110cd0:   00007f3880110d10 00007f38e571a835
0x00007f3880110ce0:   0000000600000000 00007f386024f750
0x00007f3880110cf0:   00007f3880111b80 00007f386024f750
0x00007f3880110d00:   00007f3880111b80 000000000000000a
0x00007f3880110d10:   00007f3880111c50 00007f38e53052a8
0x00007f3880110d20:   00007f3880112000 00007f38cf9917dc
0x00007f3880110d30:   00007f38cf990bd0 00007f3800000000
0x00007f3880110d40:   00007f3880112180 00007f3880112000
0x00007f3880110d50:   00007f3880112000 00007f38cf9917dc
0x00007f3880110d60:   00007f38cf990bd0 00007f3800000000
0x00007f3880110d70:   00007f3880112180 00007f3880112000
0x00007f3880110d80:   00007f3880111f30 00007f38cffff198
0x00007f3880110d90:   00007f38cfffe790 00007f3800000000
0x00007f3880110da0:   00000000d8a4ede0 00007f3880111f30
0x00007f3880110db0:   0000000000000000 00007f3880111af0
0x00007f3880110dc0:   00007f3880110ea0 00007f3880111a90
0x00007f3880110dd0:   00007f3880111460 00007f3880111a20
0x00007f3880110de0:   00007f3880111b50 00007f38e5d8d4e0 

Instructions: (pc=0x00007f38de7d8bc2)
0x00007f38de7d8ba2:   8b 7d 78 85 ff 0f 84 31 01 00 00 44 89 f0 31 d2
0x00007f38de7d8bb2:   41 f7 b5 88 00 00 00 49 8b 85 80 00 00 00 89 d2
0x00007f38de7d8bc2:   8b 1c 90 41 8d 47 01 48 8b 55 c0 48 98 48 03 45
0x00007f38de7d8bd2:   c0 48 89 45 c8 49 63 c7 48 8d 44 02 ff 48 89 45 

Register to memory mapping:

RAX=0x0000000000000000 is an unknown value
RBX=0x00007f3880110c60 is pointing into the stack for thread: 0x00007f38740a3800
RCX=0x00007f38e681a320: <offset 0x21a320> in /lib/x86_64-linux-gnu/libpthread.so.0 at 0x00007f38e6600000
RDX=0x0000000000000004 is an unknown value
RSP=0x00007f3880110bf0 is pointing into the stack for thread: 0x00007f38740a3800
RBP=0x00007f3880110c40 is pointing into the stack for thread: 0x00007f38740a3800
RSI=0x0000000000000001 is an unknown value
RDI=0x00000000000000e1 is an unknown value
R8 =0x00007f3880110c60 is pointing into the stack for thread: 0x00007f38740a3800
R9 =0x0000000000000018 is an unknown value
R10=0x00007f38cf93f918 is at entry_point+88 in (nmethod*)0x00007f38cf93f750
R11=0x0000000000000005 is an unknown value
R12=0x0000000000000018 is an unknown value
R13=0x00007f38e01a0b60 is an unknown value
R14=0x000000002ebbbf5a is an unknown value
R15=0x0000000000000018 is an unknown value


Stack: [0x00007f3880014000,0x00007f3880115000],  sp=0x00007f3880110bf0,  free space=1010k
Native frames: (J=compiled Java code, j=interpreted, Vv=VM code, C=native code)
C  [libzip.so+0x12bc2]  ZIP_GetEntry2+0x82
C  [libzip.so+0x3e90]  Java_java_util_zip_ZipFile_getEntry+0xf0
J 256  java.util.zip.ZipFile.getEntry(J[BZ)J (0 bytes) @ 0x00007f38cf93f98e [0x00007f38cf93f8c0+0xce]
J 872 C2 sun.misc.URLClassPath$JarLoader.getResource(Ljava/lang/String;Z)Lsun/misc/Resource; (85 bytes) @ 0x00007f38cfb3c430 [0x00007f38cfb3bf20+0x510]
J 1980 C2 sun.misc.URLClassPath.getResource(Ljava/lang/String;Z)Lsun/misc/Resource; (83 bytes) @ 0x00007f38cfe61768 [0x00007f38cfe61260+0x508]
J 1037 C1 java.net.URLClassLoader$1.run()Ljava/lang/Class; (63 bytes) @ 0x00007f38cfb520bc [0x00007f38cfb51ea0+0x21c]
J 4382 C1 java.net.URLClassLoader$1.run()Ljava/lang/Object; (5 bytes) @ 0x00007f38d02efd44 [0x00007f38d02efcc0+0x84]
v  ~StubRoutines::call_stub
V  [libjvm.so+0x697a76]  JavaCalls::call_helper(JavaValue*, methodHandle*, JavaCallArguments*, Thread*)+0x1056
V  [libjvm.so+0x73107c]  JVM_DoPrivileged+0x27c
J 348  java.security.AccessController.doPrivileged(Ljava/security/PrivilegedExceptionAction;Ljava/security/AccessControlContext;)Ljava/lang/Object; (0 bytes) @ 0x00007f38cf98f815 [0x00007f38cf98f740+0xd5]
J 2960 C2 java.net.URLClassLoader.findClass(Ljava/lang/String;)Ljava/lang/Class; (47 bytes) @ 0x00007f38d00720b8 [0x00007f38d0072020+0x98]
j  java.lang.ClassLoader.loadClass(Ljava/lang/String;Z)Ljava/lang/Class;+70
J 354 C1 sun.misc.Launcher$AppClassLoader.loadClass(Ljava/lang/String;Z)Ljava/lang/Class; (85 bytes) @ 0x00007f38cf9917dc [0x00007f38cf990e20+0x9bc]
J 347 C1 java.lang.ClassLoader.loadClass(Ljava/lang/String;)Ljava/lang/Class; (7 bytes) @ 0x00007f38cf98f41c [0x00007f38cf98f300+0x11c]
v  ~StubRoutines::call_stub
V  [libjvm.so+0x697a76]  JavaCalls::call_helper(JavaValue*, methodHandle*, JavaCallArguments*, Thread*)+0x1056
V  [libjvm.so+0x697f81]  JavaCalls::call_virtual(JavaValue*, KlassHandle, Symbol*, Symbol*, JavaCallArguments*, Thread*)+0x321
V  [libjvm.so+0x6983d6]  JavaCalls::call_virtual(JavaValue*, Handle, KlassHandle, Symbol*, Symbol*, Handle, Thread*)+0x56
V  [libjvm.so+0xa47760]  SystemDictionary::load_instance_class(Symbol*, Handle, Thread*)+0x3f0
V  [libjvm.so+0xa466ac]  SystemDictionary::resolve_instance_class_or_null(Symbol*, Handle, Handle, Thread*)+0x78c
V  [libjvm.so+0xa47b83]  SystemDictionary::resolve_or_fail(Symbol*, Handle, Handle, bool, Thread*)+0x33
V  [libjvm.so+0x4f92e8]  ConstantPool::klass_at_impl(constantPoolHandle, int, Thread*)+0x158
V  [libjvm.so+0x68bf41]  InterpreterRuntime::_new(JavaThread*, ConstantPool*, int)+0x71
j  jmetal4.database.Result.getObjectives(Ljava/util/List;Lresults/Execution;Lresults/Experiment;)Ljava/util/List;+49
j  jmetal4.experiments.NSGAII_OPLA_FeatMut.execute()V+692
j  jmetal4.experiments.NSGAII_OPLA_FeatMutInitializer.run()V+25
j  br.ufpr.dinf.gres.opla.oldgui.algorithms.NSGAII.execute(Ljava/lang/String;Ljava/lang/Boolean;Ljava/lang/Double;Ljava/lang/String;Ljava/lang/Integer;Ljava/lang/Integer;Ljava/lang/Integer;Ljava/lang/Boolean;Ljava/lang/Double;Ljava/lang/Boolean;Ljava/lang/Integer;Llearning/ClusteringAlgorithm;Llearning/Moment;Ljmetal4/interactive/InteractiveFunction;)V+382
j  br.ufpr.dinf.gres.opla.oldgui.algorithms.NSGAII.execute(Ljavax/swing/JComboBox;Ljavax/swing/JCheckBox;Ljavax/swing/JSlider;Ljavax/swing/JTextField;Ljavax/swing/JTextField;Ljavax/swing/JTextField;Ljavax/swing/JTextField;Ljavax/swing/JCheckBox;Ljavax/swing/JSlider;Ljavax/swing/JTextField;Ljavax/swing/JCheckBox;Ljavax/swing/JTextField;Ljavax/swing/JComboBox;Ljavax/swing/JComboBox;Ljmetal4/interactive/InteractiveFunction;)V+140
j  br.ufpr.dinf.gres.opla.view.Principal.executeNSGAII()V+71
j  br.ufpr.dinf.gres.opla.view.Principal.access$6100(Lbr/ufpr/dinf/gres/opla/view/Principal;)V+1
j  br.ufpr.dinf.gres.opla.view.Principal$59.doInBackground()Ljava/lang/Object;+76
j  javax.swing.SwingWorker$1.call()Ljava/lang/Object;+14
j  java.util.concurrent.FutureTask.run$$$capture()V+42
j  java.util.concurrent.FutureTask.run()V+5
j  javax.swing.SwingWorker.run()V+4
j  java.util.concurrent.ThreadPoolExecutor.runWorker(Ljava/util/concurrent/ThreadPoolExecutor$Worker;)V+95
j  java.util.concurrent.ThreadPoolExecutor$Worker.run()V+5
j  java.lang.Thread.run()V+11
v  ~StubRoutines::call_stub
V  [libjvm.so+0x697a76]  JavaCalls::call_helper(JavaValue*, methodHandle*, JavaCallArguments*, Thread*)+0x1056
V  [libjvm.so+0x697f81]  JavaCalls::call_virtual(JavaValue*, KlassHandle, Symbol*, Symbol*, JavaCallArguments*, Thread*)+0x321
V  [libjvm.so+0x698427]  JavaCalls::call_virtual(JavaValue*, Handle, KlassHandle, Symbol*, Symbol*, Thread*)+0x47
V  [libjvm.so+0x71789e]  thread_entry(JavaThread*, Thread*)+0x7e
V  [libjvm.so+0xa813f3]  JavaThread::thread_main_inner()+0x103
V  [libjvm.so+0xa8153c]  JavaThread::run()+0x11c
V  [libjvm.so+0x930198]  java_start(Thread*)+0x108
C  [libpthread.so.0+0x76db]  start_thread+0xdb

Java frames: (J=compiled Java code, j=interpreted, Vv=VM code)
J 256  java.util.zip.ZipFile.getEntry(J[BZ)J (0 bytes) @ 0x00007f38cf93f918 [0x00007f38cf93f8c0+0x58]
J 872 C2 sun.misc.URLClassPath$JarLoader.getResource(Ljava/lang/String;Z)Lsun/misc/Resource; (85 bytes) @ 0x00007f38cfb3c430 [0x00007f38cfb3bf20+0x510]
J 1980 C2 sun.misc.URLClassPath.getResource(Ljava/lang/String;Z)Lsun/misc/Resource; (83 bytes) @ 0x00007f38cfe61768 [0x00007f38cfe61260+0x508]
J 1037 C1 java.net.URLClassLoader$1.run()Ljava/lang/Class; (63 bytes) @ 0x00007f38cfb520bc [0x00007f38cfb51ea0+0x21c]
J 4382 C1 java.net.URLClassLoader$1.run()Ljava/lang/Object; (5 bytes) @ 0x00007f38d02efd44 [0x00007f38d02efcc0+0x84]
v  ~StubRoutines::call_stub
J 348  java.security.AccessController.doPrivileged(Ljava/security/PrivilegedExceptionAction;Ljava/security/AccessControlContext;)Ljava/lang/Object; (0 bytes) @ 0x00007f38cf98f7a3 [0x00007f38cf98f740+0x63]
J 2960 C2 java.net.URLClassLoader.findClass(Ljava/lang/String;)Ljava/lang/Class; (47 bytes) @ 0x00007f38d00720b8 [0x00007f38d0072020+0x98]
j  java.lang.ClassLoader.loadClass(Ljava/lang/String;Z)Ljava/lang/Class;+70
J 354 C1 sun.misc.Launcher$AppClassLoader.loadClass(Ljava/lang/String;Z)Ljava/lang/Class; (85 bytes) @ 0x00007f38cf9917dc [0x00007f38cf990e20+0x9bc]
J 347 C1 java.lang.ClassLoader.loadClass(Ljava/lang/String;)Ljava/lang/Class; (7 bytes) @ 0x00007f38cf98f41c [0x00007f38cf98f300+0x11c]
v  ~StubRoutines::call_stub
j  jmetal4.database.Result.getObjectives(Ljava/util/List;Lresults/Execution;Lresults/Experiment;)Ljava/util/List;+49
j  jmetal4.experiments.NSGAII_OPLA_FeatMut.execute()V+692
j  jmetal4.experiments.NSGAII_OPLA_FeatMutInitializer.run()V+25
j  br.ufpr.dinf.gres.opla.oldgui.algorithms.NSGAII.execute(Ljava/lang/String;Ljava/lang/Boolean;Ljava/lang/Double;Ljava/lang/String;Ljava/lang/Integer;Ljava/lang/Integer;Ljava/lang/Integer;Ljava/lang/Boolean;Ljava/lang/Double;Ljava/lang/Boolean;Ljava/lang/Integer;Llearning/ClusteringAlgorithm;Llearning/Moment;Ljmetal4/interactive/InteractiveFunction;)V+382
j  br.ufpr.dinf.gres.opla.oldgui.algorithms.NSGAII.execute(Ljavax/swing/JComboBox;Ljavax/swing/JCheckBox;Ljavax/swing/JSlider;Ljavax/swing/JTextField;Ljavax/swing/JTextField;Ljavax/swing/JTextField;Ljavax/swing/JTextField;Ljavax/swing/JCheckBox;Ljavax/swing/JSlider;Ljavax/swing/JTextField;Ljavax/swing/JCheckBox;Ljavax/swing/JTextField;Ljavax/swing/JComboBox;Ljavax/swing/JComboBox;Ljmetal4/interactive/InteractiveFunction;)V+140
j  br.ufpr.dinf.gres.opla.view.Principal.executeNSGAII()V+71
j  br.ufpr.dinf.gres.opla.view.Principal.access$6100(Lbr/ufpr/dinf/gres/opla/view/Principal;)V+1
j  br.ufpr.dinf.gres.opla.view.Principal$59.doInBackground()Ljava/lang/Object;+76
j  javax.swing.SwingWorker$1.call()Ljava/lang/Object;+14
j  java.util.concurrent.FutureTask.run$$$capture()V+42
j  java.util.concurrent.FutureTask.run()V+5
j  javax.swing.SwingWorker.run()V+4
j  java.util.concurrent.ThreadPoolExecutor.runWorker(Ljava/util/concurrent/ThreadPoolExecutor$Worker;)V+95
j  java.util.concurrent.ThreadPoolExecutor$Worker.run()V+5
j  java.lang.Thread.run()V+11
v  ~StubRoutines::call_stub

---------------  P R O C E S S  ---------------

Java Threads: ( => current thread )
=>0x00007f38740a3800 JavaThread "SwingWorker-pool-2-thread-1" daemon [_thread_in_native, id=12684, stack(0x00007f3880014000,0x00007f3880115000)]
  0x00007f38e0014800 JavaThread "DestroyJavaVM" [_thread_blocked, id=12634, stack(0x00007f38e691c000,0x00007f38e6a1c000)]
  0x00007f38e0d89800 JavaThread "pool-1-thread-1" [_thread_blocked, id=12678, stack(0x00007f388c053000,0x00007f388c154000)]
  0x00007f38e083b800 JavaThread "TimerQueue" daemon [_thread_blocked, id=12673, stack(0x00007f388cfed000,0x00007f388d0ee000)]
  0x00007f38e0822000 JavaThread "AWT-EventQueue-0" [_thread_in_native, id=12672, stack(0x00007f388d0ee000,0x00007f388d1ef000)]
  0x00007f38e0821000 JavaThread "AWT-Shutdown" [_thread_blocked, id=12671, stack(0x00007f388d1ef000,0x00007f388d2f0000)]
  0x00007f38e07f1000 JavaThread "AWT-XAWT" daemon [_thread_blocked, id=12668, stack(0x00007f388d532000,0x00007f388d633000)]
  0x00007f38e0716800 JavaThread "Java2D Disposer" daemon [_thread_blocked, id=12665, stack(0x00007f388e091000,0x00007f388e192000)]
  0x00007f38e05c6000 JavaThread "Service Thread" daemon [_thread_blocked, id=12663, stack(0x00007f38bc09e000,0x00007f38bc19f000)]
  0x00007f38e05c2000 JavaThread "C1 CompilerThread2" daemon [_thread_blocked, id=12662, stack(0x00007f38bc1a0000,0x00007f38bc2a0000)]
  0x00007f38e05c0000 JavaThread "C2 CompilerThread1" daemon [_thread_blocked, id=12661, stack(0x00007f38cc05e000,0x00007f38cc15e000)]
  0x00007f38e05b9800 JavaThread "C2 CompilerThread0" daemon [_thread_blocked, id=12660, stack(0x00007f38cc15f000,0x00007f38cc25f000)]
  0x00007f38e019a000 JavaThread "JDWP Event Helper Thread" daemon [_thread_blocked, id=12657, stack(0x00007f38cc5d4000,0x00007f38cc6d5000)]
  0x00007f38e0188000 JavaThread "Signal Dispatcher" daemon [_thread_blocked, id=12653, stack(0x00007f38cc9da000,0x00007f38ccadb000)]
  0x00007f38e0156000 JavaThread "Finalizer" daemon [_thread_blocked, id=12648, stack(0x00007f38ccadb000,0x00007f38ccbdc000)]
  0x00007f38e0153800 JavaThread "Reference Handler" daemon [_thread_blocked, id=12646, stack(0x00007f38ccbdc000,0x00007f38cccdd000)]

Other Threads:
  0x00007f38e0149800 VMThread [stack: 0x00007f38cccde000,0x00007f38ccdde000] [id=12645]
  0x00007f38e05cb000 WatcherThread [stack: 0x00007f388ff00000,0x00007f3890000000] [id=12664]

VM state:not at safepoint (normal execution)

VM Mutex/Monitor currently owned by a thread: None

Heap:
 PSYoungGen      total 248832K, used 31810K [0x00000000d7180000, 0x00000000eeb00000, 0x0000000100000000)
  eden space 232960K, 13% used [0x00000000d7180000,0x00000000d9090a90,0x00000000e5500000)
  from space 15872K, 0% used [0x00000000e5500000,0x00000000e5500000,0x00000000e6480000)
  to   space 15360K, 0% used [0x00000000edc00000,0x00000000edc00000,0x00000000eeb00000)
 ParOldGen       total 107008K, used 26362K [0x0000000085400000, 0x000000008bc80000, 0x00000000d7180000)
  object space 107008K, 24% used [0x0000000085400000,0x0000000086dbe8f0,0x000000008bc80000)
 Metaspace       used 58075K, capacity 63339K, committed 63488K, reserved 1103872K
  class space    used 7307K, capacity 8404K, committed 8448K, reserved 1048576K

Card table byte_map: [0x00007f38cf02f000,0x00007f38cf406000] byte_map_base: 0x00007f38cec05000

Marking Bits: (ParMarkBitMap*) 0x00007f38e5dc80a0
 Begin Bits: [0x00007f38bc2a0000, 0x00007f38be150000)
 End Bits:   [0x00007f38be150000, 0x00007f38c0000000)

Polling page: 0x00007f38e6a45000

CodeCache: size=245760Kb used=18482Kb max_used=18679Kb free=227277Kb
 bounds [0x00007f38cf7c6000, 0x00007f38d0a96000, 0x00007f38de7c6000]
 total_blobs=6089 nmethods=5344 adapters=661
 compilation: enabled

Compilation events (10 events):
Event: 236,892 Thread 0x00007f38e05c2000 6365       3       java.io.OutputStreamWriter::write (11 bytes)
Event: 236,893 Thread 0x00007f38e05c2000 nmethod 6365 0x00007f38cfbd6790 code [0x00007f38cfbd6900, 0x00007f38cfbd6ac8]
Event: 236,896 Thread 0x00007f38e05c2000 6366       3       sun.nio.cs.UTF_8::access$200 (8 bytes)
Event: 236,897 Thread 0x00007f38e05c2000 nmethod 6366 0x00007f38cf9bb750 code [0x00007f38cf9bb900, 0x00007f38cf9bbd98]
Event: 236,898 Thread 0x00007f38e05c2000 6367       3       sun.nio.cs.UTF_8::updatePositions (23 bytes)
Event: 236,898 Thread 0x00007f38e05c2000 nmethod 6367 0x00007f38d08bf690 code [0x00007f38d08bf820, 0x00007f38d08bfc58]
Event: 236,899 Thread 0x00007f38e05c2000 6369       3       javax.swing.text.GapContent::findSortIndex (128 bytes)
Event: 236,903 Thread 0x00007f38e05c2000 nmethod 6369 0x00007f38d08d69d0 code [0x00007f38d08d6bc0, 0x00007f38d08d76f8]
Event: 236,909 Thread 0x00007f38e05c2000 6368       3       java.nio.CharBuffer::array (35 bytes)
Event: 236,910 Thread 0x00007f38e05c2000 nmethod 6368 0x00007f38cfc68c50 code [0x00007f38cfc68de0, 0x00007f38cfc690f8]

GC Heap History (10 events):
Event: 27,957 GC heap before
{Heap before GC invocations=14 (full 2):
 PSYoungGen      total 131584K, used 129383K [0x00000000d7180000, 0x00000000e2a80000, 0x0000000100000000)
  eden space 121344K, 100% used [0x00000000d7180000,0x00000000de800000,0x00000000de800000)
  from space 10240K, 78% used [0x00000000de800000,0x00000000defd9ec0,0x00000000df200000)
  to   space 10752K, 0% used [0x00000000e2000000,0x00000000e2000000,0x00000000e2a80000)
 ParOldGen       total 81920K, used 19132K [0x0000000085400000, 0x000000008a400000, 0x00000000d7180000)
  object space 81920K, 23% used [0x0000000085400000,0x00000000866af328,0x000000008a400000)
 Metaspace       used 49800K, capacity 50498K, committed 50560K, reserved 1093632K
  class space    used 6103K, capacity 6263K, committed 6272K, reserved 1048576K
Event: 27,988 GC heap after
Heap after GC invocations=14 (full 2):
 PSYoungGen      total 178176K, used 8807K [0x00000000d7180000, 0x00000000e2e80000, 0x0000000100000000)
  eden space 167424K, 0% used [0x00000000d7180000,0x00000000d7180000,0x00000000e1500000)
  from space 10752K, 81% used [0x00000000e2000000,0x00000000e2899ec0,0x00000000e2a80000)
  to   space 11264K, 0% used [0x00000000e1500000,0x00000000e1500000,0x00000000e2000000)
 ParOldGen       total 81920K, used 19140K [0x0000000085400000, 0x000000008a400000, 0x00000000d7180000)
  object space 81920K, 23% used [0x0000000085400000,0x00000000866b1328,0x000000008a400000)
 Metaspace       used 49800K, capacity 50498K, committed 50560K, reserved 1093632K
  class space    used 6103K, capacity 6263K, committed 6272K, reserved 1048576K
}
Event: 28,339 GC heap before
{Heap before GC invocations=15 (full 2):
 PSYoungGen      total 178176K, used 176231K [0x00000000d7180000, 0x00000000e2e80000, 0x0000000100000000)
  eden space 167424K, 100% used [0x00000000d7180000,0x00000000e1500000,0x00000000e1500000)
  from space 10752K, 81% used [0x00000000e2000000,0x00000000e2899ec0,0x00000000e2a80000)
  to   space 11264K, 0% used [0x00000000e1500000,0x00000000e1500000,0x00000000e2000000)
 ParOldGen       total 81920K, used 20372K [0x0000000085400000, 0x000000008a400000, 0x00000000d7180000)
  object space 81920K, 24% used [0x0000000085400000,0x00000000867e5048,0x000000008a400000)
 Metaspace       used 49896K, capacity 50636K, committed 50944K, reserved 1093632K
  class space    used 6115K, capacity 6286K, committed 6400K, reserved 1048576K
Event: 28,372 GC heap after
Heap after GC invocations=15 (full 2):
 PSYoungGen      total 178688K, used 9163K [0x00000000d7180000, 0x00000000e7300000, 0x0000000100000000)
  eden space 167424K, 0% used [0x00000000d7180000,0x00000000d7180000,0x00000000e1500000)
  from space 11264K, 81% used [0x00000000e1500000,0x00000000e1df2ec0,0x00000000e2000000)
  to   space 12288K, 0% used [0x00000000e6700000,0x00000000e6700000,0x00000000e7300000)
 ParOldGen       total 81920K, used 20380K [0x0000000085400000, 0x000000008a400000, 0x00000000d7180000)
  object space 81920K, 24% used [0x0000000085400000,0x00000000867e7048,0x000000008a400000)
 Metaspace       used 49896K, capacity 50636K, committed 50944K, reserved 1093632K
  class space    used 6115K, capacity 6286K, committed 6400K, reserved 1048576K
}
Event: 191,067 GC heap before
{Heap before GC invocations=16 (full 2):
 PSYoungGen      total 178688K, used 174042K [0x00000000d7180000, 0x00000000e7300000, 0x0000000100000000)
  eden space 167424K, 98% used [0x00000000d7180000,0x00000000e1283c48,0x00000000e1500000)
  from space 11264K, 81% used [0x00000000e1500000,0x00000000e1df2ec0,0x00000000e2000000)
  to   space 12288K, 0% used [0x00000000e6700000,0x00000000e6700000,0x00000000e7300000)
 ParOldGen       total 81920K, used 20380K [0x0000000085400000, 0x000000008a400000, 0x00000000d7180000)
  object space 81920K, 24% used [0x0000000085400000,0x00000000867e7048,0x000000008a400000)
 Metaspace       used 55349K, capacity 59007K, committed 59156K, reserved 1101824K
  class space    used 6905K, capacity 7682K, committed 7808K, reserved 1048576K
Event: 191,103 GC heap after
Heap after GC invocations=16 (full 2):
 PSYoungGen      total 245248K, used 12276K [0x00000000d7180000, 0x00000000e7400000, 0x0000000100000000)
  eden space 232960K, 0% used [0x00000000d7180000,0x00000000d7180000,0x00000000e5500000)
  from space 12288K, 99% used [0x00000000e6700000,0x00000000e72fd030,0x00000000e7300000)
  to   space 15872K, 0% used [0x00000000e5500000,0x00000000e5500000,0x00000000e6480000)
 ParOldGen       total 81920K, used 26873K [0x0000000085400000, 0x000000008a400000, 0x00000000d7180000)
  object space 81920K, 32% used [0x0000000085400000,0x0000000086e3e758,0x000000008a400000)
 Metaspace       used 55349K, capacity 59007K, committed 59156K, reserved 1101824K
  class space    used 6905K, capacity 7682K, committed 7808K, reserved 1048576K
}
Event: 191,124 GC heap before
{Heap before GC invocations=17 (full 2):
 PSYoungGen      total 245248K, used 18207K [0x00000000d7180000, 0x00000000e7400000, 0x0000000100000000)
  eden space 232960K, 2% used [0x00000000d7180000,0x00000000d774abf8,0x00000000e5500000)
  from space 12288K, 99% used [0x00000000e6700000,0x00000000e72fd030,0x00000000e7300000)
  to   space 15872K, 0% used [0x00000000e5500000,0x00000000e5500000,0x00000000e6480000)
 ParOldGen       total 81920K, used 26873K [0x0000000085400000, 0x000000008a400000, 0x00000000d7180000)
  object space 81920K, 32% used [0x0000000085400000,0x0000000086e3e758,0x000000008a400000)
 Metaspace       used 55519K, capacity 59279K, committed 59360K, reserved 1101824K
  class space    used 6930K, capacity 7728K, committed 7808K, reserved 1048576K
Event: 191,149 GC heap after
Heap after GC invocations=17 (full 2):
 PSYoungGen      total 248832K, used 8256K [0x00000000d7180000, 0x00000000eeb00000, 0x0000000100000000)
  eden space 232960K, 0% used [0x00000000d7180000,0x00000000d7180000,0x00000000e5500000)
  from space 15872K, 52% used [0x00000000e5500000,0x00000000e5d10020,0x00000000e6480000)
  to   space 15360K, 0% used [0x00000000edc00000,0x00000000edc00000,0x00000000eeb00000)
 ParOldGen       total 81920K, used 31259K [0x0000000085400000, 0x000000008a400000, 0x00000000d7180000)
  object space 81920K, 38% used [0x0000000085400000,0x0000000087286c60,0x000000008a400000)
 Metaspace       used 55519K, capacity 59279K, committed 59360K, reserved 1101824K
  class space    used 6930K, capacity 7728K, committed 7808K, reserved 1048576K
}
Event: 191,149 GC heap before
{Heap before GC invocations=18 (full 3):
 PSYoungGen      total 248832K, used 8256K [0x00000000d7180000, 0x00000000eeb00000, 0x0000000100000000)
  eden space 232960K, 0% used [0x00000000d7180000,0x00000000d7180000,0x00000000e5500000)
  from space 15872K, 52% used [0x00000000e5500000,0x00000000e5d10020,0x00000000e6480000)
  to   space 15360K, 0% used [0x00000000edc00000,0x00000000edc00000,0x00000000eeb00000)
 ParOldGen       total 81920K, used 31259K [0x0000000085400000, 0x000000008a400000, 0x00000000d7180000)
  object space 81920K, 38% used [0x0000000085400000,0x0000000087286c60,0x000000008a400000)
 Metaspace       used 55519K, capacity 59279K, committed 59360K, reserved 1101824K
  class space    used 6930K, capacity 7728K, committed 7808K, reserved 1048576K
Event: 191,356 GC heap after
Heap after GC invocations=18 (full 3):
 PSYoungGen      total 248832K, used 0K [0x00000000d7180000, 0x00000000eeb00000, 0x0000000100000000)
  eden space 232960K, 0% used [0x00000000d7180000,0x00000000d7180000,0x00000000e5500000)
  from space 15872K, 0% used [0x00000000e5500000,0x00000000e5500000,0x00000000e6480000)
  to   space 15360K, 0% used [0x00000000edc00000,0x00000000edc00000,0x00000000eeb00000)
 ParOldGen       total 107008K, used 26362K [0x0000000085400000, 0x000000008bc80000, 0x00000000d7180000)
  object space 107008K, 24% used [0x0000000085400000,0x0000000086dbe8f0,0x000000008bc80000)
 Metaspace       used 54898K, capacity 58313K, committed 59360K, reserved 1101824K
  class space    used 6841K, capacity 7567K, committed 7808K, reserved 1048576K
}

Deoptimization events (10 events):
Event: 40,280 Thread 0x00007f38740a3800 Uncommon trap: reason=unstable_if action=reinterpret pc=0x00007f38d067ebb0 method=java.util.IdentityHashMap.put(Ljava/lang/Object;Ljava/lang/Object;)Ljava/lang/Object; @ 38
Event: 40,280 Thread 0x00007f38740a3800 Uncommon trap: reason=unstable_if action=reinterpret pc=0x00007f38d067ebb0 method=java.util.IdentityHashMap.put(Ljava/lang/Object;Ljava/lang/Object;)Ljava/lang/Object; @ 38
Event: 40,286 Thread 0x00007f38740a3800 Uncommon trap: reason=unstable_if action=reinterpret pc=0x00007f38d067ebb0 method=java.util.IdentityHashMap.put(Ljava/lang/Object;Ljava/lang/Object;)Ljava/lang/Object; @ 38
Event: 40,286 Thread 0x00007f38740a3800 Uncommon trap: reason=unstable_if action=reinterpret pc=0x00007f38d067ebb0 method=java.util.IdentityHashMap.put(Ljava/lang/Object;Ljava/lang/Object;)Ljava/lang/Object; @ 38
Event: 40,451 Thread 0x00007f38740a3800 Uncommon trap: reason=unstable_if action=reinterpret pc=0x00007f38d05aa860 method=java.lang.Class.isEnum()Z @ 8
Event: 40,452 Thread 0x00007f38740a3800 Uncommon trap: reason=class_check action=maybe_recompile pc=0x00007f38d0679dd8 method=java.lang.reflect.Array.newInstance(Ljava/lang/Class;I)Ljava/lang/Object; @ 2
Event: 40,452 Thread 0x00007f38740a3800 Uncommon trap: reason=unstable_if action=reinterpret pc=0x00007f38d0133118 method=java.lang.Class.isEnum()Z @ 8
Event: 191,356 Thread 0x00007f38e0153800 Uncommon trap: reason=unstable_if action=reinterpret pc=0x00007f38d008196c method=java.lang.ref.Reference.tryHandlePending(Z)Z @ 20
Event: 230,569 Thread 0x00007f38740a3800 Uncommon trap: reason=unstable_if action=reinterpret pc=0x00007f38d057fd78 method=com.rits.cloning.Cloner.cloneInternal(Ljava/lang/Object;Ljava/util/Map;)Ljava/lang/Object; @ 73
Event: 236,893 Thread 0x00007f38740a3800 Uncommon trap: reason=unstable_if action=reinterpret pc=0x00007f38d0a022ac method=sun.nio.cs.UTF_8$Encoder.encodeArrayLoop(Ljava/nio/CharBuffer;Ljava/nio/ByteBuffer;)Ljava/nio/charset/CoderResult; @ 134

Classes redefined (0 events):
No events

Internal common.exceptions (10 events):
Event: 40,148 Thread 0x00007f38740a3800 Implicit null exception at 0x00007f38d04a1132 to 0x00007f38d04a173d
Event: 40,719 Thread 0x00007f38740a3800 Exception <a 'java/lang/NoClassDefFoundError': javax/swing/JTable$$Lambda$17/428039780> (0x00000000dffb67f0) thrown at [/HUDSON/workspace/8-2-build-linux-amd64/jdk8u181/11358/hotspot/src/share/vm/classfile/systemDictionary.cpp, line 208]
Event: 191,425 Thread 0x00007f38740a3800 Exception <a 'java/lang/NoClassDefFoundError': javax/swing/JTable$$Lambda$17/428039780> (0x00000000d7447b70) thrown at [/HUDSON/workspace/8-2-build-linux-amd64/jdk8u181/11358/hotspot/src/share/vm/classfile/systemDictionary.cpp, line 208]
Event: 195,633 Thread 0x00007f38740a3800 Exception <a 'java/lang/NoClassDefFoundError': javax/swing/JTable$$Lambda$17/428039780> (0x00000000d8a2bb08) thrown at [/HUDSON/workspace/8-2-build-linux-amd64/jdk8u181/11358/hotspot/src/share/vm/classfile/systemDictionary.cpp, line 208]
Event: 230,569 Thread 0x00007f38740a3800 Implicit null exception at 0x00007f38d057cccd to 0x00007f38d057fd65
Event: 236,887 Thread 0x00007f38740a3800 Exception <a 'java/io/IOException'> (0x00000000d8a391e8) thrown at [/HUDSON/workspace/8-2-build-linux-amd64/jdk8u181/11358/hotspot/src/share/vm/prims/jni.cpp, line 709]
Event: 236,895 Thread 0x00007f38740a3800 Exception <a 'java/io/IOException'> (0x00000000d8a452c0) thrown at [/HUDSON/workspace/8-2-build-linux-amd64/jdk8u181/11358/hotspot/src/share/vm/prims/jni.cpp, line 709]
Event: 236,895 Thread 0x00007f38740a3800 Exception <a 'java/io/IOException'> (0x00000000d8a462b8) thrown at [/HUDSON/workspace/8-2-build-linux-amd64/jdk8u181/11358/hotspot/src/share/vm/prims/jni.cpp, line 709]
Event: 236,896 Thread 0x00007f38740a3800 Exception <a 'java/io/IOException'> (0x00000000d8a46c70) thrown at [/HUDSON/workspace/8-2-build-linux-amd64/jdk8u181/11358/hotspot/src/share/vm/prims/jni.cpp, line 709]
Event: 236,901 Thread 0x00007f38740a3800 Exception <a 'java/io/IOException'> (0x00000000d8a4c530) thrown at [/HUDSON/workspace/8-2-build-linux-amd64/jdk8u181/11358/hotspot/src/share/vm/prims/jni.cpp, line 709]

Events (10 events):
Event: 236,902 Thread 0x00007f38740a3800 DEOPT UNPACKING pc=0x00007f38cf80d784 sp=0x00007f3880112700 mode 1
Event: 236,902 Thread 0x00007f38740a3800 DEOPT PACKING pc=0x00007f38d08bd854 sp=0x00007f3880112a00
Event: 236,902 Thread 0x00007f38740a3800 DEOPT UNPACKING pc=0x00007f38cf80d784 sp=0x00007f38801127b8 mode 1
Event: 236,904 Thread 0x00007f38e05c2000 flushing nmethod 0x00007f38cfda2310
Event: 236,902 Thread 0x00007f38e0196800 Thread exited: 0x00007f38e0196800
Event: 236,907 Thread 0x00007f38e05c2000 flushing nmethod 0x00007f38cfdae890
Event: 236,916 loading class jmetal4.results/FunResults
Event: 236,916 loading class jmetal4.results/FunResults done
Event: 236,916 Thread 0x00007f38740a3800 DEOPT PACKING pc=0x00007f38cffff198 sp=0x00007f3880111f30
Event: 236,916 Thread 0x00007f38740a3800 DEOPT UNPACKING pc=0x00007f38cf80d784 sp=0x00007f3880111c00 mode 1


Dynamic libraries:
00400000-00401000 r-xp 00000000 08:01 534554                             /usr/lib/jvm/java-8-oracle/bin/java
00600000-00601000 rw-p 00000000 08:01 534554                             /usr/lib/jvm/java-8-oracle/bin/java
02293000-022b4000 rw-p 00000000 00:00 0                                  [heap]
85400000-8bc80000 rw-p 00000000 00:00 0 
8bc80000-d7180000 ---p 00000000 00:00 0 
d7180000-eeb00000 rw-p 00000000 00:00 0 
eeb00000-100000000 ---p 00000000 00:00 0 
100000000-100840000 rw-p 00000000 00:00 0 
100840000-140000000 ---p 00000000 00:00 0 
7f385c000000-7f385d4ba000 rw-p 00000000 00:00 0 
7f385d4ba000-7f3860000000 ---p 00000000 00:00 0 
7f3860000000-7f3860cd2000 rw-p 00000000 00:00 0 
7f3860cd2000-7f3864000000 ---p 00000000 00:00 0 
7f3866c00000-7f3866e00000 rw-p 00000000 00:00 0 
7f3866e00000-7f3867000000 rw-p 00000000 00:00 0 
7f3867000000-7f3867200000 rw-p 00000000 00:00 0 
7f3867200000-7f3867400000 rw-p 00000000 00:00 0 
7f3867400000-7f3867600000 rw-p 00000000 00:00 0 
7f3867600000-7f3867800000 rw-p 00000000 00:00 0 
7f3867800000-7f3867a00000 rw-p 00000000 00:00 0 
7f3867a00000-7f3867c00000 rw-p 00000000 00:00 0 
7f3867c00000-7f3867e00000 rw-p 00000000 00:00 0 
7f3867e00000-7f3868000000 rw-p 00000000 00:00 0 
7f3868000000-7f3868021000 rw-p 00000000 00:00 0 
7f3868021000-7f386c000000 ---p 00000000 00:00 0 
7f386c000000-7f386c021000 rw-p 00000000 00:00 0 
7f386c021000-7f3870000000 ---p 00000000 00:00 0 
7f3870000000-7f3870021000 rw-p 00000000 00:00 0 
7f3870021000-7f3874000000 ---p 00000000 00:00 0 
7f3874000000-7f38740b5000 rw-p 00000000 00:00 0 
7f38740b5000-7f3878000000 ---p 00000000 00:00 0 
7f3878000000-7f3878048000 rw-p 00000000 00:00 0 
7f3878048000-7f387c000000 ---p 00000000 00:00 0 
7f387c000000-7f387c025000 rw-p 00000000 00:00 0 
7f387c025000-7f3880000000 ---p 00000000 00:00 0 
7f3880014000-7f3880017000 ---p 00000000 00:00 0 
7f3880017000-7f3880315000 rw-p 00000000 00:00 0 
7f3880315000-7f3880515000 rw-p 00000000 00:00 0 
7f3880515000-7f3880715000 rw-p 00000000 00:00 0 
7f3880715000-7f3880915000 rw-p 00000000 00:00 0 
7f38809ff000-7f3880bff000 rw-p 00000000 00:00 0 
7f3880bff000-7f3880dff000 rw-p 00000000 00:00 0 
7f3880dff000-7f3880fff000 rw-p 00000000 00:00 0 
7f3880fff000-7f3884000000 rw-p 00000000 00:00 0 
7f3884000000-7f3884021000 rw-p 00000000 00:00 0 
7f3884021000-7f3888000000 ---p 00000000 00:00 0 
7f3888000000-7f3888021000 rw-p 00000000 00:00 0 
7f3888021000-7f388c000000 ---p 00000000 00:00 0 
7f388c053000-7f388c056000 ---p 00000000 00:00 0 
7f388c056000-7f388c154000 rw-p 00000000 00:00 0 
7f388c154000-7f388c15f000 r--s 00000000 08:01 1578820                    /var/cache/fontconfig/945677eb7aeaf62f1d50efc3fb3ec7d8-le64.cache-7
7f388c15f000-7f388c164000 r--s 00000000 08:01 1578791                    /var/cache/fontconfig/2300eef321c393bfd76478a5c0e95b23-le64.cache-7
7f388c164000-7f388c165000 r--s 00000000 08:01 1578784                    /var/cache/fontconfig/0d8c3b2ac0904cb8a57a757ad11a4a08-le64.cache-7
7f388c165000-7f388c17a000 r--s 00000000 08:01 1578780                    /var/cache/fontconfig/04aabc0a78ac019cf9454389977116d2-le64.cache-7
7f388c17a000-7f388c17b000 r--s 00000000 08:01 1578788                    /var/cache/fontconfig/1ac9eb803944fde146138c791f5cc56a-le64.cache-7
7f388c17b000-7f388c17c000 r--s 00000000 08:01 1578839                    /var/cache/fontconfig/dc05db6664285cc2f12bf69c139ae4c3-le64.cache-7
7f388c17c000-7f388c17e000 r--s 00000000 08:01 1578785                    /var/cache/fontconfig/14a5e22175779b556eaa434240950366-le64.cache-7
7f388c17e000-7f388c17f000 r--s 00000000 08:01 1578812                    /var/cache/fontconfig/660208299946a285a940457d1287da33-le64.cache-7
7f388c17f000-7f388c181000 r--s 00000000 08:01 1578803                    /var/cache/fontconfig/4f3e3037c9980c83b53a9351efadef62-le64.cache-7
7f388c181000-7f388c183000 r--s 00000000 08:01 1578817                    /var/cache/fontconfig/767a8244fc0220cfb567a839d0392e0b-le64.cache-7
7f388c183000-7f388c184000 r--s 00000000 08:01 1580432                    /var/cache/fontconfig/4794a0821666d79190d59a36cb4f44b5-le64.cache-7
7f388c184000-7f388c186000 r--s 00000000 08:01 1570290                    /var/cache/fontconfig/0bd3dc0958fa2205aaaa8ebb13e2872b-le64.cache-7
7f388c186000-7f388c1c1000 r--s 00000000 08:01 1578792                    /var/cache/fontconfig/365b55f210c0a22e9a19e35191240f32-le64.cache-7
7f388c1c1000-7f388c1c6000 r--s 00000000 08:01 1578840                    /var/cache/fontconfig/def309198bfa603429122923fa2bb2d4-le64.cache-7
7f388c1c6000-7f388c1c7000 r--s 00000000 08:01 1578828                    /var/cache/fontconfig/b872e6e592da6075ffa4ab0a1fcc0c75-le64.cache-7
7f388c1c7000-7f388c1c8000 r--s 00000000 08:01 1578845                    /var/cache/fontconfig/f6d4eedfaab2589bde49f7a3ff831d22-le64.cache-7
7f388c1c8000-7f388c1c9000 r--s 00000000 08:01 1578810                    /var/cache/fontconfig/589f83ef4c36d296ce6e1c846f468f08-le64.cache-7
7f388c1c9000-7f388c1ca000 r--s 00000000 08:01 1578830                    /var/cache/fontconfig/bab58bb527bb656aaa9f116d68a48d89-le64.cache-7
7f388c1ca000-7f388c1cb000 r--s 00000000 08:01 1578789                    /var/cache/fontconfig/2171a34dccabdb6bcbbc728186263178-le64.cache-7
7f388c1cb000-7f388c1cc000 r--s 00000000 08:01 1578831                    /var/cache/fontconfig/c5c45a61289222e0d30b1a26ef4effbe-le64.cache-7
7f388c1cc000-7f388c1cd000 r--s 00000000 08:01 1578826                    /var/cache/fontconfig/aec30016f93e1b46d1a973dce0d74068-le64.cache-7
7f388c1cd000-7f388c1ce000 r--s 00000000 08:01 1578796                    /var/cache/fontconfig/3f589640d34b7dc9042c8d453f7c8b9c-le64.cache-7
7f388c1ce000-7f388c1cf000 r--s 00000000 08:01 1578786                    /var/cache/fontconfig/16c2fda60d1b4b719f4b3d06fd951d25-le64.cache-7
7f388c1cf000-7f388c1d4000 r--s 00000000 08:01 1580430                    /var/cache/fontconfig/9d2451b1fd30e5bffe8383fd27c35478-le64.cache-7
7f388c1d4000-7f388c1da000 r--s 00000000 08:01 1580431                    /var/cache/fontconfig/3047814df9a2f067bd2d96a2b9c36e5a-le64.cache-7
7f388c1da000-7f388c1e0000 r--s 00000000 08:01 1578827                    /var/cache/fontconfig/b47c4e1ecd0709278f4910c18777a504-le64.cache-7
7f388c1e0000-7f388c1f3000 r--s 00000000 08:01 1578836                    /var/cache/fontconfig/d52a8644073d54c13679302ca1180695-le64.cache-7
7f388c256000-7f388c456000 rw-p 00000000 00:00 0 
7f388c456000-7f388c656000 rw-p 00000000 00:00 0 
7f388c740000-7f388c900000 rw-p 00000000 00:00 0 
7f388c900000-7f388c940000 ---p 00000000 00:00 0 
7f388c940000-7f388cb40000 rw-p 00000000 00:00 0 
7f388cb40000-7f388cb6a000 r-xp 00000000 08:01 797691                     /usr/lib/jvm/java-8-oracle/jre/lib/amd64/libdcpr.so
7f388cb6a000-7f388cd6a000 ---p 0002a000 08:01 797691                     /usr/lib/jvm/java-8-oracle/jre/lib/amd64/libdcpr.so
7f388cd6a000-7f388cd6d000 rw-p 0002a000 08:01 797691                     /usr/lib/jvm/java-8-oracle/jre/lib/amd64/libdcpr.so
7f388cd6d000-7f388cdd7000 r-xp 00000000 08:01 797705                     /usr/lib/jvm/java-8-oracle/jre/lib/amd64/libt2k.so
7f388cdd7000-7f388cfd6000 ---p 0006a000 08:01 797705                     /usr/lib/jvm/java-8-oracle/jre/lib/amd64/libt2k.so
7f388cfd6000-7f388cfdd000 rw-p 00069000 08:01 797705                     /usr/lib/jvm/java-8-oracle/jre/lib/amd64/libt2k.so
7f388cfdd000-7f388cfed000 rw-p 00000000 00:00 0 
7f388cfed000-7f388cff0000 ---p 00000000 00:00 0 
7f388cff0000-7f388d0ee000 rw-p 00000000 00:00 0 
7f388d0ee000-7f388d0f1000 ---p 00000000 00:00 0 
7f388d0f1000-7f388d1ef000 rw-p 00000000 00:00 0 
7f388d1ef000-7f388d1f2000 ---p 00000000 00:00 0 
7f388d1f2000-7f388d2f0000 rw-p 00000000 00:00 0 
7f388d2f0000-7f388d2fb000 r--s 00000000 08:01 1578820                    /var/cache/fontconfig/945677eb7aeaf62f1d50efc3fb3ec7d8-le64.cache-7
7f388d2fb000-7f388d300000 r--s 00000000 08:01 1578791                    /var/cache/fontconfig/2300eef321c393bfd76478a5c0e95b23-le64.cache-7
7f388d300000-7f388d301000 r--s 00000000 08:01 1578825                    /var/cache/fontconfig/a48eab177a16e4f3713381162db2f3e9-le64.cache-7
7f388d301000-7f388d302000 r--s 00000000 08:01 1578806                    /var/cache/fontconfig/564b2e68ac9bc4e36a6f7f6d6125ec1c-le64.cache-7
7f388d302000-7f388d303000 r--s 00000000 08:01 1578807                    /var/cache/fontconfig/56cf4f4769d0f4abc89a4895d7bd3ae1-le64.cache-7
7f388d303000-7f388d304000 r--s 00000000 08:01 1578829                    /var/cache/fontconfig/b9d506c9ac06c20b433354fa67a72993-le64.cache-7
7f388d304000-7f388d305000 r--s 00000000 08:01 1578794                    /var/cache/fontconfig/370e5b74bf5dafc30834de68e24a87a4-le64.cache-7
7f388d305000-7f388d306000 r--s 00000000 08:01 1578815                    /var/cache/fontconfig/6b2c5944714ca7831b25bed9e85cb5c8-le64.cache-7
7f388d306000-7f388d307000 r--s 00000000 08:01 1578835                    /var/cache/fontconfig/d5178ab6d91b49bf20a416737dcea9e8-le64.cache-7
7f388d307000-7f388d308000 r--s 00000000 08:01 1578805                    /var/cache/fontconfig/551ecf3b0e8b0bca0f25c0944f561853-le64.cache-7
7f388d308000-7f388d30b000 r--s 00000000 08:01 1578844                    /var/cache/fontconfig/f259c2cffa685e28062317905db73c4a-le64.cache-7
7f388d30b000-7f388d30d000 r--s 00000000 08:01 1578804                    /var/cache/fontconfig/550f3886151c940c12a5ed35f6a00586-le64.cache-7
7f388d30d000-7f388d310000 r--s 00000000 08:01 1578813                    /var/cache/fontconfig/674d1711f2d1d2a09646eb0bdcadee49-le64.cache-7
7f388d310000-7f388d311000 r--s 00000000 08:01 1578797                    /var/cache/fontconfig/3f7329c5293ffd510edef78f73874cfd-le64.cache-7
7f388d311000-7f388d31d000 r--s 00000000 08:01 1578915                    /var/cache/fontconfig/d589a48862398ed80a3d6066f4f56f4c-le64.cache-7
7f388d31d000-7f388d31e000 r--s 00000000 08:01 1578783                    /var/cache/fontconfig/0c9eb80ebd1c36541ebe2852d3bb0c49-le64.cache-7
7f388d31e000-7f388d31f000 r--s 00000000 08:01 1578790                    /var/cache/fontconfig/22368d551a680bfe5a62c02760edf4ea-le64.cache-7
7f388d31f000-7f388d320000 r--s 00000000 08:01 1578802                    /var/cache/fontconfig/4d9c95eba1cb85bbcf2878543262124a-le64.cache-7
7f388d320000-7f388d321000 r--s 00000000 08:01 1578819                    /var/cache/fontconfig/85e0a52ce643a7ba2ae53e5d6949cead-le64.cache-7
7f388d321000-7f388d322000 r--s 00000000 08:01 1578799                    /var/cache/fontconfig/49f0de54bdd920fe4f0dfd4cbac43e6b-le64.cache-7
7f388d322000-7f388d323000 r--s 00000000 08:01 1578846                    /var/cache/fontconfig/f6e6e0a5c3d2f6ae0c0c2e0ecd42a997-le64.cache-7
7f388d323000-7f388d324000 r--s 00000000 08:01 1578800                    /var/cache/fontconfig/4b2eda6bb976bda485cb2176619421d5-le64.cache-7
7f388d324000-7f388d332000 r--s 00000000 08:01 1578822                    /var/cache/fontconfig/9b89f8e3dae116d678bbf48e5f21f69b-le64.cache-7
7f388d332000-7f388d532000 rw-p 00000000 00:00 0 
7f388d532000-7f388d535000 ---p 00000000 00:00 0 
7f388d535000-7f388d633000 rw-p 00000000 00:00 0 
7f388d633000-7f388d638000 r-xp 00000000 08:01 401638                     /usr/lib/x86_64-linux-gnu/libXfixes.so.3.1.0
7f388d638000-7f388d837000 ---p 00005000 08:01 401638                     /usr/lib/x86_64-linux-gnu/libXfixes.so.3.1.0
7f388d837000-7f388d838000 r--p 00004000 08:01 401638                     /usr/lib/x86_64-linux-gnu/libXfixes.so.3.1.0
7f388d838000-7f388d839000 rw-p 00005000 08:01 401638                     /usr/lib/x86_64-linux-gnu/libXfixes.so.3.1.0
7f388d839000-7f388d842000 r-xp 00000000 08:01 401630                     /usr/lib/x86_64-linux-gnu/libXcursor.so.1.0.2
7f388d842000-7f388da41000 ---p 00009000 08:01 401630                     /usr/lib/x86_64-linux-gnu/libXcursor.so.1.0.2
7f388da41000-7f388da42000 r--p 00008000 08:01 401630                     /usr/lib/x86_64-linux-gnu/libXcursor.so.1.0.2
7f388da42000-7f388da43000 rw-p 00009000 08:01 401630                     /usr/lib/x86_64-linux-gnu/libXcursor.so.1.0.2
7f388da43000-7f388da51000 r--s 00000000 08:01 1580454                    /var/cache/fontconfig/e13b20fdb08344e0e664864cc2ede53d-le64.cache-7
7f388da61000-7f388da64000 r--s 0001a000 08:01 666762                     /usr/lib/jvm/java-8-oracle/jre/lib/jce.jar
7f388da64000-7f388da69000 r--s 0009d000 08:01 666756                     /usr/lib/jvm/java-8-oracle/jre/lib/jsse.jar
7f388da69000-7f388dc69000 rw-p 00000000 00:00 0 
7f388dc69000-7f388dc7a000 r-xp 00000000 08:01 797740                     /usr/lib/jvm/java-8-oracle/jre/lib/amd64/libnio.so
7f388dc7a000-7f388de79000 ---p 00011000 08:01 797740                     /usr/lib/jvm/java-8-oracle/jre/lib/amd64/libnio.so
7f388de79000-7f388de7a000 rw-p 00010000 08:01 797740                     /usr/lib/jvm/java-8-oracle/jre/lib/amd64/libnio.so
7f388de7a000-7f388de90000 r-xp 00000000 08:01 797737                     /usr/lib/jvm/java-8-oracle/jre/lib/amd64/libnet.so
7f388de90000-7f388e090000 ---p 00016000 08:01 797737                     /usr/lib/jvm/java-8-oracle/jre/lib/amd64/libnet.so
7f388e090000-7f388e091000 rw-p 00016000 08:01 797737                     /usr/lib/jvm/java-8-oracle/jre/lib/amd64/libnet.so
7f388e091000-7f388e094000 ---p 00000000 00:00 0 
7f388e094000-7f388e192000 rw-p 00000000 00:00 0 
7f388e192000-7f388e1a9000 r-xp 00000000 08:01 1845800                    /lib/x86_64-linux-gnu/libgcc_s.so.1
7f388e1a9000-7f388e3a8000 ---p 00017000 08:01 1845800                    /lib/x86_64-linux-gnu/libgcc_s.so.1
7f388e3a8000-7f388e3a9000 r--p 00016000 08:01 1845800                    /lib/x86_64-linux-gnu/libgcc_s.so.1
7f388e3a9000-7f388e3aa000 rw-p 00017000 08:01 1845800                    /lib/x86_64-linux-gnu/libgcc_s.so.1
7f388e3aa000-7f388e40f000 r-xp 00000000 08:01 797717                     /usr/lib/jvm/java-8-oracle/jre/lib/amd64/libfontmanager.so
7f388e40f000-7f388e60e000 ---p 00065000 08:01 797717                     /usr/lib/jvm/java-8-oracle/jre/lib/amd64/libfontmanager.so
7f388e60e000-7f388e613000 rw-p 00064000 08:01 797717                     /usr/lib/jvm/java-8-oracle/jre/lib/amd64/libfontmanager.so
7f388e613000-7f388e623000 rw-p 00000000 00:00 0 
7f388e623000-7f388e636000 r-xp 00000000 08:01 1836917                    /lib/x86_64-linux-gnu/libbsd.so.0.8.7
7f388e636000-7f388e835000 ---p 00013000 08:01 1836917                    /lib/x86_64-linux-gnu/libbsd.so.0.8.7
7f388e835000-7f388e836000 r--p 00012000 08:01 1836917                    /lib/x86_64-linux-gnu/libbsd.so.0.8.7
7f388e836000-7f388e837000 rw-p 00013000 08:01 1836917                    /lib/x86_64-linux-gnu/libbsd.so.0.8.7
7f388e837000-7f388e838000 rw-p 00000000 00:00 0 
7f388e838000-7f388e83d000 r-xp 00000000 08:01 401634                     /usr/lib/x86_64-linux-gnu/libXdmcp.so.6.0.0
7f388e83d000-7f388ea3c000 ---p 00005000 08:01 401634                     /usr/lib/x86_64-linux-gnu/libXdmcp.so.6.0.0
7f388ea3c000-7f388ea3d000 r--p 00004000 08:01 401634                     /usr/lib/x86_64-linux-gnu/libXdmcp.so.6.0.0
7f388ea3d000-7f388ea3e000 rw-p 00005000 08:01 401634                     /usr/lib/x86_64-linux-gnu/libXdmcp.so.6.0.0
7f388ea3e000-7f388ea40000 r-xp 00000000 08:01 401623                     /usr/lib/x86_64-linux-gnu/libXau.so.6.0.0
7f388ea40000-7f388ec40000 ---p 00002000 08:01 401623                     /usr/lib/x86_64-linux-gnu/libXau.so.6.0.0
7f388ec40000-7f388ec41000 r--p 00002000 08:01 401623                     /usr/lib/x86_64-linux-gnu/libXau.so.6.0.0
7f388ec41000-7f388ec42000 rw-p 00003000 08:01 401623                     /usr/lib/x86_64-linux-gnu/libXau.so.6.0.0
7f388ec42000-7f388ec68000 r-xp 00000000 08:01 402827                     /usr/lib/x86_64-linux-gnu/libxcb.so.1.1.0
7f388ec68000-7f388ee68000 ---p 00026000 08:01 402827                     /usr/lib/x86_64-linux-gnu/libxcb.so.1.1.0
7f388ee68000-7f388ee69000 r--p 00026000 08:01 402827                     /usr/lib/x86_64-linux-gnu/libxcb.so.1.1.0
7f388ee69000-7f388ee6a000 rw-p 00027000 08:01 402827                     /usr/lib/x86_64-linux-gnu/libxcb.so.1.1.0
7f388ee6a000-7f388ee79000 r-xp 00000000 08:01 401644                     /usr/lib/x86_64-linux-gnu/libXi.so.6.1.0
7f388ee79000-7f388f078000 ---p 0000f000 08:01 401644                     /usr/lib/x86_64-linux-gnu/libXi.so.6.1.0
7f388f078000-7f388f079000 r--p 0000e000 08:01 401644                     /usr/lib/x86_64-linux-gnu/libXi.so.6.1.0
7f388f079000-7f388f07a000 rw-p 0000f000 08:01 401644                     /usr/lib/x86_64-linux-gnu/libXi.so.6.1.0
7f388f07a000-7f388f07f000 r-xp 00000000 08:01 401662                     /usr/lib/x86_64-linux-gnu/libXtst.so.6.1.0
7f388f07f000-7f388f27e000 ---p 00005000 08:01 401662                     /usr/lib/x86_64-linux-gnu/libXtst.so.6.1.0
7f388f27e000-7f388f27f000 r--p 00004000 08:01 401662                     /usr/lib/x86_64-linux-gnu/libXtst.so.6.1.0
7f388f27f000-7f388f280000 rw-p 00005000 08:01 401662                     /usr/lib/x86_64-linux-gnu/libXtst.so.6.1.0
7f388f280000-7f388f289000 r-xp 00000000 08:01 401656                     /usr/lib/x86_64-linux-gnu/libXrender.so.1.3.0
7f388f289000-7f388f488000 ---p 00009000 08:01 401656                     /usr/lib/x86_64-linux-gnu/libXrender.so.1.3.0
7f388f488000-7f388f489000 r--p 00008000 08:01 401656                     /usr/lib/x86_64-linux-gnu/libXrender.so.1.3.0
7f388f489000-7f388f48a000 rw-p 00009000 08:01 401656                     /usr/lib/x86_64-linux-gnu/libXrender.so.1.3.0
7f388f48a000-7f388f5bd000 r-xp 00000000 08:01 408605                     /usr/lib/x86_64-linux-gnu/libX11.so.6.3.0
7f388f5bd000-7f388f7bd000 ---p 00133000 08:01 408605                     /usr/lib/x86_64-linux-gnu/libX11.so.6.3.0
7f388f7bd000-7f388f7be000 r--p 00133000 08:01 408605                     /usr/lib/x86_64-linux-gnu/libX11.so.6.3.0
7f388f7be000-7f388f7c2000 rw-p 00134000 08:01 408605                     /usr/lib/x86_64-linux-gnu/libX11.so.6.3.0
7f388f7c2000-7f388f7d3000 r-xp 00000000 08:01 401636                     /usr/lib/x86_64-linux-gnu/libXext.so.6.4.0
7f388f7d3000-7f388f9d2000 ---p 00011000 08:01 401636                     /usr/lib/x86_64-linux-gnu/libXext.so.6.4.0
7f388f9d2000-7f388f9d3000 r--p 00010000 08:01 401636                     /usr/lib/x86_64-linux-gnu/libXext.so.6.4.0
7f388f9d3000-7f388f9d4000 rw-p 00011000 08:01 401636                     /usr/lib/x86_64-linux-gnu/libXext.so.6.4.0
7f388f9d4000-7f388fa28000 r-xp 00000000 08:01 797744                     /usr/lib/jvm/java-8-oracle/jre/lib/amd64/libawt_xawt.so
7f388fa28000-7f388fc28000 ---p 00054000 08:01 797744                     /usr/lib/jvm/java-8-oracle/jre/lib/amd64/libawt_xawt.so
7f388fc28000-7f388fc2c000 rw-p 00054000 08:01 797744                     /usr/lib/jvm/java-8-oracle/jre/lib/amd64/libawt_xawt.so
7f388fc2c000-7f388fc2d000 rw-p 00000000 00:00 0 
7f388fc2d000-7f388fccf000 r-xp 00000000 08:01 797730                     /usr/lib/jvm/java-8-oracle/jre/lib/amd64/libawt.so
7f388fccf000-7f388fecf000 ---p 000a2000 08:01 797730                     /usr/lib/jvm/java-8-oracle/jre/lib/amd64/libawt.so
7f388fecf000-7f388fedb000 rw-p 000a2000 08:01 797730                     /usr/lib/jvm/java-8-oracle/jre/lib/amd64/libawt.so
7f388fedb000-7f388feff000 rw-p 00000000 00:00 0 
7f388feff000-7f388ff00000 ---p 00000000 00:00 0 
7f388ff00000-7f3890000000 rw-p 00000000 00:00 0 
7f3890000000-7f3893ff9000 rw-p 00000000 00:00 0 
7f3893ff9000-7f3894000000 ---p 00000000 00:00 0 
7f3894000000-7f38953bc000 rw-p 00000000 00:00 0 
7f38953bc000-7f3898000000 ---p 00000000 00:00 0 
7f3898000000-7f3898021000 rw-p 00000000 00:00 0 
7f3898021000-7f389c000000 ---p 00000000 00:00 0 
7f389c000000-7f389f3dd000 rw-p 00000000 00:00 0 
7f389f3dd000-7f38a0000000 ---p 00000000 00:00 0 
7f38a0000000-7f38a00a5000 rw-p 00000000 00:00 0 
7f38a00a5000-7f38a4000000 ---p 00000000 00:00 0 
7f38a4000000-7f38a40d4000 rw-p 00000000 00:00 0 
7f38a40d4000-7f38a8000000 ---p 00000000 00:00 0 
7f38a8000000-7f38a8026000 rw-p 00000000 00:00 0 
7f38a8026000-7f38ac000000 ---p 00000000 00:00 0 
7f38ac000000-7f38ac021000 rw-p 00000000 00:00 0 
7f38ac021000-7f38b0000000 ---p 00000000 00:00 0 
7f38b0000000-7f38b0072000 rw-p 00000000 00:00 0 
7f38b0072000-7f38b4000000 ---p 00000000 00:00 0 
7f38b4000000-7f38b4021000 rw-p 00000000 00:00 0 
7f38b4021000-7f38b8000000 ---p 00000000 00:00 0 
7f38b8000000-7f38b8021000 rw-p 00000000 00:00 0 
7f38b8021000-7f38bc000000 ---p 00000000 00:00 0 
7f38bc000000-7f38bc002000 r--s 00000000 08:01 1578814                    /var/cache/fontconfig/6afa1bb216ce958c1589e297e8008489-le64.cache-7
7f38bc002000-7f38bc003000 r--s 00000000 08:02 7622356                    /home/wmfsystem/.cache/fontconfig/6c837d896599f14fd7e1b8c04c10855f-le64.cache-7
7f38bc003000-7f38bc004000 r--s 00000000 08:01 1578784                    /var/cache/fontconfig/0d8c3b2ac0904cb8a57a757ad11a4a08-le64.cache-7
7f38bc004000-7f38bc019000 r--s 00000000 08:01 1578780                    /var/cache/fontconfig/04aabc0a78ac019cf9454389977116d2-le64.cache-7
7f38bc019000-7f38bc01a000 r--s 00000000 08:01 1578788                    /var/cache/fontconfig/1ac9eb803944fde146138c791f5cc56a-le64.cache-7
7f38bc01a000-7f38bc01b000 r--s 00000000 08:01 1578839                    /var/cache/fontconfig/dc05db6664285cc2f12bf69c139ae4c3-le64.cache-7
7f38bc01b000-7f38bc01d000 r--s 00000000 08:01 1578785                    /var/cache/fontconfig/14a5e22175779b556eaa434240950366-le64.cache-7
7f38bc01d000-7f38bc01e000 r--s 00000000 08:01 1578812                    /var/cache/fontconfig/660208299946a285a940457d1287da33-le64.cache-7
7f38bc01e000-7f38bc020000 r--s 00000000 08:01 1578803                    /var/cache/fontconfig/4f3e3037c9980c83b53a9351efadef62-le64.cache-7
7f38bc020000-7f38bc022000 r--s 00000000 08:01 1578817                    /var/cache/fontconfig/767a8244fc0220cfb567a839d0392e0b-le64.cache-7
7f38bc022000-7f38bc023000 r--s 00000000 08:01 1580432                    /var/cache/fontconfig/4794a0821666d79190d59a36cb4f44b5-le64.cache-7
7f38bc023000-7f38bc025000 r--s 00000000 08:01 1570290                    /var/cache/fontconfig/0bd3dc0958fa2205aaaa8ebb13e2872b-le64.cache-7
7f38bc025000-7f38bc060000 r--s 00000000 08:01 1578792                    /var/cache/fontconfig/365b55f210c0a22e9a19e35191240f32-le64.cache-7
7f38bc060000-7f38bc065000 r--s 00000000 08:01 1578840                    /var/cache/fontconfig/def309198bfa603429122923fa2bb2d4-le64.cache-7
7f38bc065000-7f38bc066000 r--s 00000000 08:01 1578828                    /var/cache/fontconfig/b872e6e592da6075ffa4ab0a1fcc0c75-le64.cache-7
7f38bc066000-7f38bc067000 r--s 00000000 08:01 1578845                    /var/cache/fontconfig/f6d4eedfaab2589bde49f7a3ff831d22-le64.cache-7
7f38bc067000-7f38bc068000 r--s 00000000 08:01 1578810                    /var/cache/fontconfig/589f83ef4c36d296ce6e1c846f468f08-le64.cache-7
7f38bc068000-7f38bc069000 r--s 00000000 08:01 1578830                    /var/cache/fontconfig/bab58bb527bb656aaa9f116d68a48d89-le64.cache-7
7f38bc069000-7f38bc06a000 r--s 00000000 08:01 1578789                    /var/cache/fontconfig/2171a34dccabdb6bcbbc728186263178-le64.cache-7
7f38bc06a000-7f38bc06b000 r--s 00000000 08:01 1578831                    /var/cache/fontconfig/c5c45a61289222e0d30b1a26ef4effbe-le64.cache-7
7f38bc06b000-7f38bc06c000 r--s 00000000 08:01 1578826                    /var/cache/fontconfig/aec30016f93e1b46d1a973dce0d74068-le64.cache-7
7f38bc06c000-7f38bc06d000 r--s 00000000 08:01 1578796                    /var/cache/fontconfig/3f589640d34b7dc9042c8d453f7c8b9c-le64.cache-7
7f38bc06d000-7f38bc06e000 r--s 00000000 08:01 1578786                    /var/cache/fontconfig/16c2fda60d1b4b719f4b3d06fd951d25-le64.cache-7
7f38bc06e000-7f38bc06f000 r--s 00000000 08:01 1578825                    /var/cache/fontconfig/a48eab177a16e4f3713381162db2f3e9-le64.cache-7
7f38bc06f000-7f38bc070000 r--s 00000000 08:01 1578806                    /var/cache/fontconfig/564b2e68ac9bc4e36a6f7f6d6125ec1c-le64.cache-7
7f38bc070000-7f38bc075000 r--s 00000000 08:01 1580430                    /var/cache/fontconfig/9d2451b1fd30e5bffe8383fd27c35478-le64.cache-7
7f38bc075000-7f38bc07b000 r--s 00000000 08:01 1580431                    /var/cache/fontconfig/3047814df9a2f067bd2d96a2b9c36e5a-le64.cache-7
7f38bc07b000-7f38bc07c000 r--s 00000000 08:01 1578807                    /var/cache/fontconfig/56cf4f4769d0f4abc89a4895d7bd3ae1-le64.cache-7
7f38bc07c000-7f38bc07d000 r--s 00000000 08:01 1578829                    /var/cache/fontconfig/b9d506c9ac06c20b433354fa67a72993-le64.cache-7
7f38bc07d000-7f38bc083000 r--s 00000000 08:01 1578827                    /var/cache/fontconfig/b47c4e1ecd0709278f4910c18777a504-le64.cache-7
7f38bc083000-7f38bc096000 r--s 00000000 08:01 1578836                    /var/cache/fontconfig/d52a8644073d54c13679302ca1180695-le64.cache-7
7f38bc096000-7f38bc097000 r--s 00000000 08:01 1578794                    /var/cache/fontconfig/370e5b74bf5dafc30834de68e24a87a4-le64.cache-7
7f38bc097000-7f38bc098000 r--s 00000000 08:01 1578815                    /var/cache/fontconfig/6b2c5944714ca7831b25bed9e85cb5c8-le64.cache-7
7f38bc098000-7f38bc099000 r--s 00000000 08:01 1578835                    /var/cache/fontconfig/d5178ab6d91b49bf20a416737dcea9e8-le64.cache-7
7f38bc099000-7f38bc09c000 r--s 00000000 08:01 1578844                    /var/cache/fontconfig/f259c2cffa685e28062317905db73c4a-le64.cache-7
7f38bc09c000-7f38bc09e000 r--s 00000000 08:01 1578804                    /var/cache/fontconfig/550f3886151c940c12a5ed35f6a00586-le64.cache-7
7f38bc09e000-7f38bc0a1000 ---p 00000000 00:00 0 
7f38bc0a1000-7f38bc19f000 rw-p 00000000 00:00 0 
7f38bc19f000-7f38bc1a0000 ---p 00000000 00:00 0 
7f38bc1a0000-7f38bc1a3000 ---p 00000000 00:00 0 
7f38bc1a3000-7f38c0000000 rw-p 00000000 00:00 0 
7f38c0000000-7f38c0021000 rw-p 00000000 00:00 0 
7f38c0021000-7f38c4000000 ---p 00000000 00:00 0 
7f38c4000000-7f38c4021000 rw-p 00000000 00:00 0 
7f38c4021000-7f38c8000000 ---p 00000000 00:00 0 
7f38c8000000-7f38c8032000 rw-p 00000000 00:00 0 
7f38c8032000-7f38cc000000 ---p 00000000 00:00 0 
7f38cc000000-7f38cc001000 r--s 00000000 08:01 1578805                    /var/cache/fontconfig/551ecf3b0e8b0bca0f25c0944f561853-le64.cache-7
7f38cc001000-7f38cc004000 r--s 00000000 08:01 1578813                    /var/cache/fontconfig/674d1711f2d1d2a09646eb0bdcadee49-le64.cache-7
7f38cc004000-7f38cc005000 r--s 00000000 08:01 1578797                    /var/cache/fontconfig/3f7329c5293ffd510edef78f73874cfd-le64.cache-7
7f38cc005000-7f38cc011000 r--s 00000000 08:01 1578915                    /var/cache/fontconfig/d589a48862398ed80a3d6066f4f56f4c-le64.cache-7
7f38cc011000-7f38cc012000 r--s 00000000 08:01 1578783                    /var/cache/fontconfig/0c9eb80ebd1c36541ebe2852d3bb0c49-le64.cache-7
7f38cc012000-7f38cc013000 r--s 00000000 08:01 1578790                    /var/cache/fontconfig/22368d551a680bfe5a62c02760edf4ea-le64.cache-7
7f38cc013000-7f38cc014000 r--s 00000000 08:01 1578802                    /var/cache/fontconfig/4d9c95eba1cb85bbcf2878543262124a-le64.cache-7
7f38cc014000-7f38cc015000 r--s 00000000 08:01 1578819                    /var/cache/fontconfig/85e0a52ce643a7ba2ae53e5d6949cead-le64.cache-7
7f38cc015000-7f38cc016000 r--s 00000000 08:01 1578799                    /var/cache/fontconfig/49f0de54bdd920fe4f0dfd4cbac43e6b-le64.cache-7
7f38cc016000-7f38cc017000 r--s 00000000 08:01 1578846                    /var/cache/fontconfig/f6e6e0a5c3d2f6ae0c0c2e0ecd42a997-le64.cache-7
7f38cc017000-7f38cc018000 r--s 00000000 08:01 1578800                    /var/cache/fontconfig/4b2eda6bb976bda485cb2176619421d5-le64.cache-7
7f38cc018000-7f38cc026000 r--s 00000000 08:01 1578822                    /var/cache/fontconfig/9b89f8e3dae116d678bbf48e5f21f69b-le64.cache-7
7f38cc026000-7f38cc028000 r--s 00000000 08:01 1578814                    /var/cache/fontconfig/6afa1bb216ce958c1589e297e8008489-le64.cache-7
7f38cc028000-7f38cc036000 r--s 00000000 08:01 1580454                    /var/cache/fontconfig/e13b20fdb08344e0e664864cc2ede53d-le64.cache-7
7f38cc036000-7f38cc037000 r--s 00000000 08:02 7622356                    /home/wmfsystem/.cache/fontconfig/6c837d896599f14fd7e1b8c04c10855f-le64.cache-7
7f38cc05d000-7f38cc05e000 ---p 00000000 00:00 0 
7f38cc05e000-7f38cc061000 ---p 00000000 00:00 0 
7f38cc061000-7f38cc15e000 rw-p 00000000 00:00 0 
7f38cc15e000-7f38cc15f000 ---p 00000000 00:00 0 
7f38cc15f000-7f38cc162000 ---p 00000000 00:00 0 
7f38cc162000-7f38cc25f000 rw-p 00000000 00:00 0 
7f38cc31d000-7f38cc398000 r--s 005d5000 08:02 1446025                    /home/wmfsystem/.m2/repository/org/hibernate/hibernate-core/5.2.10.Final/hibernate-core-5.2.10.Final.jar
7f38cc3ee000-7f38cc3f0000 r--s 0003a000 08:02 4202528                    /home/wmfsystem/.m2/repository/org/uml2/resources4/uml2-resources/4.0.0/uml2-resources-4.0.0.jar
7f38cc3fb000-7f38cc411000 r--s 002fa000 08:02 4202546                    /home/wmfsystem/.m2/repository/org/uml2/uml24/uml2-uml24/4.0.0/uml2-uml24-4.0.0.jar
7f38cc4d3000-7f38cc4d6000 ---p 00000000 00:00 0 
7f38cc4d6000-7f38cc5d4000 rw-p 00000000 00:00 0 
7f38cc5d4000-7f38cc5d7000 ---p 00000000 00:00 0 
7f38cc5d7000-7f38cc6d5000 rw-p 00000000 00:00 0 
7f38cc6d5000-7f38cc6d8000 ---p 00000000 00:00 0 
7f38cc6d8000-7f38cc7d6000 rw-p 00000000 00:00 0 
7f38cc7d6000-7f38cc7da000 r-xp 00000000 08:01 797706                     /usr/lib/jvm/java-8-oracle/jre/lib/amd64/libdt_socket.so
7f38cc7da000-7f38cc9d9000 ---p 00004000 08:01 797706                     /usr/lib/jvm/java-8-oracle/jre/lib/amd64/libdt_socket.so
7f38cc9d9000-7f38cc9da000 rw-p 00003000 08:01 797706                     /usr/lib/jvm/java-8-oracle/jre/lib/amd64/libdt_socket.so
7f38cc9da000-7f38cc9dd000 ---p 00000000 00:00 0 
7f38cc9dd000-7f38ccadb000 rw-p 00000000 00:00 0 
7f38ccadb000-7f38ccade000 ---p 00000000 00:00 0 
7f38ccade000-7f38ccbdc000 rw-p 00000000 00:00 0 
7f38ccbdc000-7f38ccbdf000 ---p 00000000 00:00 0 
7f38ccbdf000-7f38cccdd000 rw-p 00000000 00:00 0 
7f38cccdd000-7f38cccde000 ---p 00000000 00:00 0 
7f38cccde000-7f38cdced000 rw-p 00000000 00:00 0 
7f38cdced000-7f38cdec7000 r--s 03d6b000 08:01 666751                     /usr/lib/jvm/java-8-oracle/jre/lib/rt.jar
7f38cdec7000-7f38cea9d000 rw-p 00000000 00:00 0 
7f38cea9d000-7f38cea9e000 ---p 00000000 00:00 0 
7f38cea9e000-7f38ceb9e000 rw-p 00000000 00:00 0 
7f38ceb9e000-7f38ceb9f000 ---p 00000000 00:00 0 
7f38ceb9f000-7f38cec9f000 rw-p 00000000 00:00 0 
7f38cec9f000-7f38ceca0000 ---p 00000000 00:00 0 
7f38ceca0000-7f38cedd5000 rw-p 00000000 00:00 0 
7f38cedd5000-7f38cf02f000 ---p 00000000 00:00 0 
7f38cf02f000-7f38cf064000 rw-p 00000000 00:00 0 
7f38cf064000-7f38cf2bd000 ---p 00000000 00:00 0 
7f38cf2bd000-7f38cf37b000 rw-p 00000000 00:00 0 
7f38cf37b000-7f38cf405000 ---p 00000000 00:00 0 
7f38cf405000-7f38cf452000 rw-p 00000000 00:00 0 
7f38cf452000-7f38cf7c6000 ---p 00000000 00:00 0 
7f38cf7c6000-7f38d0a96000 rwxp 00000000 00:00 0 
7f38d0a96000-7f38de7c6000 ---p 00000000 00:00 0 
7f38de7c6000-7f38de7e1000 r-xp 00000000 08:01 797733                     /usr/lib/jvm/java-8-oracle/jre/lib/amd64/libzip.so
7f38de7e1000-7f38de9e1000 ---p 0001b000 08:01 797733                     /usr/lib/jvm/java-8-oracle/jre/lib/amd64/libzip.so
7f38de9e1000-7f38de9e2000 rw-p 0001b000 08:01 797733                     /usr/lib/jvm/java-8-oracle/jre/lib/amd64/libzip.so
7f38de9e2000-7f38de9ed000 r-xp 00000000 08:01 1837011                    /lib/x86_64-linux-gnu/libnss_files-2.27.so
7f38de9ed000-7f38debec000 ---p 0000b000 08:01 1837011                    /lib/x86_64-linux-gnu/libnss_files-2.27.so
7f38debec000-7f38debed000 r--p 0000a000 08:01 1837011                    /lib/x86_64-linux-gnu/libnss_files-2.27.so
7f38debed000-7f38debee000 rw-p 0000b000 08:01 1837011                    /lib/x86_64-linux-gnu/libnss_files-2.27.so
7f38debee000-7f38debf4000 rw-p 00000000 00:00 0 
7f38debf4000-7f38dec0b000 r-xp 00000000 08:01 1837005                    /lib/x86_64-linux-gnu/libnsl-2.27.so
7f38dec0b000-7f38dee0a000 ---p 00017000 08:01 1837005                    /lib/x86_64-linux-gnu/libnsl-2.27.so
7f38dee0a000-7f38dee0b000 r--p 00016000 08:01 1837005                    /lib/x86_64-linux-gnu/libnsl-2.27.so
7f38dee0b000-7f38dee0c000 rw-p 00017000 08:01 1837005                    /lib/x86_64-linux-gnu/libnsl-2.27.so
7f38dee0c000-7f38dee0e000 rw-p 00000000 00:00 0 
7f38dee0e000-7f38dee19000 r-xp 00000000 08:01 1837022                    /lib/x86_64-linux-gnu/libnss_nis-2.27.so
7f38dee19000-7f38df018000 ---p 0000b000 08:01 1837022                    /lib/x86_64-linux-gnu/libnss_nis-2.27.so
7f38df018000-7f38df019000 r--p 0000a000 08:01 1837022                    /lib/x86_64-linux-gnu/libnss_nis-2.27.so
7f38df019000-7f38df01a000 rw-p 0000b000 08:01 1837022                    /lib/x86_64-linux-gnu/libnss_nis-2.27.so
7f38df01a000-7f38df022000 r-xp 00000000 08:01 1837007                    /lib/x86_64-linux-gnu/libnss_compat-2.27.so
7f38df022000-7f38df222000 ---p 00008000 08:01 1837007                    /lib/x86_64-linux-gnu/libnss_compat-2.27.so
7f38df222000-7f38df223000 r--p 00008000 08:01 1837007                    /lib/x86_64-linux-gnu/libnss_compat-2.27.so
7f38df223000-7f38df224000 rw-p 00009000 08:01 1837007                    /lib/x86_64-linux-gnu/libnss_compat-2.27.so
7f38df224000-7f38df22e000 r-xp 00000000 08:01 797742                     /usr/lib/jvm/java-8-oracle/jre/lib/amd64/libinstrument.so
7f38df22e000-7f38df42d000 ---p 0000a000 08:01 797742                     /usr/lib/jvm/java-8-oracle/jre/lib/amd64/libinstrument.so
7f38df42d000-7f38df42e000 rw-p 00009000 08:01 797742                     /usr/lib/jvm/java-8-oracle/jre/lib/amd64/libinstrument.so
7f38df42e000-7f38dfdfd000 r--p 00000000 08:01 399301                     /usr/lib/locale/locale-archive
7f38dfdfd000-7f38dfdff000 r-xp 00000000 08:01 797708                     /usr/lib/jvm/java-8-oracle/jre/lib/amd64/libnpt.so
7f38dfdff000-7f38dffff000 ---p 00002000 08:01 797708                     /usr/lib/jvm/java-8-oracle/jre/lib/amd64/libnpt.so
7f38dffff000-7f38e0000000 rw-p 00002000 08:01 797708                     /usr/lib/jvm/java-8-oracle/jre/lib/amd64/libnpt.so
7f38e0000000-7f38e1260000 rw-p 00000000 00:00 0 
7f38e1260000-7f38e4000000 ---p 00000000 00:00 0 
7f38e401a000-7f38e402d000 r--s 00345000 08:01 666755                     /usr/lib/jvm/java-8-oracle/jre/lib/resources.jar
7f38e4061000-7f38e40d7000 rw-p 00000000 00:00 0 
7f38e40d7000-7f38e40d8000 ---p 00000000 00:00 0 
7f38e40d8000-7f38e41d8000 rw-p 00000000 00:00 0 
7f38e41d8000-7f38e4212000 r-xp 00000000 08:01 797720                     /usr/lib/jvm/java-8-oracle/jre/lib/amd64/libjdwp.so
7f38e4212000-7f38e4411000 ---p 0003a000 08:01 797720                     /usr/lib/jvm/java-8-oracle/jre/lib/amd64/libjdwp.so
7f38e4411000-7f38e4412000 rw-p 00039000 08:01 797720                     /usr/lib/jvm/java-8-oracle/jre/lib/amd64/libjdwp.so
7f38e4412000-7f38e4413000 rw-p 00000000 00:00 0 
7f38e4413000-7f38e443e000 r-xp 00000000 08:01 797727                     /usr/lib/jvm/java-8-oracle/jre/lib/amd64/libjava.so
7f38e443e000-7f38e463d000 ---p 0002b000 08:01 797727                     /usr/lib/jvm/java-8-oracle/jre/lib/amd64/libjava.so
7f38e463d000-7f38e463f000 rw-p 0002a000 08:01 797727                     /usr/lib/jvm/java-8-oracle/jre/lib/amd64/libjava.so
7f38e463f000-7f38e464c000 r-xp 00000000 08:01 797732                     /usr/lib/jvm/java-8-oracle/jre/lib/amd64/libverify.so
7f38e464c000-7f38e484c000 ---p 0000d000 08:01 797732                     /usr/lib/jvm/java-8-oracle/jre/lib/amd64/libverify.so
7f38e484c000-7f38e484e000 rw-p 0000d000 08:01 797732                     /usr/lib/jvm/java-8-oracle/jre/lib/amd64/libverify.so
7f38e484e000-7f38e4855000 r-xp 00000000 08:01 1837062                    /lib/x86_64-linux-gnu/librt-2.27.so
7f38e4855000-7f38e4a54000 ---p 00007000 08:01 1837062                    /lib/x86_64-linux-gnu/librt-2.27.so
7f38e4a54000-7f38e4a55000 r--p 00006000 08:01 1837062                    /lib/x86_64-linux-gnu/librt-2.27.so
7f38e4a55000-7f38e4a56000 rw-p 00007000 08:01 1837062                    /lib/x86_64-linux-gnu/librt-2.27.so
7f38e4a56000-7f38e4bf3000 r-xp 00000000 08:01 1836984                    /lib/x86_64-linux-gnu/libm-2.27.so
7f38e4bf3000-7f38e4df2000 ---p 0019d000 08:01 1836984                    /lib/x86_64-linux-gnu/libm-2.27.so
7f38e4df2000-7f38e4df3000 r--p 0019c000 08:01 1836984                    /lib/x86_64-linux-gnu/libm-2.27.so
7f38e4df3000-7f38e4df4000 rw-p 0019d000 08:01 1836984                    /lib/x86_64-linux-gnu/libm-2.27.so
7f38e4df4000-7f38e5ad0000 r-xp 00000000 08:01 925043                     /usr/lib/jvm/java-8-oracle/jre/lib/amd64/server/libjvm.so
7f38e5ad0000-7f38e5cd0000 ---p 00cdc000 08:01 925043                     /usr/lib/jvm/java-8-oracle/jre/lib/amd64/server/libjvm.so
7f38e5cd0000-7f38e5daa000 rw-p 00cdc000 08:01 925043                     /usr/lib/jvm/java-8-oracle/jre/lib/amd64/server/libjvm.so
7f38e5daa000-7f38e5df5000 rw-p 00000000 00:00 0 
7f38e5df5000-7f38e5fdc000 r-xp 00000000 08:01 1836921                    /lib/x86_64-linux-gnu/libc-2.27.so
7f38e5fdc000-7f38e61dc000 ---p 001e7000 08:01 1836921                    /lib/x86_64-linux-gnu/libc-2.27.so
7f38e61dc000-7f38e61e0000 r--p 001e7000 08:01 1836921                    /lib/x86_64-linux-gnu/libc-2.27.so
7f38e61e0000-7f38e61e2000 rw-p 001eb000 08:01 1836921                    /lib/x86_64-linux-gnu/libc-2.27.so
7f38e61e2000-7f38e61e6000 rw-p 00000000 00:00 0 
7f38e61e6000-7f38e61e9000 r-xp 00000000 08:01 1836944                    /lib/x86_64-linux-gnu/libdl-2.27.so
7f38e61e9000-7f38e63e8000 ---p 00003000 08:01 1836944                    /lib/x86_64-linux-gnu/libdl-2.27.so
7f38e63e8000-7f38e63e9000 r--p 00002000 08:01 1836944                    /lib/x86_64-linux-gnu/libdl-2.27.so
7f38e63e9000-7f38e63ea000 rw-p 00003000 08:01 1836944                    /lib/x86_64-linux-gnu/libdl-2.27.so
7f38e63ea000-7f38e6400000 r-xp 00000000 08:01 797188                     /usr/lib/jvm/java-8-oracle/lib/amd64/jli/libjli.so
7f38e6400000-7f38e65ff000 ---p 00016000 08:01 797188                     /usr/lib/jvm/java-8-oracle/lib/amd64/jli/libjli.so
7f38e65ff000-7f38e6600000 rw-p 00015000 08:01 797188                     /usr/lib/jvm/java-8-oracle/lib/amd64/jli/libjli.so
7f38e6600000-7f38e661a000 r-xp 00000000 08:01 1837054                    /lib/x86_64-linux-gnu/libpthread-2.27.so
7f38e661a000-7f38e6819000 ---p 0001a000 08:01 1837054                    /lib/x86_64-linux-gnu/libpthread-2.27.so
7f38e6819000-7f38e681a000 r--p 00019000 08:01 1837054                    /lib/x86_64-linux-gnu/libpthread-2.27.so
7f38e681a000-7f38e681b000 rw-p 0001a000 08:01 1837054                    /lib/x86_64-linux-gnu/libpthread-2.27.so
7f38e681b000-7f38e681f000 rw-p 00000000 00:00 0 
7f38e681f000-7f38e6846000 r-xp 00000000 08:01 1836893                    /lib/x86_64-linux-gnu/ld-2.27.so
7f38e684a000-7f38e691b000 rw-p 00000000 00:00 0 
7f38e691b000-7f38e691c000 ---p 00000000 00:00 0 
7f38e691c000-7f38e691f000 ---p 00000000 00:00 0 
7f38e691f000-7f38e6a20000 rw-p 00000000 00:00 0 
7f38e6a3a000-7f38e6a3c000 r--s 00001000 08:02 7605474                    /home/wmfsystem/App/idea-IU-182.4323.46/lib/rt/debugger-agent-storage.jar
7f38e6a3c000-7f38e6a44000 rw-s 00000000 08:01 261840                     /tmp/hsperfdata_wmfsystem/12633
7f38e6a44000-7f38e6a45000 rw-p 00000000 00:00 0 
7f38e6a45000-7f38e6a46000 r--p 00000000 00:00 0 
7f38e6a46000-7f38e6a47000 r--p 00027000 08:01 1836893                    /lib/x86_64-linux-gnu/ld-2.27.so
7f38e6a47000-7f38e6a48000 rw-p 00028000 08:01 1836893                    /lib/x86_64-linux-gnu/ld-2.27.so
7f38e6a48000-7f38e6a49000 rw-p 00000000 00:00 0 
7ffc79a3b000-7ffc79a5f000 rw-p 00000000 00:00 0                          [stack]
7ffc79aae000-7ffc79ab1000 r--p 00000000 00:00 0                          [vvar]
7ffc79ab1000-7ffc79ab3000 r-xp 00000000 00:00 0                          [vdso]
ffffffffff600000-ffffffffff601000 r-xp 00000000 00:00 0                  [vsyscall]

VM Arguments:
jvm_args: -agentlib:jdwp=transport=dt_socket,address=127.0.0.1:32829,suspend=y,server=n -javaagent:/home/wmfsystem/App/idea-IU-182.4323.46/lib/rt/debugger-agent.jar=file:/tmp/capture.props -Dfile.encoding=UTF-8 
java_command: br.ufpr.dinf.gres.opla.view.StartUpView
java_class_path (initial): /usr/lib/jvm/java-8-oracle/jre/lib/charsets.jar:/usr/lib/jvm/java-8-oracle/jre/lib/deploy.jar:/usr/lib/jvm/java-8-oracle/jre/lib/ext/cldrdata.jar:/usr/lib/jvm/java-8-oracle/jre/lib/ext/dnsns.jar:/usr/lib/jvm/java-8-oracle/jre/lib/ext/jaccess.jar:/usr/lib/jvm/java-8-oracle/jre/lib/ext/jfxrt.jar:/usr/lib/jvm/java-8-oracle/jre/lib/ext/localedata.jar:/usr/lib/jvm/java-8-oracle/jre/lib/ext/nashorn.jar:/usr/lib/jvm/java-8-oracle/jre/lib/ext/sunec.jar:/usr/lib/jvm/java-8-oracle/jre/lib/ext/sunjce_provider.jar:/usr/lib/jvm/java-8-oracle/jre/lib/ext/sunpkcs11.jar:/usr/lib/jvm/java-8-oracle/jre/lib/ext/zipfs.jar:/usr/lib/jvm/java-8-oracle/jre/lib/javaws.jar:/usr/lib/jvm/java-8-oracle/jre/lib/jce.jar:/usr/lib/jvm/java-8-oracle/jre/lib/jfr.jar:/usr/lib/jvm/java-8-oracle/jre/lib/jfxswt.jar:/usr/lib/jvm/java-8-oracle/jre/lib/jsse.jar:/usr/lib/jvm/java-8-oracle/jre/lib/management-agent.jar:/usr/lib/jvm/java-8-oracle/jre/lib/plugin.jar:/usr/lib/jvm/java-8-oracle/jre/lib/resources.jar:/usr/lib/jvm/java-8-oracle/jre/lib/rt.jar:/home/wmfsystem/IdeaProjects/OPLA-Tool/modules/opla-desktop-view/target/classes:/home/wmfsystem/.m2/repository/log4j/log4j/1.2.17/log4j-1.2.17.jar:/home/wmfsystem/IdeaProjects/OPLA-Tool/modules/opla-core/target/classes:/home/wmfsystem/.m2/repository/nz/ac/waikato/cms/weka/weka-dev/3.9.3/weka-dev-3.9.3.jar:/home/wmfsystem/.m2/repository/nz/ac/waikato/cms/weka/thirdparty/java-cup-11b/2015.03.26/java-cup-11b-2015.03.26.jar:/home/wmfsystem/.m2/repository/nz/ac/waikato/cms/weka/thirdparty/java-cup-11b-runtime/2015.03.26/java-cup-11b-runtime-2015.03.26.jar:/home/wmfsystem/.m2/repository/nz/ac/waikato/cms/weka/thirdparty/bounce/0.18/bounce-0.18.jar:/home/wmfsystem/.m2/repository/com/googlecode/matrix-toolkits-java/mtj/1.0.4/mtj-1.0.4.jar:/home/wmfsystem/.m2/repository/com/github/fommil/netlib/netlib-native_ref-osx-x86_64/1.1/netlib-native_ref-osx-x86_64-1.1-natives.jar:/home/wmfsystem/.m2/repository/com/github/fommil/netlib/native_ref-java
Launcher Type: SUN_STANDARD

Environment Variables:
JAVA_HOME=/usr/lib/jvm/java-8-oracle
PATH=/home/wmfsystem/.local/bin:/usr/local/sbin:/usr/local/bin:/usr/sbin:/usr/bin:/sbin:/bin:/usr/games:/usr/local/games:/snap/bin:/usr/lib/jvm/java-8-oracle/bin:/usr/lib/jvm/java-8-oracle/br.ufpr.dinf.gres.opla.db/bin:/usr/lib/jvm/java-8-oracle/jre/bin
USERNAME=wmfsystem
SHELL=/bin/bash
DISPLAY=:0

Signal Handlers:
SIGSEGV: [libjvm.so+0xad2a40], sa_mask[0]=11111111011111111101111111111110, sa_flags=SA_RESTART|SA_SIGINFO
SIGBUS: [libjvm.so+0xad2a40], sa_mask[0]=11111111011111111101111111111110, sa_flags=SA_RESTART|SA_SIGINFO
SIGFPE: [libjvm.so+0x92a610], sa_mask[0]=11111111011111111101111111111110, sa_flags=SA_RESTART|SA_SIGINFO
SIGPIPE: [libjvm.so+0x92a610], sa_mask[0]=11111111011111111101111111111110, sa_flags=SA_RESTART|SA_SIGINFO
SIGXFSZ: [libjvm.so+0x92a610], sa_mask[0]=11111111011111111101111111111110, sa_flags=SA_RESTART|SA_SIGINFO
SIGILL: [libjvm.so+0x92a610], sa_mask[0]=11111111011111111101111111111110, sa_flags=SA_RESTART|SA_SIGINFO
SIGUSR1: SIG_DFL, sa_mask[0]=00000000000000000000000000000000, sa_flags=none
SIGUSR2: [libjvm.so+0x92be70], sa_mask[0]=00100000000000000000000000000000, sa_flags=SA_RESTART|SA_SIGINFO
SIGHUP: [libjvm.so+0x92d270], sa_mask[0]=11111111011111111101111111111110, sa_flags=SA_RESTART|SA_SIGINFO
SIGINT: [libjvm.so+0x92d270], sa_mask[0]=11111111011111111101111111111110, sa_flags=SA_RESTART|SA_SIGINFO
SIGTERM: [libjvm.so+0x92d270], sa_mask[0]=11111111011111111101111111111110, sa_flags=SA_RESTART|SA_SIGINFO
SIGQUIT: [libjvm.so+0x92d270], sa_mask[0]=11111111011111111101111111111110, sa_flags=SA_RESTART|SA_SIGINFO


---------------  S Y S T E M  ---------------

OS:DISTRIB_ID=Ubuntu
DISTRIB_RELEASE=18.04
DISTRIB_CODENAME=bionic
DISTRIB_DESCRIPTION="Ubuntu 18.04.1 LTS"

uname:Linux 4.15.0-42-generic #45-Ubuntu SMP Thu Nov 15 19:32:57 UTC 2018 x86_64
libc:glibc 2.27 NPTL 2.27 
rlimit: STACK 8192k, CORE 0k, NPROC 30995, NOFILE 1048576, AS infinity
load average:3,84 3,93 3,71

/proc/meminfo:
MemTotal:        8040448 kB
MemFree:          138636 kB
MemAvailable:    2356340 kB
Buffers:          199576 kB
Cached:          2822468 kB
SwapCached:          132 kB
Active:          5007980 kB
Inactive:        2450668 kB
Active(anon):    4182148 kB
Inactive(anon):   910384 kB
Active(file):     825832 kB
Inactive(file):  1540284 kB
Unevictable:         780 kB
Mlocked:             780 kB
SwapTotal:       1952764 kB
SwapFree:        1942268 kB
Dirty:             17492 kB
Writeback:             0 kB
AnonPages:       4437112 kB
Mapped:           632668 kB
Shmem:            655928 kB
Slab:             264964 kB
SReclaimable:     151956 kB
SUnreclaim:       113008 kB
KernelStack:       15744 kB
PageTables:        70728 kB
NFS_Unstable:          0 kB
Bounce:                0 kB
WritebackTmp:          0 kB
CommitLimit:     5972988 kB
Committed_AS:   12281596 kB
VmallocTotal:   34359738367 kB
VmallocUsed:           0 kB
VmallocChunk:          0 kB
HardwareCorrupted:     0 kB
AnonHugePages:         0 kB
ShmemHugePages:        0 kB
ShmemPmdMapped:        0 kB
CmaTotal:              0 kB
CmaFree:               0 kB
HugePages_Total:       0
HugePages_Free:        0
HugePages_Rsvd:        0
HugePages_Surp:        0
Hugepagesize:       2048 kB
DirectMap4k:      735220 kB
DirectMap2M:     7526400 kB
DirectMap1G:           0 kB


CPU:total 4 (initial active 4) (2 cores per cpu, 2 threads per core) family 6 model 142 stepping 9, cmov, cx8, fxsr, mmx, sse, sse2, sse3, ssse3, sse4.1, sse4.2, popcnt, avx, avx2, aes, clmul, erms, 3dnowpref, lzcnt, ht, tsc, tscinvbit, bmi1, bmi2, adx

/proc/cpuinfo:
