#
# A fatal error has been detected by the Java Runtime Environment:
#
#  SIGSEGV (0xb) at pc=0x00007f0cb1a76084, pid=5108, tid=5196
#
# JRE version: OpenJDK Runtime Environment (13.0+33) (build 13+33-Ubuntu-1)
# Java VM: OpenJDK 64-Bit Server VM (13+33-Ubuntu-1, mixed mode, tiered, compressed oops, g1 gc, linux-amd64)
# Problematic frame:
# C  [libpthread.so.0+0xc084]  __pthread_mutex_lock+0x4
#
# Core dump will be written. Default location: Core dumps may be processed with "/usr/share/apport/apport %p %s %c %d %P" (or dumping to /home/wmfsystem/IdeaProjects/OPLA-Tool/core.5108)
#
# If you would like to submit a bug report, please visit:
#   Unknown
# The crash happened outside the Java Virtual Machine in native code.
# See problematic frame for where to report the bug.
#

---------------  S U M M A R Y ------------

Command Line: -agentlib:jdwp=transport=dt_socket,address=127.0.0.1:48913,suspend=y,server=n -XX:TieredStopAtLevel=1 -Xverify:none -Dspring.output.ansi.enabled=always -Dcom.sun.management.jmxremote -Dspring.jmx.enabled=true -Dspring.liveBeansView.mbeanDomain -Dspring.application.admin.enabled=true -javaagent:/home/wmfsystem/App/idea-IU-192.7142.36/plugins/java/lib/rt/debugger-agent.jar -Dfile.encoding=UTF-8 br.ufpr.dinf.gres.oplaapi.OplaApiApplication

Host: Intel(R) Core(TM) i7-7500U CPU @ 2.70GHz, 4 cores, 7G, Ubuntu 19.10
Time: Sat Feb 22 19:07:19 2020 -03 elapsed time: 19 seconds (0d 0h 0m 19s)

---------------  T H R E A D  ---------------

Current thread (0x00007f0c29052800):  JavaThread "http-nio-8080-exec-3" daemon [_thread_in_native, id=5196, stack(0x00007f0c12e11000,0x00007f0c12f12000)]

Stack: [0x00007f0c12e11000,0x00007f0c12f12000],  sp=0x00007f0c12f0dc88,  free space=1011k
Native frames: (J=compiled Java code, A=aot compiled Java code, j=interpreted, Vv=VM code, C=native code)
C  [libpthread.so.0+0xc084]  __pthread_mutex_lock+0x4

Java frames: (J=compiled Java code, j=interpreted, Vv=VM code)
j  org.sqlite.core.NativeDB.reset(J)I+0
j  org.sqlite.jdbc3.JDBC3PreparedStatement.executeQuery()Ljava/sql/ResultSet;+36
j  org.hibernate.engine.jdbc.internal.ResultSetReturnImpl.extract(Ljava/sql/PreparedStatement;)Ljava/sql/ResultSet;+33
j  org.hibernate.loader.Loader.getResultSet(Ljava/sql/PreparedStatement;Lorg/hibernate/engine/spi/RowSelection;Lorg/hibernate/dialect/pagination/LimitHandler;ZLorg/hibernate/engine/spi/SharedSessionContractImplementor;)Ljava/sql/ResultSet;+13
j  org.hibernate.loader.Loader.executeQueryStatement(Ljava/lang/String;Lorg/hibernate/engine/spi/QueryParameters;ZLjava/util/List;Lorg/hibernate/engine/spi/SharedSessionContractImplementor;)Lorg/hibernate/loader/Loader$SqlStatementWrapper;+89
j  org.hibernate.loader.Loader.executeQueryStatement(Lorg/hibernate/engine/spi/QueryParameters;ZLjava/util/List;Lorg/hibernate/engine/spi/SharedSessionContractImplementor;)Lorg/hibernate/loader/Loader$SqlStatementWrapper;+10
j  org.hibernate.loader.Loader.doQuery(Lorg/hibernate/engine/spi/SharedSessionContractImplementor;Lorg/hibernate/engine/spi/QueryParameters;ZLorg/hibernate/transform/ResultTransformer;)Ljava/util/List;+44
j  org.hibernate.loader.Loader.doQueryAndInitializeNonLazyCollections(Lorg/hibernate/engine/spi/SharedSessionContractImplementor;Lorg/hibernate/engine/spi/QueryParameters;ZLorg/hibernate/transform/ResultTransformer;)Ljava/util/List;+62
j  org.hibernate.loader.Loader.doList(Lorg/hibernate/engine/spi/SharedSessionContractImplementor;Lorg/hibernate/engine/spi/QueryParameters;Lorg/hibernate/transform/ResultTransformer;)Ljava/util/List;+34
j  org.hibernate.loader.Loader.doList(Lorg/hibernate/engine/spi/SharedSessionContractImplementor;Lorg/hibernate/engine/spi/QueryParameters;)Ljava/util/List;+4
j  org.hibernate.loader.Loader.listIgnoreQueryCache(Lorg/hibernate/engine/spi/SharedSessionContractImplementor;Lorg/hibernate/engine/spi/QueryParameters;)Ljava/util/List;+4
j  org.hibernate.loader.Loader.list(Lorg/hibernate/engine/spi/SharedSessionContractImplementor;Lorg/hibernate/engine/spi/QueryParameters;Ljava/util/Set;[Lorg/hibernate/type/Type;)Ljava/util/List;+49
j  org.hibernate.loader.hql.QueryLoader.list(Lorg/hibernate/engine/spi/SharedSessionContractImplementor;Lorg/hibernate/engine/spi/QueryParameters;)Ljava/util/List;+19
j  org.hibernate.hql.internal.ast.QueryTranslatorImpl.list(Lorg/hibernate/engine/spi/SharedSessionContractImplementor;Lorg/hibernate/engine/spi/QueryParameters;)Ljava/util/List;+146
j  org.hibernate.engine.query.spi.HQLQueryPlan.performList(Lorg/hibernate/engine/spi/QueryParameters;Lorg/hibernate/engine/spi/SharedSessionContractImplementor;)Ljava/util/List;+153
j  org.hibernate.internal.SessionImpl.list(Ljava/lang/String;Lorg/hibernate/engine/spi/QueryParameters;)Ljava/util/List;+58
j  org.hibernate.query.internal.AbstractProducedQuery.doList()Ljava/util/List;+80
j  org.hibernate.query.internal.AbstractProducedQuery.list()Ljava/util/List;+5
j  org.hibernate.query.Query.getResultList()Ljava/util/List;+1
j  br.ufpr.dinf.gres.persistence.dao.ExecutionDAO.findByExperimentId(Ljava/lang/Long;)Ljava/util/List;+25
j  br.ufpr.dinf.gres.oplaapi.PersistenceController.getExecutionsByExperiment(Ljava/lang/Long;)Lreactor/core/publisher/Mono;+5
v  ~StubRoutines::call_stub
J 2185  jdk.internal.reflect.NativeMethodAccessorImpl.invoke0(Ljava/lang/reflect/Method;Ljava/lang/Object;[Ljava/lang/Object;)Ljava/lang/Object; java.base@13 (0 bytes) @ 0x00007f0c9518a5b7 [0x00007f0c9518a540+0x0000000000000077]
J 2184 c1 jdk.internal.reflect.NativeMethodAccessorImpl.invoke(Ljava/lang/Object;[Ljava/lang/Object;)Ljava/lang/Object; java.base@13 (104 bytes) @ 0x00007f0c9518d5a4 [0x00007f0c9518d220+0x0000000000000384]
J 2183 c1 jdk.internal.reflect.DelegatingMethodAccessorImpl.invoke(Ljava/lang/Object;[Ljava/lang/Object;)Ljava/lang/Object; java.base@13 (10 bytes) @ 0x00007f0c9518ce7c [0x00007f0c9518ce20+0x000000000000005c]
J 2186 c1 java.lang.reflect.Method.invoke(Ljava/lang/Object;[Ljava/lang/Object;)Ljava/lang/Object; java.base@13 (65 bytes) @ 0x00007f0c9518e1f4 [0x00007f0c9518e0e0+0x0000000000000114]
j  org.springframework.web.method.support.InvocableHandlerMethod.doInvoke([Ljava/lang/Object;)Ljava/lang/Object;+16
j  org.springframework.web.method.support.InvocableHandlerMethod.invokeForRequest(Lorg/springframework/web/context/request/NativeWebRequest;Lorg/springframework/web/method/support/ModelAndViewContainer;[Ljava/lang/Object;)Ljava/lang/Object;+56
j  org.springframework.web.servlet.mvc.method.annotation.ServletInvocableHandlerMethod.invokeAndHandle(Lorg/springframework/web/context/request/ServletWebRequest;Lorg/springframework/web/method/support/ModelAndViewContainer;[Ljava/lang/Object;)V+4
j  org.springframework.web.servlet.mvc.method.annotation.RequestMappingHandlerAdapter.invokeHandlerMethod(Ljavax/servlet/http/HttpServletRequest;Ljavax/servlet/http/HttpServletResponse;Lorg/springframework/web/method/HandlerMethod;)Lorg/springframework/web/servlet/ModelAndView;+244
j  org.springframework.web.servlet.mvc.method.annotation.RequestMappingHandlerAdapter.handleInternal(Ljavax/servlet/http/HttpServletRequest;Ljavax/servlet/http/HttpServletResponse;Lorg/springframework/web/method/HandlerMethod;)Lorg/springframework/web/servlet/ModelAndView;+81
j  org.springframework.web.servlet.mvc.method.AbstractHandlerMethodAdapter.handle(Ljavax/servlet/http/HttpServletRequest;Ljavax/servlet/http/HttpServletResponse;Ljava/lang/Object;)Lorg/springframework/web/servlet/ModelAndView;+7
j  org.springframework.web.servlet.DispatcherServlet.doDispatch(Ljavax/servlet/http/HttpServletRequest;Ljavax/servlet/http/HttpServletResponse;)V+257
j  org.springframework.web.servlet.DispatcherServlet.doService(Ljavax/servlet/http/HttpServletRequest;Ljavax/servlet/http/HttpServletResponse;)V+212
j  org.springframework.web.servlet.FrameworkServlet.processRequest(Ljavax/servlet/http/HttpServletRequest;Ljavax/servlet/http/HttpServletResponse;)V+71
j  org.springframework.web.servlet.FrameworkServlet.doGet(Ljavax/servlet/http/HttpServletRequest;Ljavax/servlet/http/HttpServletResponse;)V+3
j  javax.servlet.http.HttpServlet.service(Ljavax/servlet/http/HttpServletRequest;Ljavax/servlet/http/HttpServletResponse;)V+35
j  org.springframework.web.servlet.FrameworkServlet.service(Ljavax/servlet/http/HttpServletRequest;Ljavax/servlet/http/HttpServletResponse;)V+33
j  javax.servlet.http.HttpServlet.service(Ljavax/servlet/ServletRequest;Ljavax/servlet/ServletResponse;)V+36
j  org.apache.catalina.core.ApplicationFilterChain.internalDoFilter(Ljavax/servlet/ServletRequest;Ljavax/servlet/ServletResponse;)V+304
j  org.apache.catalina.core.ApplicationFilterChain.doFilter(Ljavax/servlet/ServletRequest;Ljavax/servlet/ServletResponse;)V+101
j  org.apache.tomcat.websocket.server.WsFilter.doFilter(Ljavax/servlet/ServletRequest;Ljavax/servlet/ServletResponse;Ljavax/servlet/FilterChain;)V+21
j  org.apache.catalina.core.ApplicationFilterChain.internalDoFilter(Ljavax/servlet/ServletRequest;Ljavax/servlet/ServletResponse;)V+135
j  org.apache.catalina.core.ApplicationFilterChain.doFilter(Ljavax/servlet/ServletRequest;Ljavax/servlet/ServletResponse;)V+101
j  org.springframework.web.filter.RequestContextFilter.doFilterInternal(Ljavax/servlet/http/HttpServletRequest;Ljavax/servlet/http/HttpServletResponse;Ljavax/servlet/FilterChain;)V+21
j  org.springframework.web.filter.OncePerRequestFilter.doFilter(Ljavax/servlet/ServletRequest;Ljavax/servlet/ServletResponse;Ljavax/servlet/FilterChain;)V+147
j  org.apache.catalina.core.ApplicationFilterChain.internalDoFilter(Ljavax/servlet/ServletRequest;Ljavax/servlet/ServletResponse;)V+135
j  org.apache.catalina.core.ApplicationFilterChain.doFilter(Ljavax/servlet/ServletRequest;Ljavax/servlet/ServletResponse;)V+101
j  org.springframework.web.filter.FormContentFilter.doFilterInternal(Ljavax/servlet/http/HttpServletRequest;Ljavax/servlet/http/HttpServletResponse;Ljavax/servlet/FilterChain;)V+38
j  org.springframework.web.filter.OncePerRequestFilter.doFilter(Ljavax/servlet/ServletRequest;Ljavax/servlet/ServletResponse;Ljavax/servlet/FilterChain;)V+147
j  org.apache.catalina.core.ApplicationFilterChain.internalDoFilter(Ljavax/servlet/ServletRequest;Ljavax/servlet/ServletResponse;)V+135
j  org.apache.catalina.core.ApplicationFilterChain.doFilter(Ljavax/servlet/ServletRequest;Ljavax/servlet/ServletResponse;)V+101
j  org.springframework.web.filter.CharacterEncodingFilter.doFilterInternal(Ljavax/servlet/http/HttpServletRequest;Ljavax/servlet/http/HttpServletResponse;Ljavax/servlet/FilterChain;)V+53
j  org.springframework.web.filter.OncePerRequestFilter.doFilter(Ljavax/servlet/ServletRequest;Ljavax/servlet/ServletResponse;Ljavax/servlet/FilterChain;)V+147
j  org.apache.catalina.core.ApplicationFilterChain.internalDoFilter(Ljavax/servlet/ServletRequest;Ljavax/servlet/ServletResponse;)V+135
j  org.apache.catalina.core.ApplicationFilterChain.doFilter(Ljavax/servlet/ServletRequest;Ljavax/servlet/ServletResponse;)V+101
j  org.apache.catalina.core.StandardWrapperValve.invoke(Lorg/apache/catalina/connector/Request;Lorg/apache/catalina/connector/Response;)V+694
j  org.apache.catalina.core.StandardContextValve.invoke(Lorg/apache/catalina/connector/Request;Lorg/apache/catalina/connector/Response;)V+166
j  org.apache.catalina.authenticator.AuthenticatorBase.invoke(Lorg/apache/catalina/connector/Request;Lorg/apache/catalina/connector/Response;)V+260
j  org.apache.catalina.core.StandardHostValve.invoke(Lorg/apache/catalina/connector/Request;Lorg/apache/catalina/connector/Response;)V+114
j  org.apache.catalina.valves.ErrorReportValve.invoke(Lorg/apache/catalina/connector/Request;Lorg/apache/catalina/connector/Response;)V+6
j  org.apache.catalina.core.StandardEngineValve.invoke(Lorg/apache/catalina/connector/Request;Lorg/apache/catalina/connector/Response;)V+45
j  org.apache.catalina.connector.CoyoteAdapter.service(Lorg/apache/coyote/Request;Lorg/apache/coyote/Response;)V+199
j  org.apache.coyote.http11.Http11Processor.service(Lorg/apache/tomcat/util/net/SocketWrapperBase;)Lorg/apache/tomcat/util/net/AbstractEndpoint$Handler$SocketState;+727
j  org.apache.coyote.AbstractProcessorLight.process(Lorg/apache/tomcat/util/net/SocketWrapperBase;Lorg/apache/tomcat/util/net/SocketEvent;)Lorg/apache/tomcat/util/net/AbstractEndpoint$Handler$SocketState;+170
j  org.apache.coyote.AbstractProtocol$ConnectionHandler.process(Lorg/apache/tomcat/util/net/SocketWrapperBase;Lorg/apache/tomcat/util/net/SocketEvent;)Lorg/apache/tomcat/util/net/AbstractEndpoint$Handler$SocketState;+429
j  org.apache.tomcat.util.net.NioEndpoint$SocketProcessor.doRun()V+221
j  org.apache.tomcat.util.net.SocketProcessorBase.run()V+21
j  java.util.concurrent.ThreadPoolExecutor.runWorker(Ljava/util/concurrent/ThreadPoolExecutor$Worker;)V+92 java.base@13
j  java.util.concurrent.ThreadPoolExecutor$Worker.run()V+5 java.base@13
j  org.apache.tomcat.util.threads.TaskThread$WrappingRunnable.run()V+4
j  java.lang.Thread.run()V+11 java.base@13
v  ~StubRoutines::call_stub

siginfo: si_signo: 11 (SIGSEGV), si_code: 128 (SI_KERNEL), si_addr: 0x0000000000000000

Register to memory mapping:

RAX=0x00007f0cb1a76080: __pthread_mutex_lock+0x0000000000000000 in /lib/x86_64-linux-gnu/libpthread.so.0 at 0x00007f0cb1a6a000
RBX=0x0 is NULL
RCX=0x000000006c65746e is an unknown value
RDX=0x00007f0c38036a78 points into unknown readable memory: a8 df 03 38 0c 7f 00 00
RSP=0x00007f0c12f0dc88 is pointing into the stack for thread: 0x00007f0c29052800
RBP=0x00007f0c38036a78 points into unknown readable memory: a8 df 03 38 0c 7f 00 00
RSI=0x00007f0c12f0dd58 is pointing into the stack for thread: 0x00007f0c29052800
RDI=0x2c5f345f31646920 is an unknown value
R8 =0x0 is NULL
R9 =0x00007f0c29053a00 points into unknown readable memory: 48 4a 94 8c 0c 7f 00 00
R10=0x00007f0c947ba7a9 is at code_begin+2185 in an Interpreter codelet
method entry point (kind = native_synchronized)  [0x00007f0c947b9f20, 0x00007f0c947bb1e0]  4800 bytes
R11=0x00007f0c13d42e10: <offset 0x000000000002ce10> in /tmp/sqlite-3.20.0-473b23d1-d3e6-47e3-87e2-314acbe2e441-libsqlitejdbc.so at 0x00007f0c13d16000
R12=0x00007f0c3803dfa8 points into unknown readable memory: f8 8f 03 38 0c 7f 00 00
R13={method} {0x00007f0c6c2a6428} 'reset' '(J)I' in 'org/sqlite/core/NativeDB'
R14=0x00007f0c12f0dd58 is pointing into the stack for thread: 0x00007f0c29052800
R15=0x00007f0c29052800 is a thread


Registers:
RAX=0x00007f0cb1a76080, RBX=0x0000000000000000, RCX=0x000000006c65746e, RDX=0x00007f0c38036a78
RSP=0x00007f0c12f0dc88, RBP=0x00007f0c38036a78, RSI=0x00007f0c12f0dd58, RDI=0x2c5f345f31646920
R8 =0x0000000000000000, R9 =0x00007f0c29053a00, R10=0x00007f0c947ba7a9, R11=0x00007f0c13d42e10
R12=0x00007f0c3803dfa8, R13=0x00007f0c6c2a6428, R14=0x00007f0c12f0dd58, R15=0x00007f0c29052800
RIP=0x00007f0cb1a76084, EFLAGS=0x0000000000010202, CSGSFS=0x002b000000000033, ERR=0x0000000000000000
  TRAPNO=0x000000000000000d

Top of Stack: (sp=0x00007f0c12f0dc88)
0x00007f0c12f0dc88:   00007f0c13d921da 00007f0c6c2a6428
0x00007f0c12f0dc98:   00007f0c12f0dd28 0000000000000000
0x00007f0c12f0dca8:   00007f0c947ba7d8 00007f0c12f0dd28
0x00007f0c12f0dcb8:   00007f0c947ba25f 00007f0c12f0dce8 

Instructions: (pc=0x00007f0cb1a76084)
0x00007f0cb1a75f84:   ba 01 00 00 00 be 01 00 00 00 48 89 ef b8 ca 00
0x00007f0cb1a75f94:   00 00 0f 05 eb b7 41 83 e9 01 41 83 f9 01 0f 87
0x00007f0cb1a75fa4:   f8 fb ff ff 48 8d 0d b1 c6 00 00 ba ac 01 00 00
0x00007f0cb1a75fb4:   48 8d 35 3a c5 00 00 48 8d 3d 6e c5 00 00 e8 a9
0x00007f0cb1a75fc4:   b7 ff ff 8b 4d 00 e9 a2 fa ff ff 90 41 8b 45 00
0x00007f0cb1a75fd4:   83 e0 7f 83 f8 12 74 8d 83 f8 11 0f 85 0d fe ff
0x00007f0cb1a75fe4:   ff 64 48 c7 04 25 f0 02 00 00 00 00 00 00 8b 45
0x00007f0cb1a75ff4:   04 83 f8 ff 0f 84 39 ff ff ff 83 c0 01 89 45 04
0x00007f0cb1a76004:   e9 f5 fa ff ff 0f 1f 80 00 00 00 00 c7 45 04 00
0x00007f0cb1a76014:   00 00 00 45 31 d2 31 d2 be 07 00 00 00 e9 68 ff
0x00007f0cb1a76024:   ff ff 48 8d 0d 33 c6 00 00 ba 4f 02 00 00 48 8d
0x00007f0cb1a76034:   35 bc c4 00 00 48 8d 3d d2 c4 00 00 e8 2b b7 ff
0x00007f0cb1a76044:   ff 0f 1f 00 41 bf 23 00 00 00 e9 ab fa ff ff 48
0x00007f0cb1a76054:   8d 0d 06 c6 00 00 ba b1 01 00 00 48 8d 35 8f c4
0x00007f0cb1a76064:   00 00 48 8d 3d 43 c5 00 00 e8 fe b6 ff ff 66 66
0x00007f0cb1a76074:   2e 0f 1f 84 00 00 00 00 00 0f 1f 00 f3 0f 1e fa
0x00007f0cb1a76084:   8b 47 10 89 c2 81 e2 7f 01 00 00 90 83 e0 7c 75
0x00007f0cb1a76094:   7b 53 48 83 ec 10 85 d2 75 7a 8b 0d 54 63 01 00
0x00007f0cb1a760a4:   85 c9 75 38 31 c0 ba 01 00 00 00 f0 0f b1 17 0f
0x00007f0cb1a760b4:   85 97 00 00 00 8b 57 08 85 d2 0f 85 41 01 00 00
0x00007f0cb1a760c4:   64 8b 04 25 d0 02 00 00 89 47 08 83 47 0c 01 90
0x00007f0cb1a760d4:   31 c0 48 83 c4 10 5b c3 0f 1f 40 00 8b 47 10 f6
0x00007f0cb1a760e4:   c4 03 74 08 f6 c4 01 74 bb eb 07 90 80 cc 01 89
0x00007f0cb1a760f4:   47 10 8b 57 10 48 83 c4 10 48 8d 77 16 5b 81 e2
0x00007f0cb1a76104:   80 00 00 00 e9 c3 b2 00 00 0f 1f 00 e9 fb f8 ff
0x00007f0cb1a76114:   ff 0f 1f 00 81 fa 00 01 00 00 74 d6 8b 57 10 83
0x00007f0cb1a76124:   e2 7f 83 fa 01 75 5f 64 8b 0c 25 d0 02 00 00 39
0x00007f0cb1a76134:   4f 08 75 35 8b 47 04 83 f8 ff 0f 84 b7 00 00 00
0x00007f0cb1a76144:   83 c0 01 89 47 04 31 c0 eb 88 66 90 8b 77 10 48
0x00007f0cb1a76154:   89 7c 24 08 81 e6 80 00 00 00 e8 1d 7f 00 00 48
0x00007f0cb1a76164:   8b 7c 24 08 e9 4c ff ff ff f0 0f b1 17 75 6b 8b
0x00007f0cb1a76174:   47 08 85 c0 0f 85 cc 00 00 00 c7 47 04 01 00 00 


Stack slot to memory mapping:
stack at sp + 0 slots: 0x00007f0c13d921da: <offset 0x000000000007c1da> in /tmp/sqlite-3.20.0-473b23d1-d3e6-47e3-87e2-314acbe2e441-libsqlitejdbc.so at 0x00007f0c13d16000
stack at sp + 1 slots: {method} {0x00007f0c6c2a6428} 'reset' '(J)I' in 'org/sqlite/core/NativeDB'
stack at sp + 2 slots: 0x00007f0c12f0dd28 is pointing into the stack for thread: 0x00007f0c29052800
stack at sp + 3 slots: 0x0 is NULL
stack at sp + 4 slots: 0x00007f0c947ba7d8 is at code_begin+2232 in an Interpreter codelet
method entry point (kind = native_synchronized)  [0x00007f0c947b9f20, 0x00007f0c947bb1e0]  4800 bytes
stack at sp + 5 slots: 0x00007f0c12f0dd28 is pointing into the stack for thread: 0x00007f0c29052800
stack at sp + 6 slots: 0x00007f0c947ba25f is at code_begin+831 in an Interpreter codelet
method entry point (kind = native_synchronized)  [0x00007f0c947b9f20, 0x00007f0c947bb1e0]  4800 bytes
stack at sp + 7 slots: 0x00007f0c12f0dce8 is pointing into the stack for thread: 0x00007f0c29052800


---------------  P R O C E S S  ---------------

Threads class SMR info:
_java_thread_list=0x00007f0c4401f810, length=39, elements={
0x00007f0cac1a8800, 0x00007f0cac1ac000, 0x00007f0cac1ce000, 0x00007f0cac1c2800,
0x00007f0cac1c4800, 0x00007f0cac2af800, 0x00007f0cac30e000, 0x00007f0cac311800,
0x00007f0c58001800, 0x00007f0cac821000, 0x00007f0cac999000, 0x00007f0c64001000,
0x00007f0c40003800, 0x00007f0c2c02a800, 0x00007f0c2899a800, 0x00007f0c202ce000,
0x00007f0c2899e000, 0x00007f0c28bd5800, 0x00007f0c29038800, 0x00007f0c2903c800,
0x00007f0c2904d800, 0x00007f0c2904f800, 0x00007f0c29051000, 0x00007f0c29052800,
0x00007f0c29054800, 0x00007f0c29056800, 0x00007f0c29058800, 0x00007f0c2905a800,
0x00007f0c2905c800, 0x00007f0c2905e000, 0x00007f0c29060000, 0x00007f0c29066800,
0x00007f0c29069800, 0x00007f0cac01d800, 0x00007f0c40006800, 0x00007f0c40007800,
0x00007f0c40009000, 0x00007f0c44018000, 0x00007f0c4401e800
}

Java Threads: ( => current thread )
  0x00007f0cac1a8800 JavaThread "Reference Handler" daemon [_thread_blocked, id=5123, stack(0x00007f0c8c5e4000,0x00007f0c8c6e5000)]
  0x00007f0cac1ac000 JavaThread "Finalizer" daemon [_thread_blocked, id=5124, stack(0x00007f0c8c4e3000,0x00007f0c8c5e4000)]
  0x00007f0cac1ce000 JavaThread "Signal Dispatcher" daemon [_thread_blocked, id=5125, stack(0x00007f0c8c3e2000,0x00007f0c8c4e3000)]
  0x00007f0cac1c2800 JavaThread "C1 CompilerThread0" daemon [_thread_blocked, id=5126, stack(0x00007f0c8c2e1000,0x00007f0c8c3e2000)]
  0x00007f0cac1c4800 JavaThread "Sweeper thread" daemon [_thread_blocked, id=5127, stack(0x00007f0c8c1e0000,0x00007f0c8c2e1000)]
  0x00007f0cac2af800 JavaThread "Common-Cleaner" daemon [_thread_blocked, id=5131, stack(0x00007f0c8c0df000,0x00007f0c8c1e0000)]
  0x00007f0cac30e000 JavaThread "JDWP Transport Listener: dt_socket" daemon [_thread_blocked, id=5133, stack(0x00007f0c6f121000,0x00007f0c6f222000)]
  0x00007f0cac311800 JavaThread "JDWP Event Helper Thread" daemon [_thread_blocked, id=5134, stack(0x00007f0c6f020000,0x00007f0c6f121000)]
  0x00007f0c58001800 JavaThread "JDWP Command Reader" daemon [_thread_in_native, id=5135, stack(0x00007f0c6ef1f000,0x00007f0c6f020000)]
  0x00007f0cac821000 JavaThread "Service Thread" daemon [_thread_blocked, id=5137, stack(0x00007f0c6ee1e000,0x00007f0c6ef1f000)]
  0x00007f0cac999000 JavaThread "RMI TCP Accept-0" daemon [_thread_in_native, id=5141, stack(0x00007f0c6e919000,0x00007f0c6ea1a000)]
  0x00007f0c64001000 JavaThread "Attach Listener" daemon [_thread_blocked, id=5145, stack(0x00007f0c6e516000,0x00007f0c6e617000)]
  0x00007f0c40003800 JavaThread "RMI TCP Connection(idle)" daemon [_thread_blocked, id=5147, stack(0x00007f0c6e415000,0x00007f0c6e516000)]
  0x00007f0c2c02a800 JavaThread "RMI Scheduler(0)" daemon [_thread_blocked, id=5151, stack(0x00007f0c6e114000,0x00007f0c6e215000)]
  0x00007f0c2899a800 JavaThread "Catalina-utility-1" [_thread_blocked, id=5180, stack(0x00007f0c6db10000,0x00007f0c6dc11000)]
  0x00007f0c202ce000 JavaThread "Catalina-utility-2" [_thread_blocked, id=5181, stack(0x00007f0c6dc11000,0x00007f0c6dd12000)]
  0x00007f0c2899e000 JavaThread "container-0" [_thread_blocked, id=5182, stack(0x00007f0c6c80b000,0x00007f0c6c90c000)]
  0x00007f0c28bd5800 JavaThread "pool-1-thread-1" [_thread_blocked, id=5185, stack(0x00007f0c6c30a000,0x00007f0c6c40b000)]
  0x00007f0c29038800 JavaThread "File Watcher" daemon [_thread_blocked, id=5190, stack(0x00007f0c6c009000,0x00007f0c6c10a000)]
  0x00007f0c2903c800 JavaThread "Live Reload Server" daemon [_thread_in_native, id=5192, stack(0x00007f0c13215000,0x00007f0c13316000)]
  0x00007f0c2904d800 JavaThread "http-nio-8080-BlockPoller" daemon [_thread_in_native, id=5193, stack(0x00007f0c13114000,0x00007f0c13215000)]
  0x00007f0c2904f800 JavaThread "http-nio-8080-exec-1" daemon [_thread_blocked, id=5194, stack(0x00007f0c13013000,0x00007f0c13114000)]
  0x00007f0c29051000 JavaThread "http-nio-8080-exec-2" daemon [_thread_blocked, id=5195, stack(0x00007f0c12f12000,0x00007f0c13013000)]
=>0x00007f0c29052800 JavaThread "http-nio-8080-exec-3" daemon [_thread_in_native, id=5196, stack(0x00007f0c12e11000,0x00007f0c12f12000)]
  0x00007f0c29054800 JavaThread "http-nio-8080-exec-4" daemon [_thread_blocked, id=5197, stack(0x00007f0c12d10000,0x00007f0c12e11000)]
  0x00007f0c29056800 JavaThread "http-nio-8080-exec-5" daemon [_thread_blocked, id=5198, stack(0x00007f0c12c0f000,0x00007f0c12d10000)]
  0x00007f0c29058800 JavaThread "http-nio-8080-exec-6" daemon [_thread_blocked, id=5199, stack(0x00007f0c12b0e000,0x00007f0c12c0f000)]
  0x00007f0c2905a800 JavaThread "http-nio-8080-exec-7" daemon [_thread_blocked, id=5200, stack(0x00007f0c12a0d000,0x00007f0c12b0e000)]
  0x00007f0c2905c800 JavaThread "http-nio-8080-exec-8" daemon [_thread_blocked, id=5201, stack(0x00007f0c1290c000,0x00007f0c12a0d000)]
  0x00007f0c2905e000 JavaThread "http-nio-8080-exec-9" daemon [_thread_blocked, id=5202, stack(0x00007f0c1280b000,0x00007f0c1290c000)]
  0x00007f0c29060000 JavaThread "http-nio-8080-exec-10" daemon [_thread_blocked, id=5203, stack(0x00007f0c1270a000,0x00007f0c1280b000)]
  0x00007f0c29066800 JavaThread "http-nio-8080-ClientPoller" daemon [_thread_in_native, id=5204, stack(0x00007f0c12609000,0x00007f0c1270a000)]
  0x00007f0c29069800 JavaThread "http-nio-8080-Acceptor" daemon [_thread_in_native, id=5205, stack(0x00007f0c12508000,0x00007f0c12609000)]
  0x00007f0cac01d800 JavaThread "DestroyJavaVM" [_thread_blocked, id=5109, stack(0x00007f0cb0201000,0x00007f0cb0302000)]
  0x00007f0c40006800 JavaThread "RMI TCP Connection(idle)" daemon [_thread_blocked, id=5208, stack(0x00007f0c6dd12000,0x00007f0c6de13000)]
  0x00007f0c40007800 JavaThread "RMI TCP Connection(idle)" daemon [_thread_blocked, id=5209, stack(0x00007f0c12407000,0x00007f0c12508000)]
  0x00007f0c40009000 JavaThread "RMI TCP Connection(4)-127.0.0.1" daemon [_thread_in_native, id=5220, stack(0x00007f0c12306000,0x00007f0c12407000)]
  0x00007f0c44018000 JavaThread "elastic-evictor-1" daemon [_thread_blocked, id=5228, stack(0x00007f0c12205000,0x00007f0c12306000)]
  0x00007f0c4401e800 JavaThread "elastic-2" daemon [_thread_blocked, id=5229, stack(0x00007f0c6e013000,0x00007f0c6e114000)]

Other Threads:
  0x00007f0cac19c800 VMThread "VM Thread" [stack: 0x00007f0c8c6e7000,0x00007f0c8c7e7000] [id=5122]
  0x00007f0cac9a2800 WatcherThread [stack: 0x00007f0c6e619000,0x00007f0c6e719000] [id=5142]
  0x00007f0cac05e800 GCTaskThread "GC Thread#0" [stack: 0x00007f0c8f912000,0x00007f0c8fa12000] [id=5113]
  0x00007f0c70001000 GCTaskThread "GC Thread#1" [stack: 0x00007f0c6eb1e000,0x00007f0c6ec1e000] [id=5139]
  0x00007f0c70004000 GCTaskThread "GC Thread#2" [stack: 0x00007f0c6d610000,0x00007f0c6d710000] [id=5167]
  0x00007f0c70005000 GCTaskThread "GC Thread#3" [stack: 0x00007f0c6d50e000,0x00007f0c6d60e000] [id=5168]
  0x00007f0cac070000 ConcurrentGCThread "G1 Main Marker" [stack: 0x00007f0c8f810000,0x00007f0c8f910000] [id=5114]
  0x00007f0cac072000 ConcurrentGCThread "G1 Conc#0" [stack: 0x00007f0c8f70e000,0x00007f0c8f80e000] [id=5115]
  0x00007f0cac0eb000 ConcurrentGCThread "G1 Refine#0" [stack: 0x00007f0c8d208000,0x00007f0c8d308000] [id=5118]
  0x00007f0c78001000 ConcurrentGCThread "G1 Refine#1" [stack: 0x00007f0c6ea1c000,0x00007f0c6eb1c000] [id=5140]
  0x00007f0cac0ec800 ConcurrentGCThread "G1 Young RemSet Sampling" [stack: 0x00007f0c8d106000,0x00007f0c8d206000] [id=5119]

Threads with active compile tasks:

VM state:not at safepoint (normal execution)

VM Mutex/Monitor currently owned by a thread: None

Heap address: 0x0000000085800000, size: 1960 MB, Compressed Oops mode: 32-bit
Narrow klass base: 0x0000000000000000, Narrow klass shift: 3
Compressed class space size: 1073741824 Address: 0x0000000100000000

Heap:
 garbage-first heap   total 93184K, used 33604K [0x0000000085800000, 0x0000000100000000)
  region size 1024K, 14 young (14336K), 5 survivors (5120K)
 Metaspace       used 58660K, capacity 59986K, committed 60368K, reserved 1101824K
  class space    used 7099K, capacity 7627K, committed 7756K, reserved 1048576K
Heap Regions: E=young(eden), S=young(survivor), O=old, HS=humongous(starts), HC=humongous(continues), CS=collection set, F=free, A=archive, TAMS=top-at-mark-start (previous, next)
|   0|0x0000000085800000, 0x0000000085900000, 0x0000000085900000|100%| O|  |TAMS 0x0000000085900000, 0x0000000085800000| Untracked 
|   1|0x0000000085900000, 0x0000000085a00000, 0x0000000085a00000|100%| O|  |TAMS 0x0000000085a00000, 0x0000000085900000| Untracked 
|   2|0x0000000085a00000, 0x0000000085b00000, 0x0000000085b00000|100%| O|  |TAMS 0x0000000085b00000, 0x0000000085a00000| Untracked 
|   3|0x0000000085b00000, 0x0000000085c00000, 0x0000000085c00000|100%| O|  |TAMS 0x0000000085c00000, 0x0000000085b00000| Untracked 
|   4|0x0000000085c00000, 0x0000000085d00000, 0x0000000085d00000|100%| O|  |TAMS 0x0000000085d00000, 0x0000000085c00000| Untracked 
|   5|0x0000000085d00000, 0x0000000085e00000, 0x0000000085e00000|100%| O|  |TAMS 0x0000000085e00000, 0x0000000085d00000| Untracked 
|   6|0x0000000085e00000, 0x0000000085e26a00, 0x0000000085f00000| 15%| O|  |TAMS 0x0000000085e26a00, 0x0000000085e00000| Untracked 
|   7|0x0000000085f00000, 0x0000000086000000, 0x0000000086000000|100%| O|  |TAMS 0x0000000086000000, 0x0000000085f00000| Untracked 
|   8|0x0000000086000000, 0x0000000086100000, 0x0000000086100000|100%| O|  |TAMS 0x0000000086100000, 0x0000000086000000| Untracked 
|   9|0x0000000086100000, 0x0000000086200000, 0x0000000086200000|100%| O|  |TAMS 0x0000000086200000, 0x0000000086100000| Untracked 
|  10|0x0000000086200000, 0x0000000086300000, 0x0000000086300000|100%| O|  |TAMS 0x00000000862c5600, 0x0000000086200000| Untracked 
|  11|0x0000000086300000, 0x00000000863a5200, 0x0000000086400000| 64%| O|  |TAMS 0x0000000086300000, 0x0000000086300000| Untracked 
|  12|0x0000000086400000, 0x0000000086500000, 0x0000000086500000|100%| O|  |TAMS 0x0000000086400000, 0x0000000086400000| Untracked 
|  13|0x0000000086500000, 0x0000000086600000, 0x0000000086600000|100%| O|  |TAMS 0x0000000086500000, 0x0000000086500000| Untracked 
|  14|0x0000000086600000, 0x0000000086700000, 0x0000000086700000|100%| O|  |TAMS 0x0000000086600000, 0x0000000086600000| Untracked 
|  15|0x0000000086700000, 0x0000000086800000, 0x0000000086800000|100%| O|  |TAMS 0x0000000086700000, 0x0000000086700000| Untracked 
|  16|0x0000000086800000, 0x0000000086900000, 0x0000000086900000|100%| O|  |TAMS 0x0000000086800000, 0x0000000086800000| Untracked 
|  17|0x0000000086900000, 0x0000000086a00000, 0x0000000086a00000|100%| O|  |TAMS 0x0000000086900000, 0x0000000086900000| Untracked 
|  18|0x0000000086a00000, 0x0000000086b00000, 0x0000000086b00000|100%| O|  |TAMS 0x0000000086a00000, 0x0000000086a00000| Untracked 
|  19|0x0000000086b00000, 0x0000000086c00000, 0x0000000086c00000|100%| O|  |TAMS 0x0000000086b00000, 0x0000000086b00000| Untracked 
|  20|0x0000000086c00000, 0x0000000086d00000, 0x0000000086d00000|100%| O|  |TAMS 0x0000000086c00000, 0x0000000086c00000| Untracked 
|  21|0x0000000086d00000, 0x0000000086dd3800, 0x0000000086e00000| 82%| O|  |TAMS 0x0000000086d00000, 0x0000000086d00000| Untracked 
|  22|0x0000000086e00000, 0x0000000086e00000, 0x0000000086f00000|  0%| F|  |TAMS 0x0000000086e00000, 0x0000000086e00000| Untracked 
|  23|0x0000000086f00000, 0x0000000086f00000, 0x0000000087000000|  0%| F|  |TAMS 0x0000000086f00000, 0x0000000086f00000| Untracked 
|  24|0x0000000087000000, 0x0000000087000000, 0x0000000087100000|  0%| F|  |TAMS 0x0000000087000000, 0x0000000087000000| Untracked 
|  25|0x0000000087100000, 0x0000000087100000, 0x0000000087200000|  0%| F|  |TAMS 0x0000000087100000, 0x0000000087100000| Untracked 
|  26|0x0000000087200000, 0x0000000087200000, 0x0000000087300000|  0%| F|  |TAMS 0x0000000087200000, 0x0000000087200000| Untracked 
|  27|0x0000000087300000, 0x0000000087300000, 0x0000000087400000|  0%| F|  |TAMS 0x0000000087300000, 0x0000000087300000| Untracked 
|  28|0x0000000087400000, 0x0000000087400000, 0x0000000087500000|  0%| F|  |TAMS 0x0000000087400000, 0x0000000087400000| Untracked 
|  29|0x0000000087500000, 0x0000000087500000, 0x0000000087600000|  0%| F|  |TAMS 0x0000000087500000, 0x0000000087500000| Untracked 
|  30|0x0000000087600000, 0x0000000087600000, 0x0000000087700000|  0%| F|  |TAMS 0x0000000087600000, 0x0000000087600000| Untracked 
|  31|0x0000000087700000, 0x0000000087700000, 0x0000000087800000|  0%| F|  |TAMS 0x0000000087700000, 0x0000000087700000| Untracked 
|  32|0x0000000087800000, 0x0000000087800000, 0x0000000087900000|  0%| F|  |TAMS 0x0000000087800000, 0x0000000087800000| Untracked 
|  33|0x0000000087900000, 0x0000000087900000, 0x0000000087a00000|  0%| F|  |TAMS 0x0000000087900000, 0x0000000087900000| Untracked 
|  34|0x0000000087a00000, 0x0000000087a00000, 0x0000000087b00000|  0%| F|  |TAMS 0x0000000087a00000, 0x0000000087a00000| Untracked 
|  35|0x0000000087b00000, 0x0000000087b00000, 0x0000000087c00000|  0%| F|  |TAMS 0x0000000087b00000, 0x0000000087b00000| Untracked 
|  36|0x0000000087c00000, 0x0000000087c00000, 0x0000000087d00000|  0%| F|  |TAMS 0x0000000087c00000, 0x0000000087c00000| Untracked 
|  37|0x0000000087d00000, 0x0000000087d00000, 0x0000000087e00000|  0%| F|  |TAMS 0x0000000087d00000, 0x0000000087d00000| Untracked 
|  38|0x0000000087e00000, 0x0000000087e00000, 0x0000000087f00000|  0%| F|  |TAMS 0x0000000087e00000, 0x0000000087e00000| Untracked 
|  39|0x0000000087f00000, 0x0000000087f00000, 0x0000000088000000|  0%| F|  |TAMS 0x0000000087f00000, 0x0000000087f00000| Untracked 
|  40|0x0000000088000000, 0x0000000088000000, 0x0000000088100000|  0%| F|  |TAMS 0x0000000088000000, 0x0000000088000000| Untracked 
|  41|0x0000000088100000, 0x0000000088100000, 0x0000000088200000|  0%| F|  |TAMS 0x0000000088100000, 0x0000000088100000| Untracked 
|  42|0x0000000088200000, 0x0000000088200000, 0x0000000088300000|  0%| F|  |TAMS 0x0000000088200000, 0x0000000088200000| Untracked 
|  43|0x0000000088300000, 0x0000000088300000, 0x0000000088400000|  0%| F|  |TAMS 0x0000000088300000, 0x0000000088300000| Untracked 
|  44|0x0000000088400000, 0x0000000088400000, 0x0000000088500000|  0%| F|  |TAMS 0x0000000088400000, 0x0000000088400000| Untracked 
|  45|0x0000000088500000, 0x0000000088500000, 0x0000000088600000|  0%| F|  |TAMS 0x0000000088500000, 0x0000000088500000| Untracked 
|  46|0x0000000088600000, 0x0000000088631ca0, 0x0000000088700000| 19%| S|CS|TAMS 0x0000000088600000, 0x0000000088600000| Complete 
|  47|0x0000000088700000, 0x0000000088800000, 0x0000000088800000|100%| S|CS|TAMS 0x0000000088700000, 0x0000000088700000| Complete 
|  48|0x0000000088800000, 0x0000000088900000, 0x0000000088900000|100%| S|CS|TAMS 0x0000000088800000, 0x0000000088800000| Complete 
|  49|0x0000000088900000, 0x0000000088a00000, 0x0000000088a00000|100%| S|CS|TAMS 0x0000000088900000, 0x0000000088900000| Complete 
|  50|0x0000000088a00000, 0x0000000088b00000, 0x0000000088b00000|100%| S|CS|TAMS 0x0000000088a00000, 0x0000000088a00000| Complete 
|  51|0x0000000088b00000, 0x0000000088b00000, 0x0000000088c00000|  0%| F|  |TAMS 0x0000000088b00000, 0x0000000088b00000| Untracked 
|  52|0x0000000088c00000, 0x0000000088c00000, 0x0000000088d00000|  0%| F|  |TAMS 0x0000000088c00000, 0x0000000088c00000| Untracked 
|  53|0x0000000088d00000, 0x0000000088d00000, 0x0000000088e00000|  0%| F|  |TAMS 0x0000000088d00000, 0x0000000088d00000| Untracked 
|  54|0x0000000088e00000, 0x0000000088e00000, 0x0000000088f00000|  0%| F|  |TAMS 0x0000000088e00000, 0x0000000088e00000| Untracked 
|  55|0x0000000088f00000, 0x0000000088f00000, 0x0000000089000000|  0%| F|  |TAMS 0x0000000088f00000, 0x0000000088f00000| Untracked 
|  56|0x0000000089000000, 0x0000000089000000, 0x0000000089100000|  0%| F|  |TAMS 0x0000000089000000, 0x0000000089000000| Untracked 
|  57|0x0000000089100000, 0x0000000089100000, 0x0000000089200000|  0%| F|  |TAMS 0x0000000089100000, 0x0000000089100000| Untracked 
|  58|0x0000000089200000, 0x0000000089200000, 0x0000000089300000|  0%| F|  |TAMS 0x0000000089200000, 0x0000000089200000| Untracked 
|  59|0x0000000089300000, 0x0000000089300000, 0x0000000089400000|  0%| F|  |TAMS 0x0000000089300000, 0x0000000089300000| Untracked 
|  60|0x0000000089400000, 0x0000000089400000, 0x0000000089500000|  0%| F|  |TAMS 0x0000000089400000, 0x0000000089400000| Untracked 
|  61|0x0000000089500000, 0x0000000089500000, 0x0000000089600000|  0%| F|  |TAMS 0x0000000089500000, 0x0000000089500000| Untracked 
|  62|0x0000000089600000, 0x0000000089600000, 0x0000000089700000|  0%| F|  |TAMS 0x0000000089600000, 0x0000000089600000| Untracked 
|  63|0x0000000089700000, 0x0000000089700000, 0x0000000089800000|  0%| F|  |TAMS 0x0000000089700000, 0x0000000089700000| Untracked 
|  64|0x0000000089800000, 0x0000000089800000, 0x0000000089900000|  0%| F|  |TAMS 0x0000000089800000, 0x0000000089800000| Untracked 
|  65|0x0000000089900000, 0x0000000089900000, 0x0000000089a00000|  0%| F|  |TAMS 0x0000000089900000, 0x0000000089900000| Untracked 
|  66|0x0000000089a00000, 0x0000000089a00000, 0x0000000089b00000|  0%| F|  |TAMS 0x0000000089a00000, 0x0000000089a00000| Untracked 
|  67|0x0000000089b00000, 0x0000000089b00000, 0x0000000089c00000|  0%| F|  |TAMS 0x0000000089b00000, 0x0000000089b00000| Untracked 
|  68|0x0000000089c00000, 0x0000000089c00000, 0x0000000089d00000|  0%| F|  |TAMS 0x0000000089c00000, 0x0000000089c00000| Untracked 
|  69|0x0000000089d00000, 0x0000000089d00000, 0x0000000089e00000|  0%| F|  |TAMS 0x0000000089d00000, 0x0000000089d00000| Untracked 
|  70|0x0000000089e00000, 0x0000000089e00000, 0x0000000089f00000|  0%| F|  |TAMS 0x0000000089e00000, 0x0000000089e00000| Untracked 
|  71|0x0000000089f00000, 0x0000000089f00000, 0x000000008a000000|  0%| F|  |TAMS 0x0000000089f00000, 0x0000000089f00000| Untracked 
|  72|0x000000008a000000, 0x000000008a000000, 0x000000008a100000|  0%| F|  |TAMS 0x000000008a000000, 0x000000008a000000| Untracked 
|  73|0x000000008a100000, 0x000000008a100000, 0x000000008a200000|  0%| F|  |TAMS 0x000000008a100000, 0x000000008a100000| Untracked 
|  74|0x000000008a200000, 0x000000008a200000, 0x000000008a300000|  0%| F|  |TAMS 0x000000008a200000, 0x000000008a200000| Untracked 
|  75|0x000000008a300000, 0x000000008a300000, 0x000000008a400000|  0%| F|  |TAMS 0x000000008a300000, 0x000000008a300000| Untracked 
|  76|0x000000008a400000, 0x000000008a400000, 0x000000008a500000|  0%| F|  |TAMS 0x000000008a400000, 0x000000008a400000| Untracked 
|  77|0x000000008a500000, 0x000000008a500000, 0x000000008a600000|  0%| F|  |TAMS 0x000000008a500000, 0x000000008a500000| Untracked 
|  78|0x000000008a600000, 0x000000008a600000, 0x000000008a700000|  0%| F|  |TAMS 0x000000008a600000, 0x000000008a600000| Untracked 
|  79|0x000000008a700000, 0x000000008a700000, 0x000000008a800000|  0%| F|  |TAMS 0x000000008a700000, 0x000000008a700000| Untracked 
|  80|0x000000008a800000, 0x000000008a800000, 0x000000008a900000|  0%| F|  |TAMS 0x000000008a800000, 0x000000008a800000| Untracked 
|  81|0x000000008a900000, 0x000000008a900000, 0x000000008aa00000|  0%| F|  |TAMS 0x000000008a900000, 0x000000008a900000| Untracked 
|  82|0x000000008aa00000, 0x000000008aa315f0, 0x000000008ab00000| 19%| E|  |TAMS 0x000000008aa00000, 0x000000008aa00000| Complete 
|  83|0x000000008ab00000, 0x000000008ac00000, 0x000000008ac00000|100%| E|CS|TAMS 0x000000008ab00000, 0x000000008ab00000| Complete 
|  84|0x000000008ac00000, 0x000000008ad00000, 0x000000008ad00000|100%| E|CS|TAMS 0x000000008ac00000, 0x000000008ac00000| Complete 
|  85|0x000000008ad00000, 0x000000008ae00000, 0x000000008ae00000|100%| E|CS|TAMS 0x000000008ad00000, 0x000000008ad00000| Complete 
|  86|0x000000008ae00000, 0x000000008af00000, 0x000000008af00000|100%| E|CS|TAMS 0x000000008ae00000, 0x000000008ae00000| Complete 
|  87|0x000000008af00000, 0x000000008b000000, 0x000000008b000000|100%| E|CS|TAMS 0x000000008af00000, 0x000000008af00000| Complete 
|  88|0x000000008b000000, 0x000000008b100000, 0x000000008b100000|100%| E|CS|TAMS 0x000000008b000000, 0x000000008b000000| Complete 
|  89|0x000000008b100000, 0x000000008b200000, 0x000000008b200000|100%| E|CS|TAMS 0x000000008b100000, 0x000000008b100000| Complete 
| 123|0x000000008d300000, 0x000000008d400000, 0x000000008d400000|100%| E|CS|TAMS 0x000000008d300000, 0x000000008d300000| Complete 

Card table byte_map: [0x00007f0c93b26000,0x00007f0c93efa000] _byte_map_base: 0x00007f0c936fa000

Marking Bits (Prev, Next): (CMBitMap*) 0x00007f0cac05fee8, (CMBitMap*) 0x00007f0cac05ff28
 Prev Bits: [0x00007f0c918b2000, 0x00007f0c93752000)
 Next Bits: [0x00007f0c8fa12000, 0x00007f0c918b2000)

Polling page: 0x00007f0cb1ca6000

Metaspace:

Usage:
  Non-class:     51,13 MB capacity,    50,35 MB ( 98%) used,   634,48 KB (  1%) free+waste,   163,31 KB ( <1%) overhead. 
      Class:      7,45 MB capacity,     6,93 MB ( 93%) used,   451,48 KB (  6%) free+waste,    75,81 KB ( <1%) overhead. 
       Both:     58,58 MB capacity,    57,29 MB ( 98%) used,     1,06 MB (  2%) free+waste,   239,12 KB ( <1%) overhead. 

Virtual space:
  Non-class space:       52,00 MB reserved,      51,38 MB ( 99%) committed 
      Class space:        1,00 GB reserved,       7,57 MB ( <1%) committed 
             Both:        1,05 GB reserved,      58,95 MB (  5%) committed 

Chunk freelists:
   Non-Class:  85,00 KB
       Class:  21,00 KB
        Both:  106,00 KB

MaxMetaspaceSize: unlimited
CompressedClassSpaceSize: 1,00 GB

CodeHeap 'non-profiled nmethods': size=238948Kb used=8359Kb max_used=8359Kb free=230589Kb
 bounds [0x00007f0c94e4b000, 0x00007f0c9567b000, 0x00007f0ca37a4000]
CodeHeap 'non-nmethods': size=6812Kb used=1346Kb max_used=1346Kb free=5465Kb
 bounds [0x00007f0c947a4000, 0x00007f0c94a14000, 0x00007f0c94e4b000]
 total_blobs=5716 nmethods=5112 adapters=497
 compilation: enabled
              stopped_count=0, restarted_count=0
 full_count=0

Compilation events (20 events):
Event: 18,997 Thread 0x00007f0cac1c2800 5127       1       antlr.collections.impl.BitSet::bitMask (9 bytes)
Event: 18,997 Thread 0x00007f0cac1c2800 nmethod 5127 0x00007f0c95672890 code [0x00007f0c95672a20, 0x00007f0c95672b30]
Event: 18,997 Thread 0x00007f0cac1c2800 5125       1       antlr.collections.impl.BitSet::member (38 bytes)
Event: 18,998 Thread 0x00007f0cac1c2800 nmethod 5125 0x00007f0c95672b90 code [0x00007f0c95672d20, 0x00007f0c95672eb0]
Event: 18,998 Thread 0x00007f0cac1c2800 5126       1       antlr.collections.impl.BitSet::wordNumber (5 bytes)
Event: 18,998 Thread 0x00007f0cac1c2800 nmethod 5126 0x00007f0c95672f90 code [0x00007f0c95673120, 0x00007f0c95673210]
Event: 18,998 Thread 0x00007f0cac1c2800 5134       1       antlr.CommonAST::getText (5 bytes)
Event: 18,998 Thread 0x00007f0cac1c2800 nmethod 5134 0x00007f0c95673290 code [0x00007f0c95673420, 0x00007f0c95673530]
Event: 18,998 Thread 0x00007f0cac1c2800 5128       1       antlr.Token::setType (6 bytes)
Event: 18,998 Thread 0x00007f0cac1c2800 nmethod 5128 0x00007f0c95673590 code [0x00007f0c95673720, 0x00007f0c95673830]
Event: 18,999 Thread 0x00007f0cac1c2800 5131       1       antlr.CommonToken::getText (5 bytes)
Event: 18,999 Thread 0x00007f0cac1c2800 nmethod 5131 0x00007f0c95673890 code [0x00007f0c95673a20, 0x00007f0c95673b30]
Event: 18,999 Thread 0x00007f0cac1c2800 5135       1       jdk.internal.reflect.ByteVectorImpl::resize (44 bytes)
Event: 18,999 Thread 0x00007f0cac1c2800 nmethod 5135 0x00007f0c95673b90 code [0x00007f0c95673d40, 0x00007f0c95673fe8]
Event: 18,999 Thread 0x00007f0cac1c2800 5136       1       jdk.internal.reflect.ClassFileAssembler::getMaxLocals (6 bytes)
Event: 18,999 Thread 0x00007f0cac1c2800 nmethod 5136 0x00007f0c95674110 code [0x00007f0c956742a0, 0x00007f0c956743b0]
Event: 19,005 Thread 0x00007f0cac1c2800 5137       1       antlr.ASTPair::advanceChildToEnd (36 bytes)
Event: 19,006 Thread 0x00007f0cac1c2800 nmethod 5137 0x00007f0c95674410 code [0x00007f0c956745c0, 0x00007f0c956747b8]
Event: 19,008 Thread 0x00007f0cac1c2800 5138       1       org.hibernate.persister.entity.AbstractEntityPersister::hasRowId (13 bytes)
Event: 19,008 Thread 0x00007f0cac1c2800 nmethod 5138 0x00007f0c95674890 code [0x00007f0c95674a20, 0x00007f0c95674b50]

GC Heap History (20 events):
Event: 4,528 GC heap before
{Heap before GC invocations=10 (full 0):
 garbage-first heap   total 65536K, used 33712K [0x0000000085800000, 0x0000000100000000)
  region size 1024K, 25 young (25600K), 3 survivors (3072K)
 Metaspace       used 34827K, capacity 35776K, committed 35964K, reserved 1081344K
  class space    used 4136K, capacity 4519K, committed 4556K, reserved 1048576K
}
Event: 4,562 GC heap after
{Heap after GC invocations=11 (full 0):
 garbage-first heap   total 65536K, used 15480K [0x0000000085800000, 0x0000000100000000)
  region size 1024K, 5 young (5120K), 5 survivors (5120K)
 Metaspace       used 34827K, capacity 35776K, committed 35964K, reserved 1081344K
  class space    used 4136K, capacity 4519K, committed 4556K, reserved 1048576K
}
Event: 4,689 GC heap before
{Heap before GC invocations=12 (full 0):
 garbage-first heap   total 61440K, used 43128K [0x0000000085800000, 0x0000000100000000)
  region size 1024K, 33 young (33792K), 5 survivors (5120K)
 Metaspace       used 35046K, capacity 36044K, committed 36220K, reserved 1081344K
  class space    used 4155K, capacity 4521K, committed 4556K, reserved 1048576K
}
Event: 4,695 GC heap after
{Heap after GC invocations=13 (full 0):
 garbage-first heap   total 61440K, used 17058K [0x0000000085800000, 0x0000000100000000)
  region size 1024K, 4 young (4096K), 4 survivors (4096K)
 Metaspace       used 35046K, capacity 36044K, committed 36220K, reserved 1081344K
  class space    used 4155K, capacity 4521K, committed 4556K, reserved 1048576K
}
Event: 4,746 GC heap before
{Heap before GC invocations=13 (full 0):
 garbage-first heap   total 61440K, used 42658K [0x0000000085800000, 0x0000000100000000)
  region size 1024K, 30 young (30720K), 4 survivors (4096K)
 Metaspace       used 35436K, capacity 36415K, committed 36860K, reserved 1081344K
  class space    used 4192K, capacity 4559K, committed 4684K, reserved 1048576K
}
Event: 4,750 GC heap after
{Heap after GC invocations=14 (full 0):
 garbage-first heap   total 61440K, used 17119K [0x0000000085800000, 0x0000000100000000)
  region size 1024K, 2 young (2048K), 2 survivors (2048K)
 Metaspace       used 35436K, capacity 36415K, committed 36860K, reserved 1081344K
  class space    used 4192K, capacity 4559K, committed 4684K, reserved 1048576K
}
Event: 4,754 GC heap before
{Heap before GC invocations=14 (full 0):
 garbage-first heap   total 61440K, used 43743K [0x0000000085800000, 0x0000000100000000)
  region size 1024K, 29 young (29696K), 2 survivors (2048K)
 Metaspace       used 35436K, capacity 36415K, committed 36860K, reserved 1081344K
  class space    used 4192K, capacity 4559K, committed 4684K, reserved 1048576K
}
Event: 4,756 GC heap after
{Heap after GC invocations=15 (full 0):
 garbage-first heap   total 75776K, used 17119K [0x0000000085800000, 0x0000000100000000)
  region size 1024K, 2 young (2048K), 2 survivors (2048K)
 Metaspace       used 35436K, capacity 36415K, committed 36860K, reserved 1081344K
  class space    used 4192K, capacity 4559K, committed 4684K, reserved 1048576K
}
Event: 5,207 GC heap before
{Heap before GC invocations=15 (full 0):
 garbage-first heap   total 75776K, used 50911K [0x0000000085800000, 0x0000000100000000)
  region size 1024K, 35 young (35840K), 2 survivors (2048K)
 Metaspace       used 41266K, capacity 42323K, committed 42620K, reserved 1087488K
  class space    used 4916K, capacity 5291K, committed 5324K, reserved 1048576K
}
Event: 5,213 GC heap after
{Heap after GC invocations=16 (full 0):
 garbage-first heap   total 75776K, used 17769K [0x0000000085800000, 0x0000000100000000)
  region size 1024K, 3 young (3072K), 3 survivors (3072K)
 Metaspace       used 41266K, capacity 42323K, committed 42620K, reserved 1087488K
  class space    used 4916K, capacity 5291K, committed 5324K, reserved 1048576K
}
Event: 5,500 GC heap before
{Heap before GC invocations=16 (full 0):
 garbage-first heap   total 75776K, used 51561K [0x0000000085800000, 0x0000000100000000)
  region size 1024K, 36 young (36864K), 3 survivors (3072K)
 Metaspace       used 44814K, capacity 45913K, committed 46460K, reserved 1089536K
  class space    used 5402K, capacity 5805K, committed 5836K, reserved 1048576K
}
Event: 5,504 GC heap after
{Heap after GC invocations=17 (full 0):
 garbage-first heap   total 75776K, used 18681K [0x0000000085800000, 0x0000000100000000)
  region size 1024K, 2 young (2048K), 2 survivors (2048K)
 Metaspace       used 44814K, capacity 45913K, committed 46460K, reserved 1089536K
  class space    used 5402K, capacity 5805K, committed 5836K, reserved 1048576K
}
Event: 5,801 GC heap before
{Heap before GC invocations=17 (full 0):
 garbage-first heap   total 75776K, used 53497K [0x0000000085800000, 0x0000000100000000)
  region size 1024K, 36 young (36864K), 2 survivors (2048K)
 Metaspace       used 47820K, capacity 48885K, committed 49532K, reserved 1093632K
  class space    used 5796K, capacity 6214K, committed 6348K, reserved 1048576K
}
Event: 5,806 GC heap after
{Heap after GC invocations=18 (full 0):
 garbage-first heap   total 75776K, used 19366K [0x0000000085800000, 0x0000000100000000)
  region size 1024K, 3 young (3072K), 3 survivors (3072K)
 Metaspace       used 47820K, capacity 48885K, committed 49532K, reserved 1093632K
  class space    used 5796K, capacity 6214K, committed 6348K, reserved 1048576K
}
Event: 6,137 GC heap before
{Heap before GC invocations=18 (full 0):
 garbage-first heap   total 75776K, used 54182K [0x0000000085800000, 0x0000000100000000)
  region size 1024K, 37 young (37888K), 3 survivors (3072K)
 Metaspace       used 50519K, capacity 51546K, committed 52092K, reserved 1095680K
  class space    used 6146K, capacity 6568K, committed 6604K, reserved 1048576K
}
Event: 6,148 GC heap after
{Heap after GC invocations=19 (full 0):
 garbage-first heap   total 75776K, used 21222K [0x0000000085800000, 0x0000000100000000)
  region size 1024K, 5 young (5120K), 5 survivors (5120K)
 Metaspace       used 50519K, capacity 51546K, committed 52092K, reserved 1095680K
  class space    used 6146K, capacity 6568K, committed 6604K, reserved 1048576K
}
Event: 9,311 GC heap before
{Heap before GC invocations=19 (full 0):
 garbage-first heap   total 75776K, used 55014K [0x0000000085800000, 0x0000000100000000)
  region size 1024K, 38 young (38912K), 5 survivors (5120K)
 Metaspace       used 53782K, capacity 55082K, committed 55420K, reserved 1097728K
  class space    used 6567K, capacity 7085K, committed 7116K, reserved 1048576K
}
Event: 9,353 GC heap after
{Heap after GC invocations=20 (full 0):
 garbage-first heap   total 93184K, used 23582K [0x0000000085800000, 0x0000000100000000)
  region size 1024K, 5 young (5120K), 5 survivors (5120K)
 Metaspace       used 53782K, capacity 55082K, committed 55420K, reserved 1097728K
  class space    used 6567K, capacity 7085K, committed 7116K, reserved 1048576K
}
Event: 18,698 GC heap before
{Heap before GC invocations=20 (full 0):
 garbage-first heap   total 93184K, used 63518K [0x0000000085800000, 0x0000000100000000)
  region size 1024K, 45 young (46080K), 5 survivors (5120K)
 Metaspace       used 57995K, capacity 59295K, committed 59516K, reserved 1101824K
  class space    used 7017K, capacity 7528K, committed 7628K, reserved 1048576K
}
Event: 18,714 GC heap after
{Heap after GC invocations=21 (full 0):
 garbage-first heap   total 93184K, used 25412K [0x0000000085800000, 0x0000000100000000)
  region size 1024K, 5 young (5120K), 5 survivors (5120K)
 Metaspace       used 57995K, capacity 59295K, committed 59516K, reserved 1101824K
  class space    used 7017K, capacity 7528K, committed 7628K, reserved 1048576K
}

Deoptimization events (20 events):
Event: 18,770 Thread 0x00007f0c29060000 DEOPT PACKING pc=0x00007f0c9504b2d4 sp=0x00007f0c128061f0
Event: 18,770 Thread 0x00007f0c29060000 DEOPT UNPACKING pc=0x00007f0c947ed33a sp=0x00007f0c12805700 mode 1
Event: 18,771 Thread 0x00007f0c29060000 DEOPT PACKING pc=0x00007f0c94fff2d4 sp=0x00007f0c128059b0
Event: 18,771 Thread 0x00007f0c29060000 DEOPT UNPACKING pc=0x00007f0c947ed33a sp=0x00007f0c12804e68 mode 1
Event: 18,771 Thread 0x00007f0c29060000 DEOPT PACKING pc=0x00007f0c94febbfc sp=0x00007f0c12805a80
Event: 18,771 Thread 0x00007f0c29060000 DEOPT UNPACKING pc=0x00007f0c947ed33a sp=0x00007f0c12804f58 mode 1
Event: 18,771 Thread 0x00007f0c29060000 DEOPT PACKING pc=0x00007f0c9504b2d4 sp=0x00007f0c128061f0
Event: 18,771 Thread 0x00007f0c29060000 DEOPT UNPACKING pc=0x00007f0c947ed33a sp=0x00007f0c12805700 mode 1
Event: 18,778 Thread 0x00007f0c29060000 DEOPT PACKING pc=0x00007f0c951bddcc sp=0x00007f0c128065a0
Event: 18,778 Thread 0x00007f0c29060000 DEOPT UNPACKING pc=0x00007f0c947ed33a sp=0x00007f0c12805af8 mode 1
Event: 18,778 Thread 0x00007f0c29060000 DEOPT PACKING pc=0x00007f0c951bd064 sp=0x00007f0c12806690
Event: 18,778 Thread 0x00007f0c29060000 DEOPT UNPACKING pc=0x00007f0c947ed33a sp=0x00007f0c12805c38 mode 1
Event: 18,779 Thread 0x00007f0c29060000 DEOPT PACKING pc=0x00007f0c951bddcc sp=0x00007f0c128065a0
Event: 18,779 Thread 0x00007f0c29060000 DEOPT UNPACKING pc=0x00007f0c947ed33a sp=0x00007f0c12805af8 mode 1
Event: 18,779 Thread 0x00007f0c29060000 DEOPT PACKING pc=0x00007f0c951bd064 sp=0x00007f0c12806690
Event: 18,779 Thread 0x00007f0c29060000 DEOPT UNPACKING pc=0x00007f0c947ed33a sp=0x00007f0c12805c38 mode 1
Event: 18,979 Thread 0x00007f0c29051000 DEOPT PACKING pc=0x00007f0c951bddcc sp=0x00007f0c1300eab0
Event: 18,979 Thread 0x00007f0c29051000 DEOPT UNPACKING pc=0x00007f0c947ed33a sp=0x00007f0c1300e008 mode 1
Event: 18,979 Thread 0x00007f0c29051000 DEOPT PACKING pc=0x00007f0c951bd064 sp=0x00007f0c1300eba0
Event: 18,979 Thread 0x00007f0c29051000 DEOPT UNPACKING pc=0x00007f0c947ed33a sp=0x00007f0c1300e148 mode 1

Classes unloaded (0 events):
No events

Classes redefined (0 events):
No events

Internal common.exceptions (20 events):
Event: 6,152 Thread 0x00007f0c2400e000 Exception <a 'java/lang/ClassNotFoundException'{0x000000008d35eae8}: org/springframework/boot/autoconfigure/web/servlet/WebMvcAutoConfiguration$EnableWebMvcConfigurationCustomizer> (0x000000008d35eae8) 
thrown [build/openjdk-13-ZQXljJ/openjdk-13-13+33/src/hotspot/share/classfile/systemDictionary.cpp, line 232]
Event: 6,154 Thread 0x00007f0c2400e000 Exception <a 'java/lang/ClassNotFoundException'{0x000000008d3895b8}: org/springframework/context/ResourceLoaderAwareCustomizer> (0x000000008d3895b8) 
thrown [build/openjdk-13-ZQXljJ/openjdk-13-13+33/src/hotspot/share/classfile/systemDictionary.cpp, line 232]
Event: 6,154 Thread 0x00007f0c2400e000 Exception <a 'java/lang/ClassNotFoundException'{0x000000008d39eb38}: org/springframework/beans/factory/AwareCustomizer> (0x000000008d39eb38) 
thrown [build/openjdk-13-ZQXljJ/openjdk-13-13+33/src/hotspot/share/classfile/systemDictionary.cpp, line 232]
Event: 6,155 Thread 0x00007f0c40003800 Exception <a 'java/lang/reflect/InvocationTargetException'{0x000000008a003020}> (0x000000008a003020) 
thrown [build/openjdk-13-ZQXljJ/openjdk-13-13+33/src/hotspot/share/runtime/reflection.cpp, line 1186]
Event: 6,155 Thread 0x00007f0c2400e000 Exception <a 'java/lang/ClassNotFoundException'{0x000000008d3b53a8}: org/springframework/context/ApplicationContextAwareCustomizer> (0x000000008d3b53a8) 
thrown [build/openjdk-13-ZQXljJ/openjdk-13-13+33/src/hotspot/share/classfile/systemDictionary.cpp, line 232]
Event: 6,156 Thread 0x00007f0c2400e000 Exception <a 'java/lang/ClassNotFoundException'{0x000000008d3cb508}: org/springframework/beans/factory/AwareCustomizer> (0x000000008d3cb508) 
thrown [build/openjdk-13-ZQXljJ/openjdk-13-13+33/src/hotspot/share/classfile/systemDictionary.cpp, line 232]
Event: 6,157 Thread 0x00007f0c2400e000 Exception <a 'java/lang/ClassNotFoundException'{0x000000008d3e1d50}: org/springframework/web/context/ServletContextAwareCustomizer> (0x000000008d3e1d50) 
thrown [build/openjdk-13-ZQXljJ/openjdk-13-13+33/src/hotspot/share/classfile/systemDictionary.cpp, line 232]
Event: 6,159 Thread 0x00007f0c2400e000 Exception <a 'java/lang/ClassNotFoundException'{0x000000008d3f7848}: org/springframework/beans/factory/AwareCustomizer> (0x000000008d3f7848) 
thrown [build/openjdk-13-ZQXljJ/openjdk-13-13+33/src/hotspot/share/classfile/systemDictionary.cpp, line 232]
Event: 6,197 Thread 0x00007f0c2400e000 Exception <a 'java/lang/NoSuchMethodError'{0x0000000089e23e58}: 'int java.lang.invoke.DirectMethodHandle$Holder.invokeStaticInit(java.lang.Object)'> (0x0000000089e23e58) 
thrown [build/openjdk-13-ZQXljJ/openjdk-13-13+33/src/hotspot/share/interpreter/linkResolver.cpp, line 766]
Event: 6,197 Thread 0x00007f0c2400e000 Exception <a 'java/lang/NoSuchMethodError'{0x0000000089e293f0}: 'int java.lang.invoke.DirectMethodHandle$Holder.invokeVirtual(java.lang.Object, java.lang.Object, java.lang.Object)'> (0x0000000089e293f0) 
thrown [build/openjdk-13-ZQXljJ/openjdk-13-13+33/src/hotspot/share/interpreter/linkResolver.cpp, line 766]
Event: 6,218 Thread 0x00007f0c2400e000 Exception <a 'java/lang/NoSuchMethodError'{0x0000000089dacdf0}: 'void java.lang.invoke.DirectMethodHandle$Holder.invokeVirtual(java.lang.Object, java.lang.Object, int)'> (0x0000000089dacdf0) 
thrown [build/openjdk-13-ZQXljJ/openjdk-13-13+33/src/hotspot/share/interpreter/linkResolver.cpp, line 766]
Event: 6,285 Thread 0x00007f0c2400e000 Exception <a 'java/lang/IncompatibleClassChangeError'{0x00000000898bda50}: Found class java.lang.Object, but interface was expected> (0x00000000898bda50) 
thrown [build/openjdk-13-ZQXljJ/openjdk-13-13+33/src/hotspot/share/interpreter/linkResolver.cpp, line 833]
Event: 6,303 Thread 0x00007f0c2400e000 Exception <a 'java/lang/NoSuchMethodError'{0x000000008960e7c0}: 'int java.lang.invoke.DirectMethodHandle$Holder.invokeStaticInit(java.lang.Object, java.lang.Object, java.lang.Object, java.lang.Object)'> (0x000000008960e7c0) 
thrown [build/openjdk-13-ZQXljJ/openjdk-13-13+33/src/hotspot/share/interpreter/linkResolver.cpp, line 766]
Event: 6,338 Thread 0x00007f0c2400e000 Exception <a 'java/lang/NoSuchMethodError'{0x0000000089428f28}: 'java.lang.Object java.lang.invoke.DirectMethodHandle$Holder.newInvokeSpecial(java.lang.Object, java.lang.Object, java.lang.Object)'> (0x0000000089428f28) 
thrown [build/openjdk-13-ZQXljJ/openjdk-13-13+33/src/hotspot/share/interpreter/linkResolver.cpp, line 766]
Event: 6,362 Thread 0x00007f0c2400e000 Exception <a 'java/lang/NoSuchMethodError'{0x000000008937d600}: 'java.lang.Object java.lang.invoke.DirectMethodHandle$Holder.invokeStatic(java.lang.Object, int, java.lang.Object, java.lang.Object)'> (0x000000008937d600) 
thrown [build/openjdk-13-ZQXljJ/openjdk-13-13+33/src/hotspot/share/interpreter/linkResolver.cpp, line 766]
Event: 6,362 Thread 0x00007f0c2400e000 Exception <a 'java/lang/NoSuchMethodError'{0x0000000089380da0}: 'java.lang.Object java.lang.invoke.DirectMethodHandle$Holder.invokeSpecial(java.lang.Object, java.lang.Object, int, java.lang.Object, java.lang.Object)'> (0x0000000089380da0) 
thrown [build/openjdk-13-ZQXljJ/openjdk-13-13+33/src/hotspot/share/interpreter/linkResolver.cpp, line 766]
Event: 6,382 Thread 0x00007f0c2400e000 Exception <a 'java/lang/NoSuchMethodError'{0x0000000089286990}: 'java.lang.Object java.lang.invoke.DirectMethodHandle$Holder.invokeStaticInit(java.lang.Object, java.lang.Object, java.lang.Object, java.lang.Object)'> (0x0000000089286990) 
thrown [build/openjdk-13-ZQXljJ/openjdk-13-13+33/src/hotspot/share/interpreter/linkResolver.cpp, line 766]
Event: 6,387 Thread 0x00007f0c2400e000 Exception <a 'java/lang/NoSuchMethodError'{0x00000000892e9708}: 'java.lang.Object java.lang.invoke.DirectMethodHandle$Holder.invokeStatic(java.lang.Object, int, java.lang.Object)'> (0x00000000892e9708) 
thrown [build/openjdk-13-ZQXljJ/openjdk-13-13+33/src/hotspot/share/interpreter/linkResolver.cpp, line 766]
Event: 14,812 Thread 0x00007f0c29069800 Exception <a 'java/lang/NoSuchMethodError'{0x000000008a9afe68}: 'java.lang.Object java.lang.invoke.Invokers$Holder.linkToTargetMethod(java.lang.Object, int, java.lang.Object)'> (0x000000008a9afe68) 
thrown [build/openjdk-13-ZQXljJ/openjdk-13-13+33/src/hotspot/share/interpreter/linkResolver.cpp, line 766]
Event: 14,996 Thread 0x00007f0c2904f800 Exception <a 'java/lang/NoSuchMethodError'{0x000000008a2e5638}: 'void java.lang.invoke.DirectMethodHandle$Holder.invokeVirtual(java.lang.Object, java.lang.Object, java.lang.Object, java.lang.Object)'> (0x000000008a2e5638) 
thrown [build/openjdk-13-ZQXljJ/openjdk-13-13+33/src/hotspot/share/interpreter/linkResolver.cpp, line 766]

Events (20 events):
Event: 19,015 loading class org/hibernate/query/internal/QueryParameterBindingImpl
Event: 19,016 loading class org/hibernate/query/internal/QueryParameterBindingImpl done
Event: 19,016 loading class org/hibernate/query/spi/QueryParameterBinding
Event: 19,016 loading class org/hibernate/query/spi/QueryParameterBinding done
Event: 19,018 loading class org/hibernate/jpa/TypedParameterValue
Event: 19,018 loading class org/hibernate/jpa/TypedParameterValue done
Event: 19,018 loading class org/hibernate/query/spi/QueryParameterBindingValidator
Event: 19,018 loading class org/hibernate/query/spi/QueryParameterBindingValidator done
Event: 19,019 loading class org/hibernate/engine/spi/TypedValue
Event: 19,019 loading class org/hibernate/engine/spi/TypedValue done
Event: 19,019 loading class org/hibernate/engine/spi/TypedValue$1
Event: 19,019 loading class org/hibernate/engine/spi/TypedValue$1 done
Event: 19,019 loading class org/hibernate/type/descriptor/sql/BigIntTypeDescriptor$1
Event: 19,019 loading class org/hibernate/type/descriptor/sql/BigIntTypeDescriptor$1 done
Event: 19,020 loading class org/hibernate/type/descriptor/sql/BasicBinder
Event: 19,020 loading class org/hibernate/type/descriptor/sql/BasicBinder done
Event: 19,020 loading class org/hibernate/type/descriptor/ValueBinder
Event: 19,020 loading class org/hibernate/type/descriptor/ValueBinder done
Event: 19,021 Executing VM operation: RevokeBias
Event: 19,021 Executing VM operation: RevokeBias done


Dynamic libraries:
85800000-8b200000 rw-p 00000000 00:00 0 
8b200000-8d300000 ---p 00000000 00:00 0 
8d300000-8d400000 rw-p 00000000 00:00 0 
8d400000-100000000 ---p 00000000 00:00 0 
100000000-100793000 rw-p 00000000 00:00 0 
100793000-140000000 ---p 00000000 00:00 0 
562a428d2000-562a428d3000 r--p 00000000 08:05 1583399                    /usr/lib/jvm/java-13-openjdk-amd64/bin/java
562a428d3000-562a428d4000 r-xp 00001000 08:05 1583399                    /usr/lib/jvm/java-13-openjdk-amd64/bin/java
562a428d4000-562a428d5000 r--p 00002000 08:05 1583399                    /usr/lib/jvm/java-13-openjdk-amd64/bin/java
562a428d5000-562a428d6000 r--p 00002000 08:05 1583399                    /usr/lib/jvm/java-13-openjdk-amd64/bin/java
562a428d6000-562a428d7000 rw-p 00003000 08:05 1583399                    /usr/lib/jvm/java-13-openjdk-amd64/bin/java
562a44614000-562a44657000 rw-p 00000000 00:00 0                          [heap]
7f0c0c000000-7f0c0c021000 rw-p 00000000 00:00 0 
7f0c0c021000-7f0c10000000 ---p 00000000 00:00 0 
7f0c11e05000-7f0c11f7a000 rw-p 00000000 00:00 0 
7f0c11f7a000-7f0c12005000 ---p 00000000 00:00 0 
7f0c12005000-7f0c12205000 rw-p 00000000 00:00 0 
7f0c12205000-7f0c12209000 ---p 00000000 00:00 0 
7f0c12209000-7f0c12306000 rw-p 00000000 00:00 0 
7f0c12306000-7f0c1230a000 ---p 00000000 00:00 0 
7f0c1230a000-7f0c12407000 rw-p 00000000 00:00 0 
7f0c12407000-7f0c1240b000 ---p 00000000 00:00 0 
7f0c1240b000-7f0c12508000 rw-p 00000000 00:00 0 
7f0c12508000-7f0c1250c000 ---p 00000000 00:00 0 
7f0c1250c000-7f0c12609000 rw-p 00000000 00:00 0 
7f0c12609000-7f0c1260d000 ---p 00000000 00:00 0 
7f0c1260d000-7f0c1270a000 rw-p 00000000 00:00 0 
7f0c1270a000-7f0c1270e000 ---p 00000000 00:00 0 
7f0c1270e000-7f0c1280b000 rw-p 00000000 00:00 0 
7f0c1280b000-7f0c1280f000 ---p 00000000 00:00 0 
7f0c1280f000-7f0c1290c000 rw-p 00000000 00:00 0 
7f0c1290c000-7f0c12910000 ---p 00000000 00:00 0 
7f0c12910000-7f0c12a0d000 rw-p 00000000 00:00 0 
7f0c12a0d000-7f0c12a11000 ---p 00000000 00:00 0 
7f0c12a11000-7f0c12b0e000 rw-p 00000000 00:00 0 
7f0c12b0e000-7f0c12b12000 ---p 00000000 00:00 0 
7f0c12b12000-7f0c12c0f000 rw-p 00000000 00:00 0 
7f0c12c0f000-7f0c12c13000 ---p 00000000 00:00 0 
7f0c12c13000-7f0c12d10000 rw-p 00000000 00:00 0 
7f0c12d10000-7f0c12d14000 ---p 00000000 00:00 0 
7f0c12d14000-7f0c12e11000 rw-p 00000000 00:00 0 
7f0c12e11000-7f0c12e15000 ---p 00000000 00:00 0 
7f0c12e15000-7f0c12f12000 rw-p 00000000 00:00 0 
7f0c12f12000-7f0c12f16000 ---p 00000000 00:00 0 
7f0c12f16000-7f0c13013000 rw-p 00000000 00:00 0 
7f0c13013000-7f0c13017000 ---p 00000000 00:00 0 
7f0c13017000-7f0c13114000 rw-p 00000000 00:00 0 
7f0c13114000-7f0c13118000 ---p 00000000 00:00 0 
7f0c13118000-7f0c13215000 rw-p 00000000 00:00 0 
7f0c13215000-7f0c13219000 ---p 00000000 00:00 0 
7f0c13219000-7f0c13516000 rw-p 00000000 00:00 0 
7f0c13516000-7f0c13716000 rw-p 00000000 00:00 0 
7f0c13716000-7f0c13916000 rw-p 00000000 00:00 0 
7f0c13916000-7f0c13b16000 rw-p 00000000 00:00 0 
7f0c13b16000-7f0c13d16000 rw-p 00000000 00:00 0 
7f0c13d16000-7f0c13dfb000 r-xp 00000000 08:05 5112193                    /tmp/sqlite-3.20.0-473b23d1-d3e6-47e3-87e2-314acbe2e441-libsqlitejdbc.so
7f0c13dfb000-7f0c13ffa000 ---p 000e5000 08:05 5112193                    /tmp/sqlite-3.20.0-473b23d1-d3e6-47e3-87e2-314acbe2e441-libsqlitejdbc.so
7f0c13ffa000-7f0c13fff000 rw-p 000e4000 08:05 5112193                    /tmp/sqlite-3.20.0-473b23d1-d3e6-47e3-87e2-314acbe2e441-libsqlitejdbc.so
7f0c13fff000-7f0c14000000 rw-p 00000000 00:00 0 
7f0c14000000-7f0c14066000 rw-p 00000000 00:00 0 
7f0c14066000-7f0c18000000 ---p 00000000 00:00 0 
7f0c18000000-7f0c18021000 rw-p 00000000 00:00 0 
7f0c18021000-7f0c1c000000 ---p 00000000 00:00 0 
7f0c1c000000-7f0c1c021000 rw-p 00000000 00:00 0 
7f0c1c021000-7f0c20000000 ---p 00000000 00:00 0 
7f0c20000000-7f0c20312000 rw-p 00000000 00:00 0 
7f0c20312000-7f0c24000000 ---p 00000000 00:00 0 
7f0c24000000-7f0c24021000 rw-p 00000000 00:00 0 
7f0c24021000-7f0c28000000 ---p 00000000 00:00 0 
7f0c28000000-7f0c29073000 rw-p 00000000 00:00 0 
7f0c29073000-7f0c2c000000 ---p 00000000 00:00 0 
7f0c2c000000-7f0c2c07d000 rw-p 00000000 00:00 0 
7f0c2c07d000-7f0c30000000 ---p 00000000 00:00 0 
7f0c30000000-7f0c30061000 rw-p 00000000 00:00 0 
7f0c30061000-7f0c34000000 ---p 00000000 00:00 0 
7f0c34000000-7f0c34021000 rw-p 00000000 00:00 0 
7f0c34021000-7f0c38000000 ---p 00000000 00:00 0 
7f0c38000000-7f0c38067000 rw-p 00000000 00:00 0 
7f0c38067000-7f0c3c000000 ---p 00000000 00:00 0 
7f0c3c000000-7f0c3c021000 rw-p 00000000 00:00 0 
7f0c3c021000-7f0c40000000 ---p 00000000 00:00 0 
7f0c40000000-7f0c40021000 rw-p 00000000 00:00 0 
7f0c40021000-7f0c44000000 ---p 00000000 00:00 0 
7f0c44000000-7f0c4402f000 rw-p 00000000 00:00 0 
7f0c4402f000-7f0c48000000 ---p 00000000 00:00 0 
7f0c48000000-7f0c48021000 rw-p 00000000 00:00 0 
7f0c48021000-7f0c4c000000 ---p 00000000 00:00 0 
7f0c4c000000-7f0c4c19a000 rw-p 00000000 00:00 0 
7f0c4c19a000-7f0c50000000 ---p 00000000 00:00 0 
7f0c50000000-7f0c50042000 rw-p 00000000 00:00 0 
7f0c50042000-7f0c54000000 ---p 00000000 00:00 0 
7f0c54000000-7f0c54021000 rw-p 00000000 00:00 0 
7f0c54021000-7f0c58000000 ---p 00000000 00:00 0 
7f0c58000000-7f0c58030000 rw-p 00000000 00:00 0 
7f0c58030000-7f0c5c000000 ---p 00000000 00:00 0 
7f0c5c000000-7f0c5c457000 rw-p 00000000 00:00 0 
7f0c5c457000-7f0c60000000 ---p 00000000 00:00 0 
7f0c60000000-7f0c60021000 rw-p 00000000 00:00 0 
7f0c60021000-7f0c64000000 ---p 00000000 00:00 0 
7f0c64000000-7f0c64021000 rw-p 00000000 00:00 0 
7f0c64021000-7f0c68000000 ---p 00000000 00:00 0 
7f0c68000000-7f0c68021000 rw-p 00000000 00:00 0 
7f0c68021000-7f0c6c000000 ---p 00000000 00:00 0 
7f0c6c009000-7f0c6c00d000 ---p 00000000 00:00 0 
7f0c6c00d000-7f0c6c30a000 rw-p 00000000 00:00 0 
7f0c6c30a000-7f0c6c30e000 ---p 00000000 00:00 0 
7f0c6c30e000-7f0c6c60b000 rw-p 00000000 00:00 0 
7f0c6c60b000-7f0c6c80b000 rw-p 00000000 00:00 0 
7f0c6c80b000-7f0c6c80f000 ---p 00000000 00:00 0 
7f0c6c80f000-7f0c6cb0c000 rw-p 00000000 00:00 0 
7f0c6cb0c000-7f0c6cd0c000 rw-p 00000000 00:00 0 
7f0c6cd0c000-7f0c6cf0c000 rw-p 00000000 00:00 0 
7f0c6cf0c000-7f0c6d10c000 rw-p 00000000 00:00 0 
7f0c6d10c000-7f0c6d30c000 rw-p 00000000 00:00 0 
7f0c6d30c000-7f0c6d50c000 rw-p 00000000 00:00 0 
7f0c6d50c000-7f0c6d50d000 ---p 00000000 00:00 0 
7f0c6d50d000-7f0c6d60e000 rw-p 00000000 00:00 0 
7f0c6d60e000-7f0c6d60f000 ---p 00000000 00:00 0 
7f0c6d60f000-7f0c6d8fc000 rw-p 00000000 00:00 0 
7f0c6d8fc000-7f0c6d910000 ---p 00000000 00:00 0 
7f0c6d910000-7f0c6db10000 rw-p 00000000 00:00 0 
7f0c6db10000-7f0c6db14000 ---p 00000000 00:00 0 
7f0c6db14000-7f0c6dc11000 rw-p 00000000 00:00 0 
7f0c6dc11000-7f0c6dc15000 ---p 00000000 00:00 0 
7f0c6dc15000-7f0c6dd12000 rw-p 00000000 00:00 0 
7f0c6dd12000-7f0c6dd16000 ---p 00000000 00:00 0 
7f0c6dd16000-7f0c6e013000 rw-p 00000000 00:00 0 
7f0c6e013000-7f0c6e017000 ---p 00000000 00:00 0 
7f0c6e017000-7f0c6e114000 rw-p 00000000 00:00 0 
7f0c6e114000-7f0c6e118000 ---p 00000000 00:00 0 
7f0c6e118000-7f0c6e415000 rw-p 00000000 00:00 0 
7f0c6e415000-7f0c6e419000 ---p 00000000 00:00 0 
7f0c6e419000-7f0c6e516000 rw-p 00000000 00:00 0 
7f0c6e516000-7f0c6e51a000 ---p 00000000 00:00 0 
7f0c6e51a000-7f0c6e617000 rw-p 00000000 00:00 0 
7f0c6e617000-7f0c6e618000 ---p 00000000 00:00 0 
7f0c6e618000-7f0c6e919000 rw-p 00000000 00:00 0 
7f0c6e919000-7f0c6e91d000 ---p 00000000 00:00 0 
7f0c6e91d000-7f0c6ea1a000 rw-p 00000000 00:00 0 
7f0c6ea1a000-7f0c6ea1b000 ---p 00000000 00:00 0 
7f0c6ea1b000-7f0c6eb1c000 rw-p 00000000 00:00 0 
7f0c6eb1c000-7f0c6eb1d000 ---p 00000000 00:00 0 
7f0c6eb1d000-7f0c6ee1e000 rw-p 00000000 00:00 0 
7f0c6ee1e000-7f0c6ee22000 ---p 00000000 00:00 0 
7f0c6ee22000-7f0c6ef1f000 rw-p 00000000 00:00 0 
7f0c6ef1f000-7f0c6ef23000 ---p 00000000 00:00 0 
7f0c6ef23000-7f0c6f020000 rw-p 00000000 00:00 0 
7f0c6f020000-7f0c6f024000 ---p 00000000 00:00 0 
7f0c6f024000-7f0c6f121000 rw-p 00000000 00:00 0 
7f0c6f121000-7f0c6f125000 ---p 00000000 00:00 0 
7f0c6f125000-7f0c6f222000 rw-p 00000000 00:00 0 
7f0c6f222000-7f0c70000000 r--p 00000000 08:05 5643394                    /usr/lib/locale/locale-archive
7f0c70000000-7f0c70153000 rw-p 00000000 00:00 0 
7f0c70153000-7f0c74000000 ---p 00000000 00:00 0 
7f0c74000000-7f0c74021000 rw-p 00000000 00:00 0 
7f0c74021000-7f0c78000000 ---p 00000000 00:00 0 
7f0c78000000-7f0c78021000 rw-p 00000000 00:00 0 
7f0c78021000-7f0c7c000000 ---p 00000000 00:00 0 
7f0c7c000000-7f0c7c021000 rw-p 00000000 00:00 0 
7f0c7c021000-7f0c80000000 ---p 00000000 00:00 0 
7f0c80000000-7f0c80021000 rw-p 00000000 00:00 0 
7f0c80021000-7f0c84000000 ---p 00000000 00:00 0 
7f0c84000000-7f0c84021000 rw-p 00000000 00:00 0 
7f0c84021000-7f0c88000000 ---p 00000000 00:00 0 
7f0c88000000-7f0c88021000 rw-p 00000000 00:00 0 
7f0c88021000-7f0c8c000000 ---p 00000000 00:00 0 
7f0c8c094000-7f0c8c095000 r--p 00000000 08:05 1583530                    /usr/lib/jvm/java-13-openjdk-amd64/lib/libextnet.so
7f0c8c095000-7f0c8c096000 r-xp 00001000 08:05 1583530                    /usr/lib/jvm/java-13-openjdk-amd64/lib/libextnet.so
7f0c8c096000-7f0c8c097000 r--p 00002000 08:05 1583530                    /usr/lib/jvm/java-13-openjdk-amd64/lib/libextnet.so
7f0c8c097000-7f0c8c098000 r--p 00002000 08:05 1583530                    /usr/lib/jvm/java-13-openjdk-amd64/lib/libextnet.so
7f0c8c098000-7f0c8c099000 rw-p 00003000 08:05 1583530                    /usr/lib/jvm/java-13-openjdk-amd64/lib/libextnet.so
7f0c8c099000-7f0c8c09b000 r--p 00000000 08:05 1583548                    /usr/lib/jvm/java-13-openjdk-amd64/lib/libmanagement_ext.so
7f0c8c09b000-7f0c8c09e000 r-xp 00002000 08:05 1583548                    /usr/lib/jvm/java-13-openjdk-amd64/lib/libmanagement_ext.so
7f0c8c09e000-7f0c8c09f000 r--p 00005000 08:05 1583548                    /usr/lib/jvm/java-13-openjdk-amd64/lib/libmanagement_ext.so
7f0c8c09f000-7f0c8c0a0000 ---p 00006000 08:05 1583548                    /usr/lib/jvm/java-13-openjdk-amd64/lib/libmanagement_ext.so
7f0c8c0a0000-7f0c8c0a1000 r--p 00006000 08:05 1583548                    /usr/lib/jvm/java-13-openjdk-amd64/lib/libmanagement_ext.so
7f0c8c0a1000-7f0c8c0a2000 rw-p 00007000 08:05 1583548                    /usr/lib/jvm/java-13-openjdk-amd64/lib/libmanagement_ext.so
7f0c8c0a2000-7f0c8c0a5000 r--p 00000000 08:05 1583546                    /usr/lib/jvm/java-13-openjdk-amd64/lib/libmanagement.so
7f0c8c0a5000-7f0c8c0a6000 r-xp 00003000 08:05 1583546                    /usr/lib/jvm/java-13-openjdk-amd64/lib/libmanagement.so
7f0c8c0a6000-7f0c8c0a7000 r--p 00004000 08:05 1583546                    /usr/lib/jvm/java-13-openjdk-amd64/lib/libmanagement.so
7f0c8c0a7000-7f0c8c0a8000 r--p 00004000 08:05 1583546                    /usr/lib/jvm/java-13-openjdk-amd64/lib/libmanagement.so
7f0c8c0a8000-7f0c8c0a9000 rw-p 00005000 08:05 1583546                    /usr/lib/jvm/java-13-openjdk-amd64/lib/libmanagement.so
7f0c8c0a9000-7f0c8c0ad000 r--p 00000000 08:05 1583550                    /usr/lib/jvm/java-13-openjdk-amd64/lib/libnet.so
7f0c8c0ad000-7f0c8c0bb000 r-xp 00004000 08:05 1583550                    /usr/lib/jvm/java-13-openjdk-amd64/lib/libnet.so
7f0c8c0bb000-7f0c8c0bf000 r--p 00012000 08:05 1583550                    /usr/lib/jvm/java-13-openjdk-amd64/lib/libnet.so
7f0c8c0bf000-7f0c8c0c0000 r--p 00015000 08:05 1583550                    /usr/lib/jvm/java-13-openjdk-amd64/lib/libnet.so
7f0c8c0c0000-7f0c8c0c1000 rw-p 00016000 08:05 1583550                    /usr/lib/jvm/java-13-openjdk-amd64/lib/libnet.so
7f0c8c0c1000-7f0c8c0c8000 r--p 00000000 08:05 1583551                    /usr/lib/jvm/java-13-openjdk-amd64/lib/libnio.so
7f0c8c0c8000-7f0c8c0d0000 r-xp 00007000 08:05 1583551                    /usr/lib/jvm/java-13-openjdk-amd64/lib/libnio.so
7f0c8c0d0000-7f0c8c0d4000 r--p 0000f000 08:05 1583551                    /usr/lib/jvm/java-13-openjdk-amd64/lib/libnio.so
7f0c8c0d4000-7f0c8c0d5000 r--p 00012000 08:05 1583551                    /usr/lib/jvm/java-13-openjdk-amd64/lib/libnio.so
7f0c8c0d5000-7f0c8c0d6000 rw-p 00013000 08:05 1583551                    /usr/lib/jvm/java-13-openjdk-amd64/lib/libnio.so
7f0c8c0d6000-7f0c8c0d8000 r--p 00000000 08:05 1583529                    /usr/lib/jvm/java-13-openjdk-amd64/lib/libdt_socket.so
7f0c8c0d8000-7f0c8c0db000 r-xp 00002000 08:05 1583529                    /usr/lib/jvm/java-13-openjdk-amd64/lib/libdt_socket.so
7f0c8c0db000-7f0c8c0dc000 r--p 00005000 08:05 1583529                    /usr/lib/jvm/java-13-openjdk-amd64/lib/libdt_socket.so
7f0c8c0dc000-7f0c8c0dd000 ---p 00006000 08:05 1583529                    /usr/lib/jvm/java-13-openjdk-amd64/lib/libdt_socket.so
7f0c8c0dd000-7f0c8c0de000 r--p 00006000 08:05 1583529                    /usr/lib/jvm/java-13-openjdk-amd64/lib/libdt_socket.so
7f0c8c0de000-7f0c8c0df000 rw-p 00007000 08:05 1583529                    /usr/lib/jvm/java-13-openjdk-amd64/lib/libdt_socket.so
7f0c8c0df000-7f0c8c0e3000 ---p 00000000 00:00 0 
7f0c8c0e3000-7f0c8c1e0000 rw-p 00000000 00:00 0 
7f0c8c1e0000-7f0c8c1e4000 ---p 00000000 00:00 0 
7f0c8c1e4000-7f0c8c2e1000 rw-p 00000000 00:00 0 
7f0c8c2e1000-7f0c8c2e5000 ---p 00000000 00:00 0 
7f0c8c2e5000-7f0c8c3e2000 rw-p 00000000 00:00 0 
7f0c8c3e2000-7f0c8c3e6000 ---p 00000000 00:00 0 
7f0c8c3e6000-7f0c8c4e3000 rw-p 00000000 00:00 0 
7f0c8c4e3000-7f0c8c4e7000 ---p 00000000 00:00 0 
7f0c8c4e7000-7f0c8c5e4000 rw-p 00000000 00:00 0 
7f0c8c5e4000-7f0c8c5e8000 ---p 00000000 00:00 0 
7f0c8c5e8000-7f0c8c6e5000 rw-p 00000000 00:00 0 
7f0c8c6e5000-7f0c8c6e6000 ---p 00000000 00:00 0 
7f0c8c6e6000-7f0c8d104000 rw-p 00000000 00:00 0 
7f0c8d104000-7f0c8d105000 ---p 00000000 00:00 0 
7f0c8d105000-7f0c8d206000 rw-p 00000000 00:00 0 
7f0c8d206000-7f0c8d207000 ---p 00000000 00:00 0 
7f0c8d207000-7f0c8f70c000 rw-p 00000000 00:00 0 
7f0c8f70c000-7f0c8f70d000 ---p 00000000 00:00 0 
7f0c8f70d000-7f0c8f80e000 rw-p 00000000 00:00 0 
7f0c8f80e000-7f0c8f80f000 ---p 00000000 00:00 0 
7f0c8f80f000-7f0c8f910000 rw-p 00000000 00:00 0 
7f0c8f910000-7f0c8f911000 ---p 00000000 00:00 0 
7f0c8f911000-7f0c8fb7a000 rw-p 00000000 00:00 0 
7f0c8fb7a000-7f0c8fbfe000 ---p 00000000 00:00 0 
7f0c8fbfe000-7f0c8fc02000 rw-p 00000000 00:00 0 
7f0c8fc02000-7f0c918b2000 ---p 00000000 00:00 0 
7f0c918b2000-7f0c919c2000 rw-p 00000000 00:00 0 
7f0c919c2000-7f0c91a1a000 rw-p 00000000 00:00 0 
7f0c91a1a000-7f0c91a9e000 ---p 00000000 00:00 0 
7f0c91a9e000-7f0c91aa2000 rw-p 00000000 00:00 0 
7f0c91aa2000-7f0c93752000 ---p 00000000 00:00 0 
7f0c93752000-7f0c9377f000 rw-p 00000000 00:00 0 
7f0c9377f000-7f0c9378f000 ---p 00000000 00:00 0 
7f0c9378f000-7f0c93790000 rw-p 00000000 00:00 0 
7f0c93790000-7f0c93b26000 ---p 00000000 00:00 0 
7f0c93b26000-7f0c93b53000 rw-p 00000000 00:00 0 
7f0c93b53000-7f0c93b63000 ---p 00000000 00:00 0 
7f0c93b63000-7f0c93b64000 rw-p 00000000 00:00 0 
7f0c93b64000-7f0c93efa000 ---p 00000000 00:00 0 
7f0c93efa000-7f0c93f27000 rw-p 00000000 00:00 0 
7f0c93f27000-7f0c93f37000 ---p 00000000 00:00 0 
7f0c93f37000-7f0c93f38000 rw-p 00000000 00:00 0 
7f0c93f38000-7f0c942ce000 ---p 00000000 00:00 0 
7f0c942ce000-7f0c945e2000 rw-p 00000000 00:00 0 
7f0c945e2000-7f0c947a4000 ---p 00000000 00:00 0 
7f0c947a4000-7f0c94a14000 rwxp 00000000 00:00 0 
7f0c94a14000-7f0c94e4b000 ---p 00000000 00:00 0 
7f0c94e4b000-7f0c9567b000 rwxp 00000000 00:00 0 
7f0c9567b000-7f0ca37a4000 ---p 00000000 00:00 0 
7f0ca37a4000-7f0cac000000 r--s 00000000 08:05 1583560                    /usr/lib/jvm/java-13-openjdk-amd64/lib/modules
7f0cac000000-7f0cacc0c000 rw-p 00000000 00:00 0 
7f0cacc0c000-7f0cb0000000 ---p 00000000 00:00 0 
7f0cb0003000-7f0cb014b000 rw-p 00000000 00:00 0 
7f0cb014b000-7f0cb0154000 ---p 00000000 00:00 0 
7f0cb0154000-7f0cb0156000 r--p 00000000 08:05 1583541                    /usr/lib/jvm/java-13-openjdk-amd64/lib/libjimage.so
7f0cb0156000-7f0cb0159000 r-xp 00002000 08:05 1583541                    /usr/lib/jvm/java-13-openjdk-amd64/lib/libjimage.so
7f0cb0159000-7f0cb015a000 r--p 00005000 08:05 1583541                    /usr/lib/jvm/java-13-openjdk-amd64/lib/libjimage.so
7f0cb015a000-7f0cb015b000 ---p 00006000 08:05 1583541                    /usr/lib/jvm/java-13-openjdk-amd64/lib/libjimage.so
7f0cb015b000-7f0cb015c000 r--p 00006000 08:05 1583541                    /usr/lib/jvm/java-13-openjdk-amd64/lib/libjimage.so
7f0cb015c000-7f0cb015d000 rw-p 00007000 08:05 1583541                    /usr/lib/jvm/java-13-openjdk-amd64/lib/libjimage.so
7f0cb015d000-7f0cb0160000 r--p 00000000 08:05 5644839                    /usr/lib/x86_64-linux-gnu/libnss_files-2.30.so
7f0cb0160000-7f0cb0167000 r-xp 00003000 08:05 5644839                    /usr/lib/x86_64-linux-gnu/libnss_files-2.30.so
7f0cb0167000-7f0cb0169000 r--p 0000a000 08:05 5644839                    /usr/lib/x86_64-linux-gnu/libnss_files-2.30.so
7f0cb0169000-7f0cb016a000 r--p 0000b000 08:05 5644839                    /usr/lib/x86_64-linux-gnu/libnss_files-2.30.so
7f0cb016a000-7f0cb016b000 rw-p 0000c000 08:05 5644839                    /usr/lib/x86_64-linux-gnu/libnss_files-2.30.so
7f0cb016b000-7f0cb0171000 rw-p 00000000 00:00 0 
7f0cb0172000-7f0cb0179000 r--s 00000000 08:05 133234                     /usr/lib/x86_64-linux-gnu/gconv/gconv-modules.cache
7f0cb0179000-7f0cb017b000 r--p 00000000 08:05 1583559                    /usr/lib/jvm/java-13-openjdk-amd64/lib/libzip.so
7f0cb017b000-7f0cb017f000 r-xp 00002000 08:05 1583559                    /usr/lib/jvm/java-13-openjdk-amd64/lib/libzip.so
7f0cb017f000-7f0cb0181000 r--p 00006000 08:05 1583559                    /usr/lib/jvm/java-13-openjdk-amd64/lib/libzip.so
7f0cb0181000-7f0cb0182000 r--p 00007000 08:05 1583559                    /usr/lib/jvm/java-13-openjdk-amd64/lib/libzip.so
7f0cb0182000-7f0cb0183000 rw-p 00008000 08:05 1583559                    /usr/lib/jvm/java-13-openjdk-amd64/lib/libzip.so
7f0cb0183000-7f0cb018b000 rw-s 00000000 08:05 5112139                    /tmp/hsperfdata_wmfsystem/5108
7f0cb018b000-7f0cb018d000 r--p 00000000 08:05 1583532                    /usr/lib/jvm/java-13-openjdk-amd64/lib/libinstrument.so
7f0cb018d000-7f0cb0193000 r-xp 00002000 08:05 1583532                    /usr/lib/jvm/java-13-openjdk-amd64/lib/libinstrument.so
7f0cb0193000-7f0cb0196000 r--p 00008000 08:05 1583532                    /usr/lib/jvm/java-13-openjdk-amd64/lib/libinstrument.so
7f0cb0196000-7f0cb0197000 r--p 0000a000 08:05 1583532                    /usr/lib/jvm/java-13-openjdk-amd64/lib/libinstrument.so
7f0cb0197000-7f0cb0198000 rw-p 0000b000 08:05 1583532                    /usr/lib/jvm/java-13-openjdk-amd64/lib/libinstrument.so
7f0cb0198000-7f0cb019a000 r--p 00000000 08:05 1583540                    /usr/lib/jvm/java-13-openjdk-amd64/lib/libjdwp.so
7f0cb019a000-7f0cb01c6000 r-xp 00002000 08:05 1583540                    /usr/lib/jvm/java-13-openjdk-amd64/lib/libjdwp.so
7f0cb01c6000-7f0cb01d4000 r--p 0002e000 08:05 1583540                    /usr/lib/jvm/java-13-openjdk-amd64/lib/libjdwp.so
7f0cb01d4000-7f0cb01d5000 r--p 0003b000 08:05 1583540                    /usr/lib/jvm/java-13-openjdk-amd64/lib/libjdwp.so
7f0cb01d5000-7f0cb01d6000 rw-p 0003c000 08:05 1583540                    /usr/lib/jvm/java-13-openjdk-amd64/lib/libjdwp.so
7f0cb01d6000-7f0cb01e3000 r--p 00000000 08:05 1583537                    /usr/lib/jvm/java-13-openjdk-amd64/lib/libjava.so
7f0cb01e3000-7f0cb01f8000 r-xp 0000d000 08:05 1583537                    /usr/lib/jvm/java-13-openjdk-amd64/lib/libjava.so
7f0cb01f8000-7f0cb01fe000 r--p 00022000 08:05 1583537                    /usr/lib/jvm/java-13-openjdk-amd64/lib/libjava.so
7f0cb01fe000-7f0cb01ff000 r--p 00027000 08:05 1583537                    /usr/lib/jvm/java-13-openjdk-amd64/lib/libjava.so
7f0cb01ff000-7f0cb0201000 rw-p 00028000 08:05 1583537                    /usr/lib/jvm/java-13-openjdk-amd64/lib/libjava.so
7f0cb0201000-7f0cb0205000 ---p 00000000 00:00 0 
7f0cb0205000-7f0cb0302000 rw-p 00000000 00:00 0 
7f0cb0302000-7f0cb0305000 r--p 00000000 08:05 5644353                    /usr/lib/x86_64-linux-gnu/libgcc_s.so.1
7f0cb0305000-7f0cb0316000 r-xp 00003000 08:05 5644353                    /usr/lib/x86_64-linux-gnu/libgcc_s.so.1
7f0cb0316000-7f0cb031a000 r--p 00014000 08:05 5644353                    /usr/lib/x86_64-linux-gnu/libgcc_s.so.1
7f0cb031a000-7f0cb031b000 r--p 00017000 08:05 5644353                    /usr/lib/x86_64-linux-gnu/libgcc_s.so.1
7f0cb031b000-7f0cb031c000 rw-p 00018000 08:05 5644353                    /usr/lib/x86_64-linux-gnu/libgcc_s.so.1
7f0cb031c000-7f0cb032b000 r--p 00000000 08:05 5644711                    /usr/lib/x86_64-linux-gnu/libm-2.30.so
7f0cb032b000-7f0cb03d2000 r-xp 0000f000 08:05 5644711                    /usr/lib/x86_64-linux-gnu/libm-2.30.so
7f0cb03d2000-7f0cb0469000 r--p 000b6000 08:05 5644711                    /usr/lib/x86_64-linux-gnu/libm-2.30.so
7f0cb0469000-7f0cb046a000 r--p 0014c000 08:05 5644711                    /usr/lib/x86_64-linux-gnu/libm-2.30.so
7f0cb046a000-7f0cb046b000 rw-p 0014d000 08:05 5644711                    /usr/lib/x86_64-linux-gnu/libm-2.30.so
7f0cb046b000-7f0cb0501000 r--p 00000000 08:05 5645157                    /usr/lib/x86_64-linux-gnu/libstdc++.so.6.0.28
7f0cb0501000-7f0cb05fe000 r-xp 00096000 08:05 5645157                    /usr/lib/x86_64-linux-gnu/libstdc++.so.6.0.28
7f0cb05fe000-7f0cb0648000 r--p 00193000 08:05 5645157                    /usr/lib/x86_64-linux-gnu/libstdc++.so.6.0.28
7f0cb0648000-7f0cb0653000 r--p 001dc000 08:05 5645157                    /usr/lib/x86_64-linux-gnu/libstdc++.so.6.0.28
7f0cb0653000-7f0cb0656000 rw-p 001e7000 08:05 5645157                    /usr/lib/x86_64-linux-gnu/libstdc++.so.6.0.28
7f0cb0656000-7f0cb0659000 rw-p 00000000 00:00 0 
7f0cb0659000-7f0cb08e4000 r--p 00000000 08:05 1583565                    /usr/lib/jvm/java-13-openjdk-amd64/lib/server/libjvm.so
7f0cb08e4000-7f0cb1660000 r-xp 0028b000 08:05 1583565                    /usr/lib/jvm/java-13-openjdk-amd64/lib/server/libjvm.so
7f0cb1660000-7f0cb18e0000 r--p 01007000 08:05 1583565                    /usr/lib/jvm/java-13-openjdk-amd64/lib/server/libjvm.so
7f0cb18e0000-7f0cb19a7000 r--p 01286000 08:05 1583565                    /usr/lib/jvm/java-13-openjdk-amd64/lib/server/libjvm.so
7f0cb19a7000-7f0cb19e3000 rw-p 0134d000 08:05 1583565                    /usr/lib/jvm/java-13-openjdk-amd64/lib/server/libjvm.so
7f0cb19e3000-7f0cb1a6a000 rw-p 00000000 00:00 0 
7f0cb1a6a000-7f0cb1a71000 r--p 00000000 08:05 5644983                    /usr/lib/x86_64-linux-gnu/libpthread-2.30.so
7f0cb1a71000-7f0cb1a82000 r-xp 00007000 08:05 5644983                    /usr/lib/x86_64-linux-gnu/libpthread-2.30.so
7f0cb1a82000-7f0cb1a87000 r--p 00018000 08:05 5644983                    /usr/lib/x86_64-linux-gnu/libpthread-2.30.so
7f0cb1a87000-7f0cb1a88000 r--p 0001c000 08:05 5644983                    /usr/lib/x86_64-linux-gnu/libpthread-2.30.so
7f0cb1a88000-7f0cb1a89000 rw-p 0001d000 08:05 5644983                    /usr/lib/x86_64-linux-gnu/libpthread-2.30.so
7f0cb1a89000-7f0cb1a8d000 rw-p 00000000 00:00 0 
7f0cb1a8d000-7f0cb1a8e000 r--p 00000000 08:05 5644212                    /usr/lib/x86_64-linux-gnu/libdl-2.30.so
7f0cb1a8e000-7f0cb1a90000 r-xp 00001000 08:05 5644212                    /usr/lib/x86_64-linux-gnu/libdl-2.30.so
7f0cb1a90000-7f0cb1a91000 r--p 00003000 08:05 5644212                    /usr/lib/x86_64-linux-gnu/libdl-2.30.so
7f0cb1a91000-7f0cb1a92000 r--p 00003000 08:05 5644212                    /usr/lib/x86_64-linux-gnu/libdl-2.30.so
7f0cb1a92000-7f0cb1a93000 rw-p 00004000 08:05 5644212                    /usr/lib/x86_64-linux-gnu/libdl-2.30.so
7f0cb1a93000-7f0cb1a95000 r--p 00000000 08:05 5645409                    /usr/lib/x86_64-linux-gnu/libz.so.1.2.11
7f0cb1a95000-7f0cb1aa6000 r-xp 00002000 08:05 5645409                    /usr/lib/x86_64-linux-gnu/libz.so.1.2.11
7f0cb1aa6000-7f0cb1aac000 r--p 00013000 08:05 5645409                    /usr/lib/x86_64-linux-gnu/libz.so.1.2.11
7f0cb1aac000-7f0cb1aad000 ---p 00019000 08:05 5645409                    /usr/lib/x86_64-linux-gnu/libz.so.1.2.11
7f0cb1aad000-7f0cb1aae000 r--p 00019000 08:05 5645409                    /usr/lib/x86_64-linux-gnu/libz.so.1.2.11
7f0cb1aae000-7f0cb1aaf000 rw-p 0001a000 08:05 5645409                    /usr/lib/x86_64-linux-gnu/libz.so.1.2.11
7f0cb1aaf000-7f0cb1ad4000 r--p 00000000 08:05 5644072                    /usr/lib/x86_64-linux-gnu/libc-2.30.so
7f0cb1ad4000-7f0cb1c4c000 r-xp 00025000 08:05 5644072                    /usr/lib/x86_64-linux-gnu/libc-2.30.so
7f0cb1c4c000-7f0cb1c96000 r--p 0019d000 08:05 5644072                    /usr/lib/x86_64-linux-gnu/libc-2.30.so
7f0cb1c96000-7f0cb1c99000 r--p 001e6000 08:05 5644072                    /usr/lib/x86_64-linux-gnu/libc-2.30.so
7f0cb1c99000-7f0cb1c9c000 rw-p 001e9000 08:05 5644072                    /usr/lib/x86_64-linux-gnu/libc-2.30.so
7f0cb1c9c000-7f0cb1ca0000 rw-p 00000000 00:00 0 
7f0cb1ca2000-7f0cb1ca4000 r--s 00001000 08:07 3685774                    /home/wmfsystem/App/idea-IU-192.7142.36/plugins/java/lib/rt/debugger-agent-storage.jar
7f0cb1ca4000-7f0cb1ca6000 r--s 0000c000 08:05 268396                     /usr/share/java/java-atk-wrapper.jar
7f0cb1ca6000-7f0cb1ca7000 ---p 00000000 00:00 0 
7f0cb1ca7000-7f0cb1ca8000 r--p 00000000 00:00 0 
7f0cb1ca8000-7f0cb1cad000 r--p 00000000 08:05 1583558                    /usr/lib/jvm/java-13-openjdk-amd64/lib/libverify.so
7f0cb1cad000-7f0cb1cb4000 r-xp 00005000 08:05 1583558                    /usr/lib/jvm/java-13-openjdk-amd64/lib/libverify.so
7f0cb1cb4000-7f0cb1cb6000 r--p 0000c000 08:05 1583558                    /usr/lib/jvm/java-13-openjdk-amd64/lib/libverify.so
7f0cb1cb6000-7f0cb1cb7000 ---p 0000e000 08:05 1583558                    /usr/lib/jvm/java-13-openjdk-amd64/lib/libverify.so
7f0cb1cb7000-7f0cb1cb9000 r--p 0000e000 08:05 1583558                    /usr/lib/jvm/java-13-openjdk-amd64/lib/libverify.so
7f0cb1cb9000-7f0cb1cba000 rw-p 00010000 08:05 1583558                    /usr/lib/jvm/java-13-openjdk-amd64/lib/libverify.so
7f0cb1cba000-7f0cb1cbd000 r--p 00000000 08:05 1583542                    /usr/lib/jvm/java-13-openjdk-amd64/lib/libjli.so
7f0cb1cbd000-7f0cb1cc7000 r-xp 00003000 08:05 1583542                    /usr/lib/jvm/java-13-openjdk-amd64/lib/libjli.so
7f0cb1cc7000-7f0cb1cca000 r--p 0000d000 08:05 1583542                    /usr/lib/jvm/java-13-openjdk-amd64/lib/libjli.so
7f0cb1cca000-7f0cb1ccb000 r--p 0000f000 08:05 1583542                    /usr/lib/jvm/java-13-openjdk-amd64/lib/libjli.so
7f0cb1ccb000-7f0cb1ccc000 rw-p 00010000 08:05 1583542                    /usr/lib/jvm/java-13-openjdk-amd64/lib/libjli.so
7f0cb1ccc000-7f0cb1cce000 rw-p 00000000 00:00 0 
7f0cb1cce000-7f0cb1ccf000 r--p 00000000 08:05 5643849                    /usr/lib/x86_64-linux-gnu/ld-2.30.so
7f0cb1ccf000-7f0cb1cf1000 r-xp 00001000 08:05 5643849                    /usr/lib/x86_64-linux-gnu/ld-2.30.so
7f0cb1cf1000-7f0cb1cf9000 r--p 00023000 08:05 5643849                    /usr/lib/x86_64-linux-gnu/ld-2.30.so
7f0cb1cf9000-7f0cb1cfa000 ---p 00000000 00:00 0 
7f0cb1cfa000-7f0cb1cfb000 r--p 0002b000 08:05 5643849                    /usr/lib/x86_64-linux-gnu/ld-2.30.so
7f0cb1cfb000-7f0cb1cfc000 rw-p 0002c000 08:05 5643849                    /usr/lib/x86_64-linux-gnu/ld-2.30.so
7f0cb1cfc000-7f0cb1cfd000 rw-p 00000000 00:00 0 
7fff8eee0000-7fff8ef04000 rw-p 00000000 00:00 0                          [stack]
7fff8ef62000-7fff8ef65000 r--p 00000000 00:00 0                          [vvar]
7fff8ef65000-7fff8ef66000 r-xp 00000000 00:00 0                          [vdso]
ffffffffff600000-ffffffffff601000 --xp 00000000 00:00 0                  [vsyscall]


VM Arguments:
jvm_args: -agentlib:jdwp=transport=dt_socket,address=127.0.0.1:48913,suspend=y,server=n -XX:TieredStopAtLevel=1 -Xverify:none -Dspring.output.ansi.enabled=always -Dcom.sun.management.jmxremote -Dspring.jmx.enabled=true -Dspring.liveBeansView.mbeanDomain -Dspring.application.admin.enabled=true -javaagent:/home/wmfsystem/App/idea-IU-192.7142.36/plugins/java/lib/rt/debugger-agent.jar -Dfile.encoding=UTF-8 
java_command: br.ufpr.dinf.gres.oplaapi.OplaApiApplication
java_class_path (initial): /home/wmfsystem/IdeaProjects/OPLA-Tool/modules/opla-api/target/classes:/home/wmfsystem/.m2/repository/org/springframework/boot/spring-boot-starter/2.2.4.RELEASE/spring-boot-starter-2.2.4.RELEASE.jar:/home/wmfsystem/.m2/repository/org/springframework/boot/spring-boot/2.2.4.RELEASE/spring-boot-2.2.4.RELEASE.jar:/home/wmfsystem/.m2/repository/org/springframework/spring-context/5.2.3.RELEASE/spring-context-5.2.3.RELEASE.jar:/home/wmfsystem/.m2/repository/org/springframework/boot/spring-boot-autoconfigure/2.2.4.RELEASE/spring-boot-autoconfigure-2.2.4.RELEASE.jar:/home/wmfsystem/.m2/repository/org/springframework/boot/spring-boot-starter-logging/2.2.4.RELEASE/spring-boot-starter-logging-2.2.4.RELEASE.jar:/home/wmfsystem/.m2/repository/ch/qos/logback/logback-classic/1.2.3/logback-classic-1.2.3.jar:/home/wmfsystem/.m2/repository/ch/qos/logback/logback-core/1.2.3/logback-core-1.2.3.jar:/home/wmfsystem/.m2/repository/org/apache/logging/log4j/log4j-to-slf4j/2.12.1/log4j-to-slf4j-2.12.1.jar:/home/wmfsystem/.m2/repository/org/apache/logging/log4j/log4j-api/2.3/log4j-api-2.3.jar:/home/wmfsystem/.m2/repository/org/slf4j/jul-to-slf4j/1.7.30/jul-to-slf4j-1.7.30.jar:/home/wmfsystem/.m2/repository/jakarta/annotation/jakarta.annotation-api/1.3.5/jakarta.annotation-api-1.3.5.jar:/home/wmfsystem/.m2/repository/org/springframework/spring-core/5.2.3.RELEASE/spring-core-5.2.3.RELEASE.jar:/home/wmfsystem/.m2/repository/org/springframework/spring-jcl/5.2.3.RELEASE/spring-jcl-5.2.3.RELEASE.jar:/home/wmfsystem/.m2/repository/org/yaml/snakeyaml/1.23/snakeyaml-1.23.jar:/home/wmfsystem/.m2/repository/org/springframework/boot/spring-boot-starter-web/2.2.4.RELEASE/spring-boot-starter-web-2.2.4.RELEASE.jar:/home/wmfsystem/.m2/repository/org/springframework/boot/spring-boot-starter-json/2.2.4.RELEASE/spring-boot-starter-json-2.2.4.RELEASE.jar:/home/wmfsystem/.m2/repository/com/fasterxml/jackson/core/jackson-databind/2.10.2/jackson-databind-2.10.2.jar:/home/wmfsystem/.m2/re
Launcher Type: SUN_STANDARD

[Global flags]
     intx CICompilerCount                          = 3                                         {product} {ergonomic}
     uint ConcGCThreads                            = 1                                         {product} {ergonomic}
     uint G1ConcRefinementThreads                  = 4                                         {product} {ergonomic}
   size_t G1HeapRegionSize                         = 1048576                                   {product} {ergonomic}
    uintx GCDrainStackTargetSize                   = 64                                        {product} {ergonomic}
   size_t InitialHeapSize                          = 130023424                                 {product} {ergonomic}
     bool ManagementServer                         = true                                      {product} {command line}
   size_t MarkStackSize                            = 4194304                                   {product} {ergonomic}
   size_t MaxHeapSize                              = 2055208960                                {product} {ergonomic}
   size_t MaxNewSize                               = 1233125376                                {product} {ergonomic}
   size_t MinHeapDeltaBytes                        = 1048576                                   {product} {ergonomic}
   size_t MinHeapSize                              = 8388608                                   {product} {ergonomic}
    uintx NonNMethodCodeHeapSize                   = 6973028                                {pd product} {ergonomic}
    uintx NonProfiledCodeHeapSize                  = 244685212                              {pd product} {ergonomic}
    uintx ProfiledCodeHeapSize                     = 0                                      {pd product} {ergonomic}
    uintx ReservedCodeCacheSize                    = 251658240                              {pd product} {ergonomic}
     bool SegmentedCodeCache                       = true                                      {product} {ergonomic}
   size_t SoftMaxHeapSize                          = 2055208960                             {manageable} {ergonomic}
     intx TieredStopAtLevel                        = 1                                         {product} {command line}
     bool UseCompressedClassPointers               = true                                 {lp64_product} {ergonomic}
     bool UseCompressedOops                        = true                                 {lp64_product} {ergonomic}
     bool UseG1GC                                  = true                                      {product} {ergonomic}

Logging:
Log output configuration:
 #0: stdout all=warning uptime,level,tags
 #1: stderr all=off uptime,level,tags

Environment Variables:
PATH=/home/wmfsystem/.local/bin:/usr/local/sbin:/usr/local/bin:/usr/sbin:/usr/bin:/sbin:/bin:/usr/games:/usr/local/games:/snap/bin
USERNAME=wmfsystem
SHELL=/bin/bash
DISPLAY=:0

Signal Handlers:
SIGSEGV: [libjvm.so+0xf8d890], sa_mask[0]=11111111011111111101111111111110, sa_flags=SA_RESTART|SA_SIGINFO
SIGBUS: [libjvm.so+0xf8d890], sa_mask[0]=11111111011111111101111111111110, sa_flags=SA_RESTART|SA_SIGINFO
SIGFPE: [libjvm.so+0xf8d890], sa_mask[0]=11111111011111111101111111111110, sa_flags=SA_RESTART|SA_SIGINFO
SIGPIPE: [libjvm.so+0xc3fba0], sa_mask[0]=11111111011111111101111111111110, sa_flags=SA_RESTART|SA_SIGINFO
SIGXFSZ: [libjvm.so+0xc3fba0], sa_mask[0]=11111111011111111101111111111110, sa_flags=SA_RESTART|SA_SIGINFO
SIGILL: [libjvm.so+0xf8d890], sa_mask[0]=11111111011111111101111111111110, sa_flags=SA_RESTART|SA_SIGINFO
SIGUSR2: [libjvm.so+0xc3fa40], sa_mask[0]=00100000000000000000000000000000, sa_flags=SA_RESTART|SA_SIGINFO
SIGHUP: [libjvm.so+0xc40180], sa_mask[0]=11111111011111111101111111111110, sa_flags=SA_RESTART|SA_SIGINFO
SIGINT: [libjvm.so+0xc40180], sa_mask[0]=11111111011111111101111111111110, sa_flags=SA_RESTART|SA_SIGINFO
SIGTERM: [libjvm.so+0xc40180], sa_mask[0]=11111111011111111101111111111110, sa_flags=SA_RESTART|SA_SIGINFO
SIGQUIT: [libjvm.so+0xc40180], sa_mask[0]=11111111011111111101111111111110, sa_flags=SA_RESTART|SA_SIGINFO


---------------  S Y S T E M  ---------------

OS:DISTRIB_ID=Ubuntu
DISTRIB_RELEASE=19.10
DISTRIB_CODENAME=eoan
DISTRIB_DESCRIPTION="Ubuntu 19.10"
uname:Linux 5.3.0-40-generic #32-Ubuntu SMP Fri Jan 31 20:24:34 UTC 2020 x86_64
libc:glibc 2.30 NPTL 2.30 
rlimit: STACK 8192k, CORE 0k, NPROC 31132, NOFILE 1048576, AS infinity, DATA infinity, FSIZE infinity
load average:5,38 6,26 5,38

/proc/meminfo:
MemTotal:        8024776 kB
MemFree:          811828 kB
MemAvailable:    1288300 kB
Buffers:           89992 kB
Cached:          1185320 kB
SwapCached:       218264 kB
Active:          5361336 kB
Inactive:        1344900 kB
Active(anon):    5029404 kB
Inactive(anon):  1049972 kB
Active(file):     331932 kB
Inactive(file):   294928 kB
Unevictable:       56152 kB
Mlocked:             176 kB
SwapTotal:       3905532 kB
SwapFree:        2803040 kB
Dirty:             61584 kB
Writeback:             0 kB
AnonPages:       5317240 kB
Mapped:           550588 kB
Shmem:            647424 kB
KReclaimable:     148104 kB
Slab:             275452 kB
SReclaimable:     148104 kB
SUnreclaim:       127348 kB
KernelStack:       18912 kB
PageTables:        56992 kB
NFS_Unstable:          0 kB
Bounce:                0 kB
WritebackTmp:          0 kB
CommitLimit:     7917920 kB
Committed_AS:   14933628 kB
VmallocTotal:   34359738367 kB
VmallocUsed:       35680 kB
VmallocChunk:          0 kB
Percpu:             2976 kB
HardwareCorrupted:     0 kB
AnonHugePages:         0 kB
ShmemHugePages:        0 kB
ShmemPmdMapped:        0 kB
CmaTotal:              0 kB
CmaFree:               0 kB
HugePages_Total:       0
HugePages_Free:        0
HugePages_Rsvd:        0
HugePages_Surp:        0
Hugepagesize:       2048 kB
Hugetlb:               0 kB
DirectMap4k:      440308 kB
DirectMap2M:     7821312 kB
DirectMap1G:           0 kB


/proc/sys/kernel/threads-max (system-wide limit on the number of threads):
62264


/proc/sys/vm/max_map_count (maximum number of memory map areas a process may have):
65530


/proc/sys/kernel/pid_max (system-wide limit on number of process identifiers):
32768



container (cgroup) information:
container_type: cgroupv1
cpu_cpuset_cpus: 0-3
cpu_memory_nodes: 0
active_processor_count: 4
cpu_quota: no quota
cpu_period: 100000
cpu_shares: no shares
memory_limit_in_bytes: unlimited
memory_and_swap_limit_in_bytes: not supported
memory_soft_limit_in_bytes: unlimited
memory_usage_in_bytes: 6962638848
memory_max_usage_in_bytes: 7762464768

Steal ticks since vm start: 0
Steal ticks percentage since vm start:  0,000

CPU:total 4 (initial active 4) (2 cores per cpu, 2 threads per core) family 6 model 142 stepping 9, cmov, cx8, fxsr, mmx, sse, sse2, sse3, ssse3, sse4.1, sse4.2, popcnt, avx, avx2, aes, clmul, erms, 3dnowpref, lzcnt, ht, tsc, tscinvbit, bmi1, bmi2, adx, fma
CPU Model and flags from /proc/cpuinfo:
model name	: Intel(R) Core(TM) i7-7500U CPU @ 2.70GHz
flags		: fpu vme de pse tsc msr pae mce cx8 apic sep mtrr pge mca cmov pat pse36 clflush dts acpi mmx fxsr sse sse2 ss ht tm pbe syscall nx pdpe1gb rdtscp lm constant_tsc art arch_perfmon pebs bts rep_good nopl xtopology nonstop_tsc cpuid aperfmperf pni pclmulqdq dtes64 monitor ds_cpl vmx est tm2 ssse3 sdbg fma cx16 xtpr pdcm pcid sse4_1 sse4_2 x2apic movbe popcnt tsc_deadline_timer aes xsave avx f16c rdrand lahf_lm abm 3dnowprefetch cpuid_fault epb invpcid_single pti ssbd ibrs ibpb stibp tpr_shadow vnmi flexpriority ept vpid ept_ad fsgsbase tsc_adjust bmi1 avx2 smep bmi2 erms invpcid mpx rdseed adx smap clflushopt intel_pt xsaveopt xsavec xgetbv1 xsaves dtherm ida arat pln pts hwp hwp_notify hwp_act_window hwp_epp md_clear flush_l1d

Memory: 4k page, physical 8024776k(811828k free), swap 3905532k(2803040k free)

vm_info: OpenJDK 64-Bit Server VM (13+33-Ubuntu-1) for linux-amd64 JRE (13+33-Ubuntu-1), built on Sep  6 2019 06:27:30 by "buildd" with gcc 9.2.1 20190909

END.
